<?xml version="1.0" encoding="UTF-8"?>
<!-- Generated by org.testng.reporters.JUnitXMLReporter -->
<testsuite ignored="0" hostname="DESKTOP-3CFAGCH" failures="0" tests="4" name="FirefoxTest" time="59.332" errors="0" timestamp="2021-10-23T15:20:59 SGT">
  <testcase classname="runner.TestRunner" name="scenario" time="6.617"/>
  <testcase classname="runner.TestRunner" name="scenario" time="6.689"/>
  <testcase classname="runner.TestRunner" name="scenario" time="9.405"/>
  <testcase classname="runner.TestRunner" name="scenario" time="9.307"/>
</testsuite> <!-- FirefoxTest -->
