<?xml version="1.0" encoding="UTF-8"?>
<testng-results skipped="0" failed="0" ignored="0" total="236" passed="236">
  <reporter-output>
    <line>
      <![CDATA[Based on what you've told us
You get help with NHS costs]]>
    </line>
    <line>
      <![CDATA[Based on what you've told us
You get help with NHS costs]]>
    </line>
    <line>
      <![CDATA[Based on what you've told us
You get help with NHS costs]]>
    </line>
    <line>
      <![CDATA[Based on what you've told us
You get help with NHS costs]]>
    </line>
    <line>
      <![CDATA[Based on what you've told us
You get help with NHS costs]]>
    </line>
    <line>
      <![CDATA[Based on what you've told us
You get help with NHS costs]]>
    </line>
    <line>
      <![CDATA[Based on what you've told us
You can apply for help with NHS costs]]>
    </line>
    <line>
      <![CDATA[Based on what you've told us
You can apply for help with NHS costs]]>
    </line>
    <line>
      <![CDATA[Based on what you've told us
You get help with NHS costs]]>
    </line>
    <line>
      <![CDATA[Based on what you've told us
You get help with NHS costs]]>
    </line>
    <line>
      <![CDATA[Based on what you've told us
You can apply for help with NHS costs]]>
    </line>
    <line>
      <![CDATA[Based on what you've told us
You can apply for help with NHS costs]]>
    </line>
    <line>
      <![CDATA[Based on what you've told us
You get help with NHS costs]]>
    </line>
    <line>
      <![CDATA[Based on what you've told us
You get help with NHS costs]]>
    </line>
    <line>
      <![CDATA[Based on what you've told us
You get help with NHS costs]]>
    </line>
    <line>
      <![CDATA[Based on what you've told us
You get help with NHS costs]]>
    </line>
    <line>
      <![CDATA[Based on what you've told us
You get help with NHS costs]]>
    </line>
    <line>
      <![CDATA[Based on what you've told us
You get help with NHS costs]]>
    </line>
    <line>
      <![CDATA[Based on what you've told us
You can apply for help with NHS costs]]>
    </line>
    <line>
      <![CDATA[Based on what you've told us
You can apply for help with NHS costs]]>
    </line>
    <line>
      <![CDATA[Based on what you've told us
You can apply for help with NHS costs]]>
    </line>
    <line>
      <![CDATA[Based on what you've told us
You can apply for help with NHS costs]]>
    </line>
    <line>
      <![CDATA[Based on what you've told us
You get help with NHS costs]]>
    </line>
    <line>
      <![CDATA[Based on what you've told us
You get help with NHS costs]]>
    </line>
    <line>
      <![CDATA[Based on what you've told us
You get help with NHS costs]]>
    </line>
    <line>
      <![CDATA[Based on what you've told us
You get help with NHS costs]]>
    </line>
    <line>
      <![CDATA[Based on what you've told us
You can apply for help with NHS costs]]>
    </line>
    <line>
      <![CDATA[Based on what you've told us
You can apply for help with NHS costs]]>
    </line>
    <line>
      <![CDATA[Based on what you've told us
You get help with NHS costs]]>
    </line>
    <line>
      <![CDATA[Based on what you've told us
You get help with NHS costs]]>
    </line>
    <line>
      <![CDATA[Based on what you've told us
You get help with NHS costs]]>
    </line>
    <line>
      <![CDATA[Based on what you've told us
You get help with NHS costs]]>
    </line>
    <line>
      <![CDATA[Based on what you've told us
You get help with NHS costs]]>
    </line>
    <line>
      <![CDATA[Based on what you've told us
You get help with NHS costs]]>
    </line>
    <line>
      <![CDATA[Based on what you've told us
You can apply for help with NHS costs]]>
    </line>
    <line>
      <![CDATA[Based on what you've told us
You can apply for help with NHS costs]]>
    </line>
    <line>
      <![CDATA[Based on what you've told us
You get help with NHS costs]]>
    </line>
    <line>
      <![CDATA[Based on what you've told us
You get help with NHS costs]]>
    </line>
    <line>
      <![CDATA[Based on what you've told us
You get help with NHS costs]]>
    </line>
    <line>
      <![CDATA[Based on what you've told us
You get help with NHS costs]]>
    </line>
    <line>
      <![CDATA[Based on what you've told us
You get help with NHS costs]]>
    </line>
    <line>
      <![CDATA[Based on what you've told us
You get help with NHS costs]]>
    </line>
    <line>
      <![CDATA[Based on what you've told us
You can apply for help with NHS costs]]>
    </line>
    <line>
      <![CDATA[Based on what you've told us
You can apply for help with NHS costs]]>
    </line>
    <line>
      <![CDATA[Based on what you've told us
You get help with NHS costs]]>
    </line>
    <line>
      <![CDATA[Based on what you've told us
You get help with NHS costs]]>
    </line>
    <line>
      <![CDATA[Based on what you've told us
You get help with NHS costs]]>
    </line>
    <line>
      <![CDATA[Based on what you've told us
You get help with NHS costs]]>
    </line>
    <line>
      <![CDATA[Based on what you've told us
You get help with NHS costs]]>
    </line>
    <line>
      <![CDATA[Based on what you've told us
You get help with NHS costs]]>
    </line>
    <line>
      <![CDATA[Based on what you've told us
You get help with NHS costs]]>
    </line>
    <line>
      <![CDATA[Based on what you've told us
You get help with NHS costs]]>
    </line>
    <line>
      <![CDATA[Based on what you've told us
You can apply for help with NHS costs]]>
    </line>
    <line>
      <![CDATA[Based on what you've told us
You can apply for help with NHS costs]]>
    </line>
    <line>
      <![CDATA[Based on what you've told us
You can apply for help with NHS costs]]>
    </line>
    <line>
      <![CDATA[Based on what you've told us
You can apply for help with NHS costs]]>
    </line>
    <line>
      <![CDATA[Based on what you've told us
You get help with NHS costs]]>
    </line>
    <line>
      <![CDATA[Based on what you've told us
You get help with NHS costs]]>
    </line>
    <line>
      <![CDATA[Based on what you've told us
You get help with NHS costs]]>
    </line>
    <line>
      <![CDATA[Based on what you've told us
You get help with NHS costs]]>
    </line>
    <line>
      <![CDATA[Based on what you've told us
You can apply for help with NHS costs]]>
    </line>
    <line>
      <![CDATA[Based on what you've told us
You can apply for help with NHS costs]]>
    </line>
    <line>
      <![CDATA[Based on what you've told us
You get help with NHS costs]]>
    </line>
    <line>
      <![CDATA[Based on what you've told us
You get help with NHS costs]]>
    </line>
    <line>
      <![CDATA[Based on what you've told us
You get help with NHS costs]]>
    </line>
    <line>
      <![CDATA[Based on what you've told us
You get help with NHS costs]]>
    </line>
    <line>
      <![CDATA[Based on what you've told us
You get help with NHS costs]]>
    </line>
    <line>
      <![CDATA[Based on what you've told us
You get help with NHS costs]]>
    </line>
    <line>
      <![CDATA[Based on what you've told us
You get help with NHS costs]]>
    </line>
    <line>
      <![CDATA[Based on what you've told us
You get help with NHS costs]]>
    </line>
    <line>
      <![CDATA[Based on what you've told us
You can apply for help with NHS costs]]>
    </line>
    <line>
      <![CDATA[Based on what you've told us
You can apply for help with NHS costs]]>
    </line>
    <line>
      <![CDATA[Based on what you've told us
You can apply for help with NHS costs]]>
    </line>
    <line>
      <![CDATA[Based on what you've told us
You can apply for help with NHS costs]]>
    </line>
    <line>
      <![CDATA[Based on what you've told us
You get help with NHS costs]]>
    </line>
    <line>
      <![CDATA[Based on what you've told us
You get help with NHS costs]]>
    </line>
    <line>
      <![CDATA[Based on what you've told us
You get help with NHS costs]]>
    </line>
    <line>
      <![CDATA[Based on what you've told us
You get help with NHS costs]]>
    </line>
    <line>
      <![CDATA[Based on what you've told us
You can apply for help with NHS costs]]>
    </line>
    <line>
      <![CDATA[Based on what you've told us
You can apply for help with NHS costs]]>
    </line>
    <line>
      <![CDATA[Based on what you've told us
You get help with NHS costs]]>
    </line>
    <line>
      <![CDATA[Based on what you've told us
You get help with NHS costs]]>
    </line>
    <line>
      <![CDATA[Based on what you've told us
You get help with NHS costs]]>
    </line>
    <line>
      <![CDATA[Based on what you've told us
You get help with NHS costs]]>
    </line>
    <line>
      <![CDATA[Based on what you've told us
You get help with NHS costs]]>
    </line>
    <line>
      <![CDATA[Based on what you've told us
You get help with NHS costs]]>
    </line>
    <line>
      <![CDATA[Based on what you've told us
You can apply for help with NHS costs]]>
    </line>
    <line>
      <![CDATA[Based on what you've told us
You can apply for help with NHS costs]]>
    </line>
    <line>
      <![CDATA[Based on what you've told us
You get help with NHS costs]]>
    </line>
    <line>
      <![CDATA[Based on what you've told us
You get help with NHS costs]]>
    </line>
    <line>
      <![CDATA[Based on what you've told us
You get help with NHS costs]]>
    </line>
    <line>
      <![CDATA[Based on what you've told us
You get help with NHS costs]]>
    </line>
    <line>
      <![CDATA[Based on what you've told us
You get help with NHS costs]]>
    </line>
    <line>
      <![CDATA[Based on what you've told us
You get help with NHS costs]]>
    </line>
    <line>
      <![CDATA[Based on what you've told us
You can apply for help with NHS costs]]>
    </line>
    <line>
      <![CDATA[Based on what you've told us
You can apply for help with NHS costs]]>
    </line>
    <line>
      <![CDATA[Based on what you've told us
You get help with NHS costs]]>
    </line>
    <line>
      <![CDATA[Based on what you've told us
You get help with NHS costs]]>
    </line>
    <line>
      <![CDATA[Based on what you've told us
You get help with NHS costs]]>
    </line>
    <line>
      <![CDATA[Based on what you've told us
You get help with NHS costs]]>
    </line>
    <line>
      <![CDATA[Based on what you've told us
You get help with NHS costs]]>
    </line>
    <line>
      <![CDATA[Based on what you've told us
You get help with NHS costs]]>
    </line>
    <line>
      <![CDATA[Based on what you've told us
You get help with NHS costs]]>
    </line>
    <line>
      <![CDATA[Based on what you've told us
You get help with NHS costs]]>
    </line>
    <line>
      <![CDATA[Based on what you've told us
You can apply for help with NHS costs]]>
    </line>
    <line>
      <![CDATA[Based on what you've told us
You can apply for help with NHS costs]]>
    </line>
    <line>
      <![CDATA[Based on what you've told us
You can apply for help with NHS costs]]>
    </line>
    <line>
      <![CDATA[Based on what you've told us
You can apply for help with NHS costs]]>
    </line>
    <line>
      <![CDATA[Based on what you've told us
You get help with NHS costs]]>
    </line>
    <line>
      <![CDATA[Based on what you've told us
You get help with NHS costs]]>
    </line>
    <line>
      <![CDATA[Based on what you've told us
You get help with NHS costs]]>
    </line>
    <line>
      <![CDATA[Based on what you've told us
You get help with NHS costs]]>
    </line>
    <line>
      <![CDATA[Based on what you've told us
You can apply for help with NHS costs]]>
    </line>
    <line>
      <![CDATA[Based on what you've told us
You can apply for help with NHS costs]]>
    </line>
    <line>
      <![CDATA[Based on what you've told us
You get help with NHS costs]]>
    </line>
    <line>
      <![CDATA[Based on what you've told us
You get help with NHS costs]]>
    </line>
    <line>
      <![CDATA[Based on what you've told us
You get help with NHS costs]]>
    </line>
    <line>
      <![CDATA[Based on what you've told us
You get help with NHS costs]]>
    </line>
    <line>
      <![CDATA[Based on what you've told us
You get help with NHS costs]]>
    </line>
    <line>
      <![CDATA[Based on what you've told us
You get help with NHS costs]]>
    </line>
    <line>
      <![CDATA[Based on what you've told us
You get help with NHS costs]]>
    </line>
    <line>
      <![CDATA[Based on what you've told us
You get help with NHS costs]]>
    </line>
    <line>
      <![CDATA[Based on what you've told us
You get help with NHS costs]]>
    </line>
    <line>
      <![CDATA[Based on what you've told us
You get help with NHS costs]]>
    </line>
    <line>
      <![CDATA[Based on what you've told us
You can apply for help with NHS costs]]>
    </line>
    <line>
      <![CDATA[Based on what you've told us
You can apply for help with NHS costs]]>
    </line>
    <line>
      <![CDATA[Based on what you've told us
You get help with NHS costs]]>
    </line>
    <line>
      <![CDATA[Based on what you've told us
You get help with NHS costs]]>
    </line>
    <line>
      <![CDATA[Based on what you've told us
You can apply for help with NHS costs]]>
    </line>
    <line>
      <![CDATA[Based on what you've told us
You can apply for help with NHS costs]]>
    </line>
    <line>
      <![CDATA[Based on what you've told us
You get help with NHS costs]]>
    </line>
    <line>
      <![CDATA[Based on what you've told us
You get help with NHS costs]]>
    </line>
    <line>
      <![CDATA[Based on what you've told us
You get help with NHS costs]]>
    </line>
    <line>
      <![CDATA[Based on what you've told us
You get help with NHS costs]]>
    </line>
    <line>
      <![CDATA[Based on what you've told us
You get help with NHS costs]]>
    </line>
    <line>
      <![CDATA[Based on what you've told us
You get help with NHS costs]]>
    </line>
    <line>
      <![CDATA[Based on what you've told us
You can apply for help with NHS costs]]>
    </line>
    <line>
      <![CDATA[Based on what you've told us
You can apply for help with NHS costs]]>
    </line>
    <line>
      <![CDATA[Based on what you've told us
You can apply for help with NHS costs]]>
    </line>
    <line>
      <![CDATA[Based on what you've told us
You can apply for help with NHS costs]]>
    </line>
    <line>
      <![CDATA[Based on what you've told us
You get help with NHS costs]]>
    </line>
    <line>
      <![CDATA[Based on what you've told us
You get help with NHS costs]]>
    </line>
    <line>
      <![CDATA[Based on what you've told us
You get help with NHS costs]]>
    </line>
    <line>
      <![CDATA[Based on what you've told us
You get help with NHS costs]]>
    </line>
    <line>
      <![CDATA[Based on what you've told us
You can apply for help with NHS costs]]>
    </line>
    <line>
      <![CDATA[Based on what you've told us
You can apply for help with NHS costs]]>
    </line>
    <line>
      <![CDATA[Based on what you've told us
You get help with NHS costs]]>
    </line>
    <line>
      <![CDATA[Based on what you've told us
You get help with NHS costs]]>
    </line>
    <line>
      <![CDATA[Based on what you've told us
You get help with NHS costs]]>
    </line>
    <line>
      <![CDATA[Based on what you've told us
You get help with NHS costs]]>
    </line>
    <line>
      <![CDATA[Based on what you've told us
You get help with NHS costs]]>
    </line>
    <line>
      <![CDATA[Based on what you've told us
You get help with NHS costs]]>
    </line>
    <line>
      <![CDATA[Based on what you've told us
You can apply for help with NHS costs]]>
    </line>
    <line>
      <![CDATA[Based on what you've told us
You can apply for help with NHS costs]]>
    </line>
    <line>
      <![CDATA[Based on what you've told us
You get help with NHS costs]]>
    </line>
    <line>
      <![CDATA[Based on what you've told us
You get help with NHS costs]]>
    </line>
    <line>
      <![CDATA[Based on what you've told us
You get help with NHS costs]]>
    </line>
    <line>
      <![CDATA[Based on what you've told us
You get help with NHS costs]]>
    </line>
    <line>
      <![CDATA[Based on what you've told us
You get help with NHS costs]]>
    </line>
    <line>
      <![CDATA[Based on what you've told us
You get help with NHS costs]]>
    </line>
    <line>
      <![CDATA[Based on what you've told us
You can apply for help with NHS costs]]>
    </line>
    <line>
      <![CDATA[Based on what you've told us
You can apply for help with NHS costs]]>
    </line>
    <line>
      <![CDATA[Based on what you've told us
You get help with NHS costs]]>
    </line>
    <line>
      <![CDATA[Based on what you've told us
You get help with NHS costs]]>
    </line>
    <line>
      <![CDATA[Based on what you've told us
You get help with NHS costs]]>
    </line>
    <line>
      <![CDATA[Based on what you've told us
You get help with NHS costs]]>
    </line>
    <line>
      <![CDATA[Based on what you've told us
You get help with NHS costs]]>
    </line>
    <line>
      <![CDATA[Based on what you've told us
You get help with NHS costs]]>
    </line>
    <line>
      <![CDATA[Based on what you've told us
You get help with NHS costs]]>
    </line>
    <line>
      <![CDATA[Based on what you've told us
You get help with NHS costs]]>
    </line>
    <line>
      <![CDATA[Based on what you've told us
You can apply for help with NHS costs]]>
    </line>
    <line>
      <![CDATA[Based on what you've told us
You can apply for help with NHS costs]]>
    </line>
    <line>
      <![CDATA[Based on what you've told us
You can apply for help with NHS costs]]>
    </line>
    <line>
      <![CDATA[Based on what you've told us
You can apply for help with NHS costs]]>
    </line>
    <line>
      <![CDATA[Based on what you've told us
You get help with NHS costs]]>
    </line>
    <line>
      <![CDATA[Based on what you've told us
You get help with NHS costs]]>
    </line>
    <line>
      <![CDATA[Based on what you've told us
You get help with NHS costs]]>
    </line>
    <line>
      <![CDATA[Based on what you've told us
You get help with NHS costs]]>
    </line>
    <line>
      <![CDATA[Based on what you've told us
You can apply for help with NHS costs]]>
    </line>
    <line>
      <![CDATA[Based on what you've told us
You can apply for help with NHS costs]]>
    </line>
    <line>
      <![CDATA[Based on what you've told us
You get help with NHS costs]]>
    </line>
    <line>
      <![CDATA[Based on what you've told us
You get help with NHS costs]]>
    </line>
    <line>
      <![CDATA[Based on what you've told us
You get help with NHS costs]]>
    </line>
    <line>
      <![CDATA[Based on what you've told us
You get help with NHS costs]]>
    </line>
    <line>
      <![CDATA[Based on what you've told us
You get help with NHS costs]]>
    </line>
    <line>
      <![CDATA[Based on what you've told us
You get help with NHS costs]]>
    </line>
    <line>
      <![CDATA[Based on what you've told us
You get help with NHS costs]]>
    </line>
    <line>
      <![CDATA[Based on what you've told us
You get help with NHS costs]]>
    </line>
    <line>
      <![CDATA[Based on what you've told us
You can apply for help with NHS costs]]>
    </line>
    <line>
      <![CDATA[Based on what you've told us
You can apply for help with NHS costs]]>
    </line>
    <line>
      <![CDATA[Based on what you've told us
You can apply for help with NHS costs]]>
    </line>
    <line>
      <![CDATA[Based on what you've told us
You can apply for help with NHS costs]]>
    </line>
    <line>
      <![CDATA[Based on what you've told us
You get help with NHS costs]]>
    </line>
    <line>
      <![CDATA[Based on what you've told us
You get help with NHS costs]]>
    </line>
    <line>
      <![CDATA[Based on what you've told us
You get help with NHS costs]]>
    </line>
    <line>
      <![CDATA[Based on what you've told us
You get help with NHS costs]]>
    </line>
    <line>
      <![CDATA[Based on what you've told us
You can apply for help with NHS costs]]>
    </line>
    <line>
      <![CDATA[Based on what you've told us
You can apply for help with NHS costs]]>
    </line>
    <line>
      <![CDATA[Based on what you've told us
You get help with NHS costs]]>
    </line>
    <line>
      <![CDATA[Based on what you've told us
You get help with NHS costs]]>
    </line>
    <line>
      <![CDATA[Based on what you've told us
You get help with NHS costs]]>
    </line>
    <line>
      <![CDATA[Based on what you've told us
You get help with NHS costs]]>
    </line>
    <line>
      <![CDATA[Based on what you've told us
You get help with NHS costs]]>
    </line>
    <line>
      <![CDATA[Based on what you've told us
You get help with NHS costs]]>
    </line>
    <line>
      <![CDATA[Based on what you've told us
You can apply for help with NHS costs]]>
    </line>
    <line>
      <![CDATA[Based on what you've told us
You can apply for help with NHS costs]]>
    </line>
    <line>
      <![CDATA[Based on what you've told us
You get help with NHS costs]]>
    </line>
    <line>
      <![CDATA[Based on what you've told us
You get help with NHS costs]]>
    </line>
    <line>
      <![CDATA[Based on what you've told us
You get help with NHS costs]]>
    </line>
    <line>
      <![CDATA[Based on what you've told us
You get help with NHS costs]]>
    </line>
    <line>
      <![CDATA[Based on what you've told us
You get help with NHS costs]]>
    </line>
    <line>
      <![CDATA[Based on what you've told us
You get help with NHS costs]]>
    </line>
    <line>
      <![CDATA[Based on what you've told us
You can apply for help with NHS costs]]>
    </line>
    <line>
      <![CDATA[Based on what you've told us
You can apply for help with NHS costs]]>
    </line>
    <line>
      <![CDATA[Based on what you've told us
You get help with NHS costs]]>
    </line>
    <line>
      <![CDATA[Based on what you've told us
You get help with NHS costs]]>
    </line>
    <line>
      <![CDATA[Based on what you've told us
You get help with NHS costs]]>
    </line>
    <line>
      <![CDATA[Based on what you've told us
You get help with NHS costs]]>
    </line>
    <line>
      <![CDATA[Based on what you've told us
You get help with NHS costs]]>
    </line>
    <line>
      <![CDATA[Based on what you've told us
You get help with NHS costs]]>
    </line>
    <line>
      <![CDATA[Based on what you've told us
You get help with NHS costs]]>
    </line>
    <line>
      <![CDATA[Based on what you've told us
You get help with NHS costs]]>
    </line>
    <line>
      <![CDATA[Based on what you've told us
You can apply for help with NHS costs]]>
    </line>
    <line>
      <![CDATA[Based on what you've told us
You can apply for help with NHS costs]]>
    </line>
    <line>
      <![CDATA[Based on what you've told us
You can apply for help with NHS costs]]>
    </line>
    <line>
      <![CDATA[Based on what you've told us
You can apply for help with NHS costs]]>
    </line>
    <line>
      <![CDATA[Based on what you've told us
You get help with NHS costs]]>
    </line>
    <line>
      <![CDATA[Based on what you've told us
You get help with NHS costs]]>
    </line>
    <line>
      <![CDATA[Based on what you've told us
You get help with NHS costs]]>
    </line>
    <line>
      <![CDATA[Based on what you've told us
You get help with NHS costs]]>
    </line>
    <line>
      <![CDATA[Based on what you've told us
You can apply for help with NHS costs]]>
    </line>
    <line>
      <![CDATA[Based on what you've told us
You can apply for help with NHS costs]]>
    </line>
    <line>
      <![CDATA[Based on what you've told us
You get help with NHS costs]]>
    </line>
    <line>
      <![CDATA[Based on what you've told us
You get help with NHS costs]]>
    </line>
    <line>
      <![CDATA[Based on what you've told us
You get help with NHS costs]]>
    </line>
    <line>
      <![CDATA[Based on what you've told us
You get help with NHS costs]]>
    </line>
  </reporter-output>
  <suite name="NHSBSACostChecker" duration-ms="4270328" started-at="2021-10-24T18:47:03 SGT" finished-at="2021-10-24T19:58:13 SGT">
    <groups>
      <group name="cucumber">
        <method signature="TestRunner.scenario(io.cucumber.testng.PickleWrapper,io.cucumber.testng.FeatureWrapper)[pri:0, instance:runner.TestRunner@4bbfb90a]" name="scenario" class="runner.TestRunner"/>
        <method signature="TestRunner.scenario(io.cucumber.testng.PickleWrapper,io.cucumber.testng.FeatureWrapper)[pri:0, instance:runner.TestRunner@2d8f65a4]" name="scenario" class="runner.TestRunner"/>
      </group> <!-- cucumber -->
    </groups>
    <test name="ChromeTest" duration-ms="1602814" started-at="2021-10-24T18:47:03 SGT" finished-at="2021-10-24T19:13:46 SGT">
      <class name="runner.TestRunner">
        <test-method status="PASS" signature="setUpClass()[pri:0, instance:runner.TestRunner@4bbfb90a]" name="setUpClass" is-config="true" duration-ms="788" started-at="2021-10-24T18:47:03 SGT" finished-at="2021-10-24T18:47:04 SGT">
          <reporter-output>
          </reporter-output>
        </test-method> <!-- setUpClass -->
        <test-method status="PASS" signature="setUpBrowser(java.lang.String)[pri:0, instance:runner.TestRunner@4bbfb90a]" name="setUpBrowser" is-config="true" duration-ms="5978" started-at="2021-10-24T18:47:04 SGT" finished-at="2021-10-24T18:47:10 SGT">
          <params>
            <param index="0">
              <value>
                <![CDATA[chrome]]>
              </value>
            </param>
          </params>
          <reporter-output>
          </reporter-output>
        </test-method> <!-- setUpBrowser -->
        <test-method status="PASS" signature="scenario(io.cucumber.testng.PickleWrapper,io.cucumber.testng.FeatureWrapper)[pri:0, instance:runner.TestRunner@4bbfb90a]" name="scenario" duration-ms="6347" started-at="2021-10-24T18:47:10 SGT" description="Runs Cucumber Scenarios" data-provider="scenarios" finished-at="2021-10-24T18:47:16 SGT">
          <params>
            <param index="0">
              <value>
                <![CDATA["NHS Eligibility checker with claiming benefits"]]>
              </value>
            </param>
            <param index="1">
              <value>
                <![CDATA["Optional[As a person from Wales]"]]>
              </value>
            </param>
          </params>
          <reporter-output>
            <line>
              <![CDATA[Based on what you've told us
You get help with NHS costs]]>
            </line>
          </reporter-output>
        </test-method> <!-- scenario -->
        <test-method status="PASS" signature="tearDownBrowser()[pri:0, instance:runner.TestRunner@4bbfb90a]" name="tearDownBrowser" is-config="true" duration-ms="677" started-at="2021-10-24T18:47:16 SGT" finished-at="2021-10-24T18:47:17 SGT">
          <reporter-output>
          </reporter-output>
        </test-method> <!-- tearDownBrowser -->
        <test-method status="PASS" signature="setUpBrowser(java.lang.String)[pri:0, instance:runner.TestRunner@4bbfb90a]" name="setUpBrowser" is-config="true" duration-ms="3288" started-at="2021-10-24T18:47:17 SGT" finished-at="2021-10-24T18:47:20 SGT">
          <params>
            <param index="0">
              <value>
                <![CDATA[chrome]]>
              </value>
            </param>
          </params>
          <reporter-output>
          </reporter-output>
        </test-method> <!-- setUpBrowser -->
        <test-method status="PASS" signature="scenario(io.cucumber.testng.PickleWrapper,io.cucumber.testng.FeatureWrapper)[pri:0, instance:runner.TestRunner@4bbfb90a]" name="scenario" duration-ms="6186" started-at="2021-10-24T18:47:20 SGT" description="Runs Cucumber Scenarios" data-provider="scenarios" finished-at="2021-10-24T18:47:26 SGT">
          <params>
            <param index="0">
              <value>
                <![CDATA["NHS Eligibility checker with claiming benefits"]]>
              </value>
            </param>
            <param index="1">
              <value>
                <![CDATA["Optional[As a person from Wales]"]]>
              </value>
            </param>
          </params>
          <reporter-output>
            <line>
              <![CDATA[Based on what you've told us
You get help with NHS costs]]>
            </line>
          </reporter-output>
        </test-method> <!-- scenario -->
        <test-method status="PASS" signature="tearDownBrowser()[pri:0, instance:runner.TestRunner@4bbfb90a]" name="tearDownBrowser" is-config="true" duration-ms="665" started-at="2021-10-24T18:47:26 SGT" finished-at="2021-10-24T18:47:27 SGT">
          <reporter-output>
          </reporter-output>
        </test-method> <!-- tearDownBrowser -->
        <test-method status="PASS" signature="setUpBrowser(java.lang.String)[pri:0, instance:runner.TestRunner@4bbfb90a]" name="setUpBrowser" is-config="true" duration-ms="3651" started-at="2021-10-24T18:47:27 SGT" finished-at="2021-10-24T18:47:31 SGT">
          <params>
            <param index="0">
              <value>
                <![CDATA[chrome]]>
              </value>
            </param>
          </params>
          <reporter-output>
          </reporter-output>
        </test-method> <!-- setUpBrowser -->
        <test-method status="PASS" signature="scenario(io.cucumber.testng.PickleWrapper,io.cucumber.testng.FeatureWrapper)[pri:0, instance:runner.TestRunner@4bbfb90a]" name="scenario" duration-ms="7733" started-at="2021-10-24T18:47:31 SGT" description="Runs Cucumber Scenarios" data-provider="scenarios" finished-at="2021-10-24T18:47:38 SGT">
          <params>
            <param index="0">
              <value>
                <![CDATA["NHS Eligibility checker without claiming benefits"]]>
              </value>
            </param>
            <param index="1">
              <value>
                <![CDATA["Optional[As a person from Wales]"]]>
              </value>
            </param>
          </params>
          <reporter-output>
            <line>
              <![CDATA[Based on what you've told us
You get help with NHS costs]]>
            </line>
          </reporter-output>
        </test-method> <!-- scenario -->
        <test-method status="PASS" signature="tearDownBrowser()[pri:0, instance:runner.TestRunner@4bbfb90a]" name="tearDownBrowser" is-config="true" duration-ms="639" started-at="2021-10-24T18:47:38 SGT" finished-at="2021-10-24T18:47:39 SGT">
          <reporter-output>
          </reporter-output>
        </test-method> <!-- tearDownBrowser -->
        <test-method status="PASS" signature="setUpBrowser(java.lang.String)[pri:0, instance:runner.TestRunner@4bbfb90a]" name="setUpBrowser" is-config="true" duration-ms="3357" started-at="2021-10-24T18:47:39 SGT" finished-at="2021-10-24T18:47:42 SGT">
          <params>
            <param index="0">
              <value>
                <![CDATA[chrome]]>
              </value>
            </param>
          </params>
          <reporter-output>
          </reporter-output>
        </test-method> <!-- setUpBrowser -->
        <test-method status="PASS" signature="scenario(io.cucumber.testng.PickleWrapper,io.cucumber.testng.FeatureWrapper)[pri:0, instance:runner.TestRunner@4bbfb90a]" name="scenario" duration-ms="7931" started-at="2021-10-24T18:47:42 SGT" description="Runs Cucumber Scenarios" data-provider="scenarios" finished-at="2021-10-24T18:47:50 SGT">
          <params>
            <param index="0">
              <value>
                <![CDATA["NHS Eligibility checker without claiming benefits"]]>
              </value>
            </param>
            <param index="1">
              <value>
                <![CDATA["Optional[As a person from Wales]"]]>
              </value>
            </param>
          </params>
          <reporter-output>
            <line>
              <![CDATA[Based on what you've told us
You get help with NHS costs]]>
            </line>
          </reporter-output>
        </test-method> <!-- scenario -->
        <test-method status="PASS" signature="tearDownBrowser()[pri:0, instance:runner.TestRunner@4bbfb90a]" name="tearDownBrowser" is-config="true" duration-ms="675" started-at="2021-10-24T18:47:50 SGT" finished-at="2021-10-24T18:47:51 SGT">
          <reporter-output>
          </reporter-output>
        </test-method> <!-- tearDownBrowser -->
        <test-method status="PASS" signature="setUpBrowser(java.lang.String)[pri:0, instance:runner.TestRunner@4bbfb90a]" name="setUpBrowser" is-config="true" duration-ms="3499" started-at="2021-10-24T18:47:51 SGT" finished-at="2021-10-24T18:47:55 SGT">
          <params>
            <param index="0">
              <value>
                <![CDATA[chrome]]>
              </value>
            </param>
          </params>
          <reporter-output>
          </reporter-output>
        </test-method> <!-- setUpBrowser -->
        <test-method status="PASS" signature="scenario(io.cucumber.testng.PickleWrapper,io.cucumber.testng.FeatureWrapper)[pri:0, instance:runner.TestRunner@4bbfb90a]" name="scenario" duration-ms="6213" started-at="2021-10-24T18:47:55 SGT" description="Runs Cucumber Scenarios" data-provider="scenarios" finished-at="2021-10-24T18:48:01 SGT">
          <params>
            <param index="0">
              <value>
                <![CDATA["NHS Eligibility checker with claiming benefits but not getting mentioned items and take home pay less than 435"]]>
              </value>
            </param>
            <param index="1">
              <value>
                <![CDATA["Optional[As a person from Wales]"]]>
              </value>
            </param>
          </params>
          <reporter-output>
            <line>
              <![CDATA[Based on what you've told us
You get help with NHS costs]]>
            </line>
          </reporter-output>
        </test-method> <!-- scenario -->
        <test-method status="PASS" signature="tearDownBrowser()[pri:0, instance:runner.TestRunner@4bbfb90a]" name="tearDownBrowser" is-config="true" duration-ms="663" started-at="2021-10-24T18:48:01 SGT" finished-at="2021-10-24T18:48:01 SGT">
          <reporter-output>
          </reporter-output>
        </test-method> <!-- tearDownBrowser -->
        <test-method status="PASS" signature="setUpBrowser(java.lang.String)[pri:0, instance:runner.TestRunner@4bbfb90a]" name="setUpBrowser" is-config="true" duration-ms="3321" started-at="2021-10-24T18:48:01 SGT" finished-at="2021-10-24T18:48:05 SGT">
          <params>
            <param index="0">
              <value>
                <![CDATA[chrome]]>
              </value>
            </param>
          </params>
          <reporter-output>
          </reporter-output>
        </test-method> <!-- setUpBrowser -->
        <test-method status="PASS" signature="scenario(io.cucumber.testng.PickleWrapper,io.cucumber.testng.FeatureWrapper)[pri:0, instance:runner.TestRunner@4bbfb90a]" name="scenario" duration-ms="6485" started-at="2021-10-24T18:48:05 SGT" description="Runs Cucumber Scenarios" data-provider="scenarios" finished-at="2021-10-24T18:48:11 SGT">
          <params>
            <param index="0">
              <value>
                <![CDATA["NHS Eligibility checker with claiming benefits but not getting mentioned items and take home pay less than 435"]]>
              </value>
            </param>
            <param index="1">
              <value>
                <![CDATA["Optional[As a person from Wales]"]]>
              </value>
            </param>
          </params>
          <reporter-output>
            <line>
              <![CDATA[Based on what you've told us
You get help with NHS costs]]>
            </line>
          </reporter-output>
        </test-method> <!-- scenario -->
        <test-method status="PASS" signature="tearDownBrowser()[pri:0, instance:runner.TestRunner@4bbfb90a]" name="tearDownBrowser" is-config="true" duration-ms="714" started-at="2021-10-24T18:48:11 SGT" finished-at="2021-10-24T18:48:12 SGT">
          <reporter-output>
          </reporter-output>
        </test-method> <!-- tearDownBrowser -->
        <test-method status="PASS" signature="setUpBrowser(java.lang.String)[pri:0, instance:runner.TestRunner@4bbfb90a]" name="setUpBrowser" is-config="true" duration-ms="4803" started-at="2021-10-24T18:48:12 SGT" finished-at="2021-10-24T18:48:17 SGT">
          <params>
            <param index="0">
              <value>
                <![CDATA[chrome]]>
              </value>
            </param>
          </params>
          <reporter-output>
          </reporter-output>
        </test-method> <!-- setUpBrowser -->
        <test-method status="PASS" signature="scenario(io.cucumber.testng.PickleWrapper,io.cucumber.testng.FeatureWrapper)[pri:0, instance:runner.TestRunner@4bbfb90a]" name="scenario" duration-ms="10043" started-at="2021-10-24T18:48:17 SGT" description="Runs Cucumber Scenarios" data-provider="scenarios" finished-at="2021-10-24T18:48:27 SGT">
          <params>
            <param index="0">
              <value>
                <![CDATA["NHS Eligibility checker with claiming benefits but not getting mentioned items not taking home pay less than 435 and live in care home with help of local council"]]>
              </value>
            </param>
            <param index="1">
              <value>
                <![CDATA["Optional[As a person from Wales]"]]>
              </value>
            </param>
          </params>
          <reporter-output>
            <line>
              <![CDATA[Based on what you've told us
You can apply for help with NHS costs]]>
            </line>
          </reporter-output>
        </test-method> <!-- scenario -->
        <test-method status="PASS" signature="tearDownBrowser()[pri:0, instance:runner.TestRunner@4bbfb90a]" name="tearDownBrowser" is-config="true" duration-ms="655" started-at="2021-10-24T18:48:27 SGT" finished-at="2021-10-24T18:48:27 SGT">
          <reporter-output>
          </reporter-output>
        </test-method> <!-- tearDownBrowser -->
        <test-method status="PASS" signature="setUpBrowser(java.lang.String)[pri:0, instance:runner.TestRunner@4bbfb90a]" name="setUpBrowser" is-config="true" duration-ms="3498" started-at="2021-10-24T18:48:27 SGT" finished-at="2021-10-24T18:48:31 SGT">
          <params>
            <param index="0">
              <value>
                <![CDATA[chrome]]>
              </value>
            </param>
          </params>
          <reporter-output>
          </reporter-output>
        </test-method> <!-- setUpBrowser -->
        <test-method status="PASS" signature="scenario(io.cucumber.testng.PickleWrapper,io.cucumber.testng.FeatureWrapper)[pri:0, instance:runner.TestRunner@4bbfb90a]" name="scenario" duration-ms="10070" started-at="2021-10-24T18:48:31 SGT" description="Runs Cucumber Scenarios" data-provider="scenarios" finished-at="2021-10-24T18:48:41 SGT">
          <params>
            <param index="0">
              <value>
                <![CDATA["NHS Eligibility checker with claiming benefits but not getting mentioned items not taking home pay less than 435 and live in care home with help of local council"]]>
              </value>
            </param>
            <param index="1">
              <value>
                <![CDATA["Optional[As a person from Wales]"]]>
              </value>
            </param>
          </params>
          <reporter-output>
            <line>
              <![CDATA[Based on what you've told us
You can apply for help with NHS costs]]>
            </line>
          </reporter-output>
        </test-method> <!-- scenario -->
        <test-method status="PASS" signature="tearDownBrowser()[pri:0, instance:runner.TestRunner@4bbfb90a]" name="tearDownBrowser" is-config="true" duration-ms="664" started-at="2021-10-24T18:48:41 SGT" finished-at="2021-10-24T18:48:42 SGT">
          <reporter-output>
          </reporter-output>
        </test-method> <!-- tearDownBrowser -->
        <test-method status="PASS" signature="setUpBrowser(java.lang.String)[pri:0, instance:runner.TestRunner@4bbfb90a]" name="setUpBrowser" is-config="true" duration-ms="3642" started-at="2021-10-24T18:48:42 SGT" finished-at="2021-10-24T18:48:45 SGT">
          <params>
            <param index="0">
              <value>
                <![CDATA[chrome]]>
              </value>
            </param>
          </params>
          <reporter-output>
          </reporter-output>
        </test-method> <!-- setUpBrowser -->
        <test-method status="PASS" signature="scenario(io.cucumber.testng.PickleWrapper,io.cucumber.testng.FeatureWrapper)[pri:0, instance:runner.TestRunner@4bbfb90a]" name="scenario" duration-ms="10916" started-at="2021-10-24T18:48:45 SGT" description="Runs Cucumber Scenarios" data-provider="scenarios" finished-at="2021-10-24T18:48:56 SGT">
          <params>
            <param index="0">
              <value>
                <![CDATA["NHS Eligibility checker with claiming benefits but not getting mentioned items not taking home pay less than 435 and live in care home with out help of local council"]]>
              </value>
            </param>
            <param index="1">
              <value>
                <![CDATA["Optional[As a person from Wales]"]]>
              </value>
            </param>
          </params>
          <reporter-output>
            <line>
              <![CDATA[Based on what you've told us
You get help with NHS costs]]>
            </line>
          </reporter-output>
        </test-method> <!-- scenario -->
        <test-method status="PASS" signature="tearDownBrowser()[pri:0, instance:runner.TestRunner@4bbfb90a]" name="tearDownBrowser" is-config="true" duration-ms="645" started-at="2021-10-24T18:48:56 SGT" finished-at="2021-10-24T18:48:57 SGT">
          <reporter-output>
          </reporter-output>
        </test-method> <!-- tearDownBrowser -->
        <test-method status="PASS" signature="setUpBrowser(java.lang.String)[pri:0, instance:runner.TestRunner@4bbfb90a]" name="setUpBrowser" is-config="true" duration-ms="3420" started-at="2021-10-24T18:48:57 SGT" finished-at="2021-10-24T18:49:00 SGT">
          <params>
            <param index="0">
              <value>
                <![CDATA[chrome]]>
              </value>
            </param>
          </params>
          <reporter-output>
          </reporter-output>
        </test-method> <!-- setUpBrowser -->
        <test-method status="PASS" signature="scenario(io.cucumber.testng.PickleWrapper,io.cucumber.testng.FeatureWrapper)[pri:0, instance:runner.TestRunner@4bbfb90a]" name="scenario" duration-ms="11015" started-at="2021-10-24T18:49:00 SGT" description="Runs Cucumber Scenarios" data-provider="scenarios" finished-at="2021-10-24T18:49:11 SGT">
          <params>
            <param index="0">
              <value>
                <![CDATA["NHS Eligibility checker with claiming benefits but not getting mentioned items not taking home pay less than 435 and live in care home with out help of local council"]]>
              </value>
            </param>
            <param index="1">
              <value>
                <![CDATA["Optional[As a person from Wales]"]]>
              </value>
            </param>
          </params>
          <reporter-output>
            <line>
              <![CDATA[Based on what you've told us
You get help with NHS costs]]>
            </line>
          </reporter-output>
        </test-method> <!-- scenario -->
        <test-method status="PASS" signature="tearDownBrowser()[pri:0, instance:runner.TestRunner@4bbfb90a]" name="tearDownBrowser" is-config="true" duration-ms="655" started-at="2021-10-24T18:49:11 SGT" finished-at="2021-10-24T18:49:12 SGT">
          <reporter-output>
          </reporter-output>
        </test-method> <!-- tearDownBrowser -->
        <test-method status="PASS" signature="setUpBrowser(java.lang.String)[pri:0, instance:runner.TestRunner@4bbfb90a]" name="setUpBrowser" is-config="true" duration-ms="3638" started-at="2021-10-24T18:49:12 SGT" finished-at="2021-10-24T18:49:16 SGT">
          <params>
            <param index="0">
              <value>
                <![CDATA[chrome]]>
              </value>
            </param>
          </params>
          <reporter-output>
          </reporter-output>
        </test-method> <!-- setUpBrowser -->
        <test-method status="PASS" signature="scenario(io.cucumber.testng.PickleWrapper,io.cucumber.testng.FeatureWrapper)[pri:0, instance:runner.TestRunner@4bbfb90a]" name="scenario" duration-ms="10003" started-at="2021-10-24T18:49:16 SGT" description="Runs Cucumber Scenarios" data-provider="scenarios" finished-at="2021-10-24T18:49:26 SGT">
          <params>
            <param index="0">
              <value>
                <![CDATA["NHS Eligibility checker with claiming universal credit benefits , take home pay not less than or equal 935 and live in care home with help of local council"]]>
              </value>
            </param>
            <param index="1">
              <value>
                <![CDATA["Optional[As a person from Wales]"]]>
              </value>
            </param>
          </params>
          <reporter-output>
            <line>
              <![CDATA[Based on what you've told us
You can apply for help with NHS costs]]>
            </line>
          </reporter-output>
        </test-method> <!-- scenario -->
        <test-method status="PASS" signature="tearDownBrowser()[pri:0, instance:runner.TestRunner@4bbfb90a]" name="tearDownBrowser" is-config="true" duration-ms="670" started-at="2021-10-24T18:49:26 SGT" finished-at="2021-10-24T18:49:26 SGT">
          <reporter-output>
          </reporter-output>
        </test-method> <!-- tearDownBrowser -->
        <test-method status="PASS" signature="setUpBrowser(java.lang.String)[pri:0, instance:runner.TestRunner@4bbfb90a]" name="setUpBrowser" is-config="true" duration-ms="3838" started-at="2021-10-24T18:49:26 SGT" finished-at="2021-10-24T18:49:30 SGT">
          <params>
            <param index="0">
              <value>
                <![CDATA[chrome]]>
              </value>
            </param>
          </params>
          <reporter-output>
          </reporter-output>
        </test-method> <!-- setUpBrowser -->
        <test-method status="PASS" signature="scenario(io.cucumber.testng.PickleWrapper,io.cucumber.testng.FeatureWrapper)[pri:0, instance:runner.TestRunner@4bbfb90a]" name="scenario" duration-ms="10112" started-at="2021-10-24T18:49:30 SGT" description="Runs Cucumber Scenarios" data-provider="scenarios" finished-at="2021-10-24T18:49:40 SGT">
          <params>
            <param index="0">
              <value>
                <![CDATA["NHS Eligibility checker with claiming universal credit benefits , take home pay not less than or equal 935 and live in care home with help of local council"]]>
              </value>
            </param>
            <param index="1">
              <value>
                <![CDATA["Optional[As a person from Wales]"]]>
              </value>
            </param>
          </params>
          <reporter-output>
            <line>
              <![CDATA[Based on what you've told us
You can apply for help with NHS costs]]>
            </line>
          </reporter-output>
        </test-method> <!-- scenario -->
        <test-method status="PASS" signature="tearDownBrowser()[pri:0, instance:runner.TestRunner@4bbfb90a]" name="tearDownBrowser" is-config="true" duration-ms="643" started-at="2021-10-24T18:49:40 SGT" finished-at="2021-10-24T18:49:41 SGT">
          <reporter-output>
          </reporter-output>
        </test-method> <!-- tearDownBrowser -->
        <test-method status="PASS" signature="setUpBrowser(java.lang.String)[pri:0, instance:runner.TestRunner@4bbfb90a]" name="setUpBrowser" is-config="true" duration-ms="3293" started-at="2021-10-24T18:49:41 SGT" finished-at="2021-10-24T18:49:44 SGT">
          <params>
            <param index="0">
              <value>
                <![CDATA[chrome]]>
              </value>
            </param>
          </params>
          <reporter-output>
          </reporter-output>
        </test-method> <!-- setUpBrowser -->
        <test-method status="PASS" signature="scenario(io.cucumber.testng.PickleWrapper,io.cucumber.testng.FeatureWrapper)[pri:0, instance:runner.TestRunner@4bbfb90a]" name="scenario" duration-ms="10947" started-at="2021-10-24T18:49:44 SGT" description="Runs Cucumber Scenarios" data-provider="scenarios" finished-at="2021-10-24T18:49:55 SGT">
          <params>
            <param index="0">
              <value>
                <![CDATA["NHS Eligibility checker with claiming universal credit benefits , take home pay not less than or equal 935 and and live in care home with out help of local council"]]>
              </value>
            </param>
            <param index="1">
              <value>
                <![CDATA["Optional[As a person from Wales]"]]>
              </value>
            </param>
          </params>
          <reporter-output>
            <line>
              <![CDATA[Based on what you've told us
You get help with NHS costs]]>
            </line>
          </reporter-output>
        </test-method> <!-- scenario -->
        <test-method status="PASS" signature="tearDownBrowser()[pri:0, instance:runner.TestRunner@4bbfb90a]" name="tearDownBrowser" is-config="true" duration-ms="653" started-at="2021-10-24T18:49:55 SGT" finished-at="2021-10-24T18:49:56 SGT">
          <reporter-output>
          </reporter-output>
        </test-method> <!-- tearDownBrowser -->
        <test-method status="PASS" signature="setUpBrowser(java.lang.String)[pri:0, instance:runner.TestRunner@4bbfb90a]" name="setUpBrowser" is-config="true" duration-ms="3630" started-at="2021-10-24T18:49:56 SGT" finished-at="2021-10-24T18:49:59 SGT">
          <params>
            <param index="0">
              <value>
                <![CDATA[chrome]]>
              </value>
            </param>
          </params>
          <reporter-output>
          </reporter-output>
        </test-method> <!-- setUpBrowser -->
        <test-method status="PASS" signature="scenario(io.cucumber.testng.PickleWrapper,io.cucumber.testng.FeatureWrapper)[pri:0, instance:runner.TestRunner@4bbfb90a]" name="scenario" duration-ms="11199" started-at="2021-10-24T18:49:59 SGT" description="Runs Cucumber Scenarios" data-provider="scenarios" finished-at="2021-10-24T18:50:11 SGT">
          <params>
            <param index="0">
              <value>
                <![CDATA["NHS Eligibility checker with claiming universal credit benefits , take home pay not less than or equal 935 and and live in care home with out help of local council"]]>
              </value>
            </param>
            <param index="1">
              <value>
                <![CDATA["Optional[As a person from Wales]"]]>
              </value>
            </param>
          </params>
          <reporter-output>
            <line>
              <![CDATA[Based on what you've told us
You get help with NHS costs]]>
            </line>
          </reporter-output>
        </test-method> <!-- scenario -->
        <test-method status="PASS" signature="tearDownBrowser()[pri:0, instance:runner.TestRunner@4bbfb90a]" name="tearDownBrowser" is-config="true" duration-ms="645" started-at="2021-10-24T18:50:11 SGT" finished-at="2021-10-24T18:50:11 SGT">
          <reporter-output>
          </reporter-output>
        </test-method> <!-- tearDownBrowser -->
        <test-method status="PASS" signature="setUpBrowser(java.lang.String)[pri:0, instance:runner.TestRunner@4bbfb90a]" name="setUpBrowser" is-config="true" duration-ms="3510" started-at="2021-10-24T18:50:11 SGT" finished-at="2021-10-24T18:50:15 SGT">
          <params>
            <param index="0">
              <value>
                <![CDATA[chrome]]>
              </value>
            </param>
          </params>
          <reporter-output>
          </reporter-output>
        </test-method> <!-- setUpBrowser -->
        <test-method status="PASS" signature="scenario(io.cucumber.testng.PickleWrapper,io.cucumber.testng.FeatureWrapper)[pri:0, instance:runner.TestRunner@4bbfb90a]" name="scenario" duration-ms="7286" started-at="2021-10-24T18:50:15 SGT" description="Runs Cucumber Scenarios" data-provider="scenarios" finished-at="2021-10-24T18:50:22 SGT">
          <params>
            <param index="0">
              <value>
                <![CDATA["NHS Eligibility checker with universal credit benefits applied , having working & child tax credit , income 15276 or less"]]>
              </value>
            </param>
            <param index="1">
              <value>
                <![CDATA["Optional[As a person from Wales]"]]>
              </value>
            </param>
          </params>
          <reporter-output>
            <line>
              <![CDATA[Based on what you've told us
You get help with NHS costs]]>
            </line>
          </reporter-output>
        </test-method> <!-- scenario -->
        <test-method status="PASS" signature="tearDownBrowser()[pri:0, instance:runner.TestRunner@4bbfb90a]" name="tearDownBrowser" is-config="true" duration-ms="654" started-at="2021-10-24T18:50:22 SGT" finished-at="2021-10-24T18:50:23 SGT">
          <reporter-output>
          </reporter-output>
        </test-method> <!-- tearDownBrowser -->
        <test-method status="PASS" signature="setUpBrowser(java.lang.String)[pri:0, instance:runner.TestRunner@4bbfb90a]" name="setUpBrowser" is-config="true" duration-ms="3965" started-at="2021-10-24T18:50:23 SGT" finished-at="2021-10-24T18:50:27 SGT">
          <params>
            <param index="0">
              <value>
                <![CDATA[chrome]]>
              </value>
            </param>
          </params>
          <reporter-output>
          </reporter-output>
        </test-method> <!-- setUpBrowser -->
        <test-method status="PASS" signature="scenario(io.cucumber.testng.PickleWrapper,io.cucumber.testng.FeatureWrapper)[pri:0, instance:runner.TestRunner@4bbfb90a]" name="scenario" duration-ms="7191" started-at="2021-10-24T18:50:27 SGT" description="Runs Cucumber Scenarios" data-provider="scenarios" finished-at="2021-10-24T18:50:34 SGT">
          <params>
            <param index="0">
              <value>
                <![CDATA["NHS Eligibility checker with universal credit benefits applied , having working & child tax credit , income 15276 or less"]]>
              </value>
            </param>
            <param index="1">
              <value>
                <![CDATA["Optional[As a person from Wales]"]]>
              </value>
            </param>
          </params>
          <reporter-output>
            <line>
              <![CDATA[Based on what you've told us
You get help with NHS costs]]>
            </line>
          </reporter-output>
        </test-method> <!-- scenario -->
        <test-method status="PASS" signature="tearDownBrowser()[pri:0, instance:runner.TestRunner@4bbfb90a]" name="tearDownBrowser" is-config="true" duration-ms="663" started-at="2021-10-24T18:50:34 SGT" finished-at="2021-10-24T18:50:35 SGT">
          <reporter-output>
          </reporter-output>
        </test-method> <!-- tearDownBrowser -->
        <test-method status="PASS" signature="setUpBrowser(java.lang.String)[pri:0, instance:runner.TestRunner@4bbfb90a]" name="setUpBrowser" is-config="true" duration-ms="3548" started-at="2021-10-24T18:50:35 SGT" finished-at="2021-10-24T18:50:38 SGT">
          <params>
            <param index="0">
              <value>
                <![CDATA[chrome]]>
              </value>
            </param>
          </params>
          <reporter-output>
          </reporter-output>
        </test-method> <!-- setUpBrowser -->
        <test-method status="PASS" signature="scenario(io.cucumber.testng.PickleWrapper,io.cucumber.testng.FeatureWrapper)[pri:0, instance:runner.TestRunner@4bbfb90a]" name="scenario" duration-ms="6924" started-at="2021-10-24T18:50:38 SGT" description="Runs Cucumber Scenarios" data-provider="scenarios" finished-at="2021-10-24T18:50:45 SGT">
          <params>
            <param index="0">
              <value>
                <![CDATA["NHS Eligibility checker with universal credit benefits applied , having working & child tax credit , income 15276 or less"]]>
              </value>
            </param>
            <param index="1">
              <value>
                <![CDATA["Optional[As a person from Wales]"]]>
              </value>
            </param>
          </params>
          <reporter-output>
            <line>
              <![CDATA[Based on what you've told us
You get help with NHS costs]]>
            </line>
          </reporter-output>
        </test-method> <!-- scenario -->
        <test-method status="PASS" signature="tearDownBrowser()[pri:0, instance:runner.TestRunner@4bbfb90a]" name="tearDownBrowser" is-config="true" duration-ms="674" started-at="2021-10-24T18:50:45 SGT" finished-at="2021-10-24T18:50:46 SGT">
          <reporter-output>
          </reporter-output>
        </test-method> <!-- tearDownBrowser -->
        <test-method status="PASS" signature="setUpBrowser(java.lang.String)[pri:0, instance:runner.TestRunner@4bbfb90a]" name="setUpBrowser" is-config="true" duration-ms="3810" started-at="2021-10-24T18:50:46 SGT" finished-at="2021-10-24T18:50:50 SGT">
          <params>
            <param index="0">
              <value>
                <![CDATA[chrome]]>
              </value>
            </param>
          </params>
          <reporter-output>
          </reporter-output>
        </test-method> <!-- setUpBrowser -->
        <test-method status="PASS" signature="scenario(io.cucumber.testng.PickleWrapper,io.cucumber.testng.FeatureWrapper)[pri:0, instance:runner.TestRunner@4bbfb90a]" name="scenario" duration-ms="7251" started-at="2021-10-24T18:50:50 SGT" description="Runs Cucumber Scenarios" data-provider="scenarios" finished-at="2021-10-24T18:50:57 SGT">
          <params>
            <param index="0">
              <value>
                <![CDATA["NHS Eligibility checker with universal credit benefits applied , having working & child tax credit , income 15276 or less"]]>
              </value>
            </param>
            <param index="1">
              <value>
                <![CDATA["Optional[As a person from Wales]"]]>
              </value>
            </param>
          </params>
          <reporter-output>
            <line>
              <![CDATA[Based on what you've told us
You get help with NHS costs]]>
            </line>
          </reporter-output>
        </test-method> <!-- scenario -->
        <test-method status="PASS" signature="tearDownBrowser()[pri:0, instance:runner.TestRunner@4bbfb90a]" name="tearDownBrowser" is-config="true" duration-ms="660" started-at="2021-10-24T18:50:57 SGT" finished-at="2021-10-24T18:50:57 SGT">
          <reporter-output>
          </reporter-output>
        </test-method> <!-- tearDownBrowser -->
        <test-method status="PASS" signature="setUpBrowser(java.lang.String)[pri:0, instance:runner.TestRunner@4bbfb90a]" name="setUpBrowser" is-config="true" duration-ms="3343" started-at="2021-10-24T18:50:57 SGT" finished-at="2021-10-24T18:51:01 SGT">
          <params>
            <param index="0">
              <value>
                <![CDATA[chrome]]>
              </value>
            </param>
          </params>
          <reporter-output>
          </reporter-output>
        </test-method> <!-- setUpBrowser -->
        <test-method status="PASS" signature="scenario(io.cucumber.testng.PickleWrapper,io.cucumber.testng.FeatureWrapper)[pri:0, instance:runner.TestRunner@4bbfb90a]" name="scenario" duration-ms="11555" started-at="2021-10-24T18:51:01 SGT" description="Runs Cucumber Scenarios" data-provider="scenarios" finished-at="2021-10-24T18:51:12 SGT">
          <params>
            <param index="0">
              <value>
                <![CDATA["NHS Eligibility checker with universal credit benefits applied , having working & child tax credit , income more than 15276 and live in care home with help of local council"]]>
              </value>
            </param>
            <param index="1">
              <value>
                <![CDATA["Optional[As a person from Wales]"]]>
              </value>
            </param>
          </params>
          <reporter-output>
            <line>
              <![CDATA[Based on what you've told us
You can apply for help with NHS costs]]>
            </line>
          </reporter-output>
        </test-method> <!-- scenario -->
        <test-method status="PASS" signature="tearDownBrowser()[pri:0, instance:runner.TestRunner@4bbfb90a]" name="tearDownBrowser" is-config="true" duration-ms="653" started-at="2021-10-24T18:51:12 SGT" finished-at="2021-10-24T18:51:13 SGT">
          <reporter-output>
          </reporter-output>
        </test-method> <!-- tearDownBrowser -->
        <test-method status="PASS" signature="setUpBrowser(java.lang.String)[pri:0, instance:runner.TestRunner@4bbfb90a]" name="setUpBrowser" is-config="true" duration-ms="3308" started-at="2021-10-24T18:51:13 SGT" finished-at="2021-10-24T18:51:16 SGT">
          <params>
            <param index="0">
              <value>
                <![CDATA[chrome]]>
              </value>
            </param>
          </params>
          <reporter-output>
          </reporter-output>
        </test-method> <!-- setUpBrowser -->
        <test-method status="PASS" signature="scenario(io.cucumber.testng.PickleWrapper,io.cucumber.testng.FeatureWrapper)[pri:0, instance:runner.TestRunner@4bbfb90a]" name="scenario" duration-ms="10615" started-at="2021-10-24T18:51:16 SGT" description="Runs Cucumber Scenarios" data-provider="scenarios" finished-at="2021-10-24T18:51:27 SGT">
          <params>
            <param index="0">
              <value>
                <![CDATA["NHS Eligibility checker with universal credit benefits applied , having working & child tax credit , income more than 15276 and live in care home with help of local council"]]>
              </value>
            </param>
            <param index="1">
              <value>
                <![CDATA["Optional[As a person from Wales]"]]>
              </value>
            </param>
          </params>
          <reporter-output>
            <line>
              <![CDATA[Based on what you've told us
You can apply for help with NHS costs]]>
            </line>
          </reporter-output>
        </test-method> <!-- scenario -->
        <test-method status="PASS" signature="tearDownBrowser()[pri:0, instance:runner.TestRunner@4bbfb90a]" name="tearDownBrowser" is-config="true" duration-ms="655" started-at="2021-10-24T18:51:27 SGT" finished-at="2021-10-24T18:51:28 SGT">
          <reporter-output>
          </reporter-output>
        </test-method> <!-- tearDownBrowser -->
        <test-method status="PASS" signature="setUpBrowser(java.lang.String)[pri:0, instance:runner.TestRunner@4bbfb90a]" name="setUpBrowser" is-config="true" duration-ms="3536" started-at="2021-10-24T18:51:28 SGT" finished-at="2021-10-24T18:51:31 SGT">
          <params>
            <param index="0">
              <value>
                <![CDATA[chrome]]>
              </value>
            </param>
          </params>
          <reporter-output>
          </reporter-output>
        </test-method> <!-- setUpBrowser -->
        <test-method status="PASS" signature="scenario(io.cucumber.testng.PickleWrapper,io.cucumber.testng.FeatureWrapper)[pri:0, instance:runner.TestRunner@4bbfb90a]" name="scenario" duration-ms="10778" started-at="2021-10-24T18:51:31 SGT" description="Runs Cucumber Scenarios" data-provider="scenarios" finished-at="2021-10-24T18:51:42 SGT">
          <params>
            <param index="0">
              <value>
                <![CDATA["NHS Eligibility checker with universal credit benefits applied , having working & child tax credit , income more than 15276 and live in care home with help of local council"]]>
              </value>
            </param>
            <param index="1">
              <value>
                <![CDATA["Optional[As a person from Wales]"]]>
              </value>
            </param>
          </params>
          <reporter-output>
            <line>
              <![CDATA[Based on what you've told us
You can apply for help with NHS costs]]>
            </line>
          </reporter-output>
        </test-method> <!-- scenario -->
        <test-method status="PASS" signature="tearDownBrowser()[pri:0, instance:runner.TestRunner@4bbfb90a]" name="tearDownBrowser" is-config="true" duration-ms="638" started-at="2021-10-24T18:51:42 SGT" finished-at="2021-10-24T18:51:43 SGT">
          <reporter-output>
          </reporter-output>
        </test-method> <!-- tearDownBrowser -->
        <test-method status="PASS" signature="setUpBrowser(java.lang.String)[pri:0, instance:runner.TestRunner@4bbfb90a]" name="setUpBrowser" is-config="true" duration-ms="3283" started-at="2021-10-24T18:51:43 SGT" finished-at="2021-10-24T18:51:46 SGT">
          <params>
            <param index="0">
              <value>
                <![CDATA[chrome]]>
              </value>
            </param>
          </params>
          <reporter-output>
          </reporter-output>
        </test-method> <!-- setUpBrowser -->
        <test-method status="PASS" signature="scenario(io.cucumber.testng.PickleWrapper,io.cucumber.testng.FeatureWrapper)[pri:0, instance:runner.TestRunner@4bbfb90a]" name="scenario" duration-ms="11025" started-at="2021-10-24T18:51:46 SGT" description="Runs Cucumber Scenarios" data-provider="scenarios" finished-at="2021-10-24T18:51:57 SGT">
          <params>
            <param index="0">
              <value>
                <![CDATA["NHS Eligibility checker with universal credit benefits applied , having working & child tax credit , income more than 15276 and live in care home with help of local council"]]>
              </value>
            </param>
            <param index="1">
              <value>
                <![CDATA["Optional[As a person from Wales]"]]>
              </value>
            </param>
          </params>
          <reporter-output>
            <line>
              <![CDATA[Based on what you've told us
You can apply for help with NHS costs]]>
            </line>
          </reporter-output>
        </test-method> <!-- scenario -->
        <test-method status="PASS" signature="tearDownBrowser()[pri:0, instance:runner.TestRunner@4bbfb90a]" name="tearDownBrowser" is-config="true" duration-ms="702" started-at="2021-10-24T18:51:57 SGT" finished-at="2021-10-24T18:51:58 SGT">
          <reporter-output>
          </reporter-output>
        </test-method> <!-- tearDownBrowser -->
        <test-method status="PASS" signature="setUpBrowser(java.lang.String)[pri:0, instance:runner.TestRunner@4bbfb90a]" name="setUpBrowser" is-config="true" duration-ms="3574" started-at="2021-10-24T18:51:58 SGT" finished-at="2021-10-24T18:52:01 SGT">
          <params>
            <param index="0">
              <value>
                <![CDATA[chrome]]>
              </value>
            </param>
          </params>
          <reporter-output>
          </reporter-output>
        </test-method> <!-- setUpBrowser -->
        <test-method status="PASS" signature="scenario(io.cucumber.testng.PickleWrapper,io.cucumber.testng.FeatureWrapper)[pri:0, instance:runner.TestRunner@4bbfb90a]" name="scenario" duration-ms="12021" started-at="2021-10-24T18:52:01 SGT" description="Runs Cucumber Scenarios" data-provider="scenarios" finished-at="2021-10-24T18:52:13 SGT">
          <params>
            <param index="0">
              <value>
                <![CDATA["NHS Eligibility checker with universal credit benefits applied , having working & child tax credit , income more than 15276 and live in care home with out help of local council"]]>
              </value>
            </param>
            <param index="1">
              <value>
                <![CDATA["Optional[As a person from Wales]"]]>
              </value>
            </param>
          </params>
          <reporter-output>
            <line>
              <![CDATA[Based on what you've told us
You get help with NHS costs]]>
            </line>
          </reporter-output>
        </test-method> <!-- scenario -->
        <test-method status="PASS" signature="tearDownBrowser()[pri:0, instance:runner.TestRunner@4bbfb90a]" name="tearDownBrowser" is-config="true" duration-ms="654" started-at="2021-10-24T18:52:13 SGT" finished-at="2021-10-24T18:52:14 SGT">
          <reporter-output>
          </reporter-output>
        </test-method> <!-- tearDownBrowser -->
        <test-method status="PASS" signature="setUpBrowser(java.lang.String)[pri:0, instance:runner.TestRunner@4bbfb90a]" name="setUpBrowser" is-config="true" duration-ms="3403" started-at="2021-10-24T18:52:14 SGT" finished-at="2021-10-24T18:52:17 SGT">
          <params>
            <param index="0">
              <value>
                <![CDATA[chrome]]>
              </value>
            </param>
          </params>
          <reporter-output>
          </reporter-output>
        </test-method> <!-- setUpBrowser -->
        <test-method status="PASS" signature="scenario(io.cucumber.testng.PickleWrapper,io.cucumber.testng.FeatureWrapper)[pri:0, instance:runner.TestRunner@4bbfb90a]" name="scenario" duration-ms="11367" started-at="2021-10-24T18:52:17 SGT" description="Runs Cucumber Scenarios" data-provider="scenarios" finished-at="2021-10-24T18:52:29 SGT">
          <params>
            <param index="0">
              <value>
                <![CDATA["NHS Eligibility checker with universal credit benefits applied , having working & child tax credit , income more than 15276 and live in care home with out help of local council"]]>
              </value>
            </param>
            <param index="1">
              <value>
                <![CDATA["Optional[As a person from Wales]"]]>
              </value>
            </param>
          </params>
          <reporter-output>
            <line>
              <![CDATA[Based on what you've told us
You get help with NHS costs]]>
            </line>
          </reporter-output>
        </test-method> <!-- scenario -->
        <test-method status="PASS" signature="tearDownBrowser()[pri:0, instance:runner.TestRunner@4bbfb90a]" name="tearDownBrowser" is-config="true" duration-ms="641" started-at="2021-10-24T18:52:29 SGT" finished-at="2021-10-24T18:52:29 SGT">
          <reporter-output>
          </reporter-output>
        </test-method> <!-- tearDownBrowser -->
        <test-method status="PASS" signature="setUpBrowser(java.lang.String)[pri:0, instance:runner.TestRunner@4bbfb90a]" name="setUpBrowser" is-config="true" duration-ms="3565" started-at="2021-10-24T18:52:29 SGT" finished-at="2021-10-24T18:52:33 SGT">
          <params>
            <param index="0">
              <value>
                <![CDATA[chrome]]>
              </value>
            </param>
          </params>
          <reporter-output>
          </reporter-output>
        </test-method> <!-- setUpBrowser -->
        <test-method status="PASS" signature="scenario(io.cucumber.testng.PickleWrapper,io.cucumber.testng.FeatureWrapper)[pri:0, instance:runner.TestRunner@4bbfb90a]" name="scenario" duration-ms="11597" started-at="2021-10-24T18:52:33 SGT" description="Runs Cucumber Scenarios" data-provider="scenarios" finished-at="2021-10-24T18:52:44 SGT">
          <params>
            <param index="0">
              <value>
                <![CDATA["NHS Eligibility checker with universal credit benefits applied , having working & child tax credit , income more than 15276 and live in care home with out help of local council"]]>
              </value>
            </param>
            <param index="1">
              <value>
                <![CDATA["Optional[As a person from Wales]"]]>
              </value>
            </param>
          </params>
          <reporter-output>
            <line>
              <![CDATA[Based on what you've told us
You get help with NHS costs]]>
            </line>
          </reporter-output>
        </test-method> <!-- scenario -->
        <test-method status="PASS" signature="tearDownBrowser()[pri:0, instance:runner.TestRunner@4bbfb90a]" name="tearDownBrowser" is-config="true" duration-ms="666" started-at="2021-10-24T18:52:44 SGT" finished-at="2021-10-24T18:52:45 SGT">
          <reporter-output>
          </reporter-output>
        </test-method> <!-- tearDownBrowser -->
        <test-method status="PASS" signature="setUpBrowser(java.lang.String)[pri:0, instance:runner.TestRunner@4bbfb90a]" name="setUpBrowser" is-config="true" duration-ms="3590" started-at="2021-10-24T18:52:45 SGT" finished-at="2021-10-24T18:52:49 SGT">
          <params>
            <param index="0">
              <value>
                <![CDATA[chrome]]>
              </value>
            </param>
          </params>
          <reporter-output>
          </reporter-output>
        </test-method> <!-- setUpBrowser -->
        <test-method status="PASS" signature="scenario(io.cucumber.testng.PickleWrapper,io.cucumber.testng.FeatureWrapper)[pri:0, instance:runner.TestRunner@4bbfb90a]" name="scenario" duration-ms="12090" started-at="2021-10-24T18:52:49 SGT" description="Runs Cucumber Scenarios" data-provider="scenarios" finished-at="2021-10-24T18:53:01 SGT">
          <params>
            <param index="0">
              <value>
                <![CDATA["NHS Eligibility checker with universal credit benefits applied , having working & child tax credit , income more than 15276 and live in care home with out help of local council"]]>
              </value>
            </param>
            <param index="1">
              <value>
                <![CDATA["Optional[As a person from Wales]"]]>
              </value>
            </param>
          </params>
          <reporter-output>
            <line>
              <![CDATA[Based on what you've told us
You get help with NHS costs]]>
            </line>
          </reporter-output>
        </test-method> <!-- scenario -->
        <test-method status="PASS" signature="tearDownBrowser()[pri:0, instance:runner.TestRunner@4bbfb90a]" name="tearDownBrowser" is-config="true" duration-ms="674" started-at="2021-10-24T18:53:01 SGT" finished-at="2021-10-24T18:53:01 SGT">
          <reporter-output>
          </reporter-output>
        </test-method> <!-- tearDownBrowser -->
        <test-method status="PASS" signature="setUpBrowser(java.lang.String)[pri:0, instance:runner.TestRunner@4bbfb90a]" name="setUpBrowser" is-config="true" duration-ms="3554" started-at="2021-10-24T18:53:01 SGT" finished-at="2021-10-24T18:53:05 SGT">
          <params>
            <param index="0">
              <value>
                <![CDATA[chrome]]>
              </value>
            </param>
          </params>
          <reporter-output>
          </reporter-output>
        </test-method> <!-- setUpBrowser -->
        <test-method status="PASS" signature="scenario(io.cucumber.testng.PickleWrapper,io.cucumber.testng.FeatureWrapper)[pri:0, instance:runner.TestRunner@4bbfb90a]" name="scenario" duration-ms="10723" started-at="2021-10-24T18:53:05 SGT" description="Runs Cucumber Scenarios" data-provider="scenarios" finished-at="2021-10-24T18:53:16 SGT">
          <params>
            <param index="0">
              <value>
                <![CDATA["NHS Eligibility checker with universal credit benefits applied , having working tax credit its own and live in care home with help of local council"]]>
              </value>
            </param>
            <param index="1">
              <value>
                <![CDATA["Optional[As a person from Wales]"]]>
              </value>
            </param>
          </params>
          <reporter-output>
            <line>
              <![CDATA[Based on what you've told us
You can apply for help with NHS costs]]>
            </line>
          </reporter-output>
        </test-method> <!-- scenario -->
        <test-method status="PASS" signature="tearDownBrowser()[pri:0, instance:runner.TestRunner@4bbfb90a]" name="tearDownBrowser" is-config="true" duration-ms="662" started-at="2021-10-24T18:53:16 SGT" finished-at="2021-10-24T18:53:16 SGT">
          <reporter-output>
          </reporter-output>
        </test-method> <!-- tearDownBrowser -->
        <test-method status="PASS" signature="setUpBrowser(java.lang.String)[pri:0, instance:runner.TestRunner@4bbfb90a]" name="setUpBrowser" is-config="true" duration-ms="3734" started-at="2021-10-24T18:53:16 SGT" finished-at="2021-10-24T18:53:20 SGT">
          <params>
            <param index="0">
              <value>
                <![CDATA[chrome]]>
              </value>
            </param>
          </params>
          <reporter-output>
          </reporter-output>
        </test-method> <!-- setUpBrowser -->
        <test-method status="PASS" signature="scenario(io.cucumber.testng.PickleWrapper,io.cucumber.testng.FeatureWrapper)[pri:0, instance:runner.TestRunner@4bbfb90a]" name="scenario" duration-ms="10149" started-at="2021-10-24T18:53:20 SGT" description="Runs Cucumber Scenarios" data-provider="scenarios" finished-at="2021-10-24T18:53:30 SGT">
          <params>
            <param index="0">
              <value>
                <![CDATA["NHS Eligibility checker with universal credit benefits applied , having working tax credit its own and live in care home with help of local council"]]>
              </value>
            </param>
            <param index="1">
              <value>
                <![CDATA["Optional[As a person from Wales]"]]>
              </value>
            </param>
          </params>
          <reporter-output>
            <line>
              <![CDATA[Based on what you've told us
You can apply for help with NHS costs]]>
            </line>
          </reporter-output>
        </test-method> <!-- scenario -->
        <test-method status="PASS" signature="tearDownBrowser()[pri:0, instance:runner.TestRunner@4bbfb90a]" name="tearDownBrowser" is-config="true" duration-ms="648" started-at="2021-10-24T18:53:30 SGT" finished-at="2021-10-24T18:53:31 SGT">
          <reporter-output>
          </reporter-output>
        </test-method> <!-- tearDownBrowser -->
        <test-method status="PASS" signature="setUpBrowser(java.lang.String)[pri:0, instance:runner.TestRunner@4bbfb90a]" name="setUpBrowser" is-config="true" duration-ms="3288" started-at="2021-10-24T18:53:31 SGT" finished-at="2021-10-24T18:53:34 SGT">
          <params>
            <param index="0">
              <value>
                <![CDATA[chrome]]>
              </value>
            </param>
          </params>
          <reporter-output>
          </reporter-output>
        </test-method> <!-- setUpBrowser -->
        <test-method status="PASS" signature="scenario(io.cucumber.testng.PickleWrapper,io.cucumber.testng.FeatureWrapper)[pri:0, instance:runner.TestRunner@4bbfb90a]" name="scenario" duration-ms="10843" started-at="2021-10-24T18:53:34 SGT" description="Runs Cucumber Scenarios" data-provider="scenarios" finished-at="2021-10-24T18:53:45 SGT">
          <params>
            <param index="0">
              <value>
                <![CDATA["NHS Eligibility checker with universal credit benefits applied , having working tax credit its own and live in care home with out help of local council"]]>
              </value>
            </param>
            <param index="1">
              <value>
                <![CDATA["Optional[As a person from Wales]"]]>
              </value>
            </param>
          </params>
          <reporter-output>
            <line>
              <![CDATA[Based on what you've told us
You get help with NHS costs]]>
            </line>
          </reporter-output>
[...]
        <test-method status="PASS" signature="tearDownBrowser()[pri:0, instance:runner.TestRunner@2d8f65a4]" name="tearDownBrowser" is-config="true" duration-ms="1072" started-at="2021-10-24T19:54:25 SGT" finished-at="2021-10-24T19:54:26 SGT">
          <reporter-output>
          </reporter-output>
        </test-method> <!-- tearDownBrowser -->
        <test-method status="PASS" signature="setUpBrowser(java.lang.String)[pri:0, instance:runner.TestRunner@2d8f65a4]" name="setUpBrowser" is-config="true" duration-ms="10938" started-at="2021-10-24T19:54:26 SGT" finished-at="2021-10-24T19:54:37 SGT">
          <params>
            <param index="0">
              <value>
                <![CDATA[firefox]]>
              </value>
            </param>
          </params>
          <reporter-output>
          </reporter-output>
        </test-method> <!-- setUpBrowser -->
        <test-method status="PASS" signature="scenario(io.cucumber.testng.PickleWrapper,io.cucumber.testng.FeatureWrapper)[pri:0, instance:runner.TestRunner@2d8f65a4]" name="scenario" duration-ms="12569" started-at="2021-10-24T19:54:37 SGT" description="Runs Cucumber Scenarios" data-provider="scenarios" finished-at="2021-10-24T19:54:50 SGT">
          <params>
            <param index="0">
              <value>
                <![CDATA["NHS Eligibility checker with different benefits other than universal credit payment, having pension savings credit and live in care home with out help of local council"]]>
              </value>
            </param>
            <param index="1">
              <value>
                <![CDATA["Optional[As a person from Wales]"]]>
              </value>
            </param>
          </params>
          <reporter-output>
            <line>
              <![CDATA[Based on what you've told us
You get help with NHS costs]]>
            </line>
          </reporter-output>
        </test-method> <!-- scenario -->
        <test-method status="PASS" signature="tearDownBrowser()[pri:0, instance:runner.TestRunner@2d8f65a4]" name="tearDownBrowser" is-config="true" duration-ms="1075" started-at="2021-10-24T19:54:50 SGT" finished-at="2021-10-24T19:54:51 SGT">
          <reporter-output>
          </reporter-output>
        </test-method> <!-- tearDownBrowser -->
        <test-method status="PASS" signature="setUpBrowser(java.lang.String)[pri:0, instance:runner.TestRunner@2d8f65a4]" name="setUpBrowser" is-config="true" duration-ms="8713" started-at="2021-10-24T19:54:51 SGT" finished-at="2021-10-24T19:55:00 SGT">
          <params>
            <param index="0">
              <value>
                <![CDATA[firefox]]>
              </value>
            </param>
          </params>
          <reporter-output>
          </reporter-output>
        </test-method> <!-- setUpBrowser -->
        <test-method status="PASS" signature="scenario(io.cucumber.testng.PickleWrapper,io.cucumber.testng.FeatureWrapper)[pri:0, instance:runner.TestRunner@2d8f65a4]" name="scenario" duration-ms="12985" started-at="2021-10-24T19:55:00 SGT" description="Runs Cucumber Scenarios" data-provider="scenarios" finished-at="2021-10-24T19:55:13 SGT">
          <params>
            <param index="0">
              <value>
                <![CDATA["NHS Eligibility checker with different benefits other than universal credit payment, having pension savings credit and live in care home with out help of local council"]]>
              </value>
            </param>
            <param index="1">
              <value>
                <![CDATA["Optional[As a person from Wales]"]]>
              </value>
            </param>
          </params>
          <reporter-output>
            <line>
              <![CDATA[Based on what you've told us
You get help with NHS costs]]>
            </line>
          </reporter-output>
        </test-method> <!-- scenario -->
        <test-method status="PASS" signature="tearDownBrowser()[pri:0, instance:runner.TestRunner@2d8f65a4]" name="tearDownBrowser" is-config="true" duration-ms="1321" started-at="2021-10-24T19:55:13 SGT" finished-at="2021-10-24T19:55:14 SGT">
          <reporter-output>
          </reporter-output>
        </test-method> <!-- tearDownBrowser -->
        <test-method status="PASS" signature="setUpBrowser(java.lang.String)[pri:0, instance:runner.TestRunner@2d8f65a4]" name="setUpBrowser" is-config="true" duration-ms="9153" started-at="2021-10-24T19:55:14 SGT" finished-at="2021-10-24T19:55:23 SGT">
          <params>
            <param index="0">
              <value>
                <![CDATA[firefox]]>
              </value>
            </param>
          </params>
          <reporter-output>
          </reporter-output>
        </test-method> <!-- setUpBrowser -->
        <test-method status="PASS" signature="scenario(io.cucumber.testng.PickleWrapper,io.cucumber.testng.FeatureWrapper)[pri:0, instance:runner.TestRunner@2d8f65a4]" name="scenario" duration-ms="12164" started-at="2021-10-24T19:55:23 SGT" description="Runs Cucumber Scenarios" data-provider="scenarios" finished-at="2021-10-24T19:55:35 SGT">
          <params>
            <param index="0">
              <value>
                <![CDATA["NHS Eligibility checker with different benefits other than universal credit payment, having pension savings credit and not live in care home"]]>
              </value>
            </param>
            <param index="1">
              <value>
                <![CDATA["Optional[As a person from Wales]"]]>
              </value>
            </param>
          </params>
          <reporter-output>
            <line>
              <![CDATA[Based on what you've told us
You get help with NHS costs]]>
            </line>
          </reporter-output>
        </test-method> <!-- scenario -->
        <test-method status="PASS" signature="tearDownBrowser()[pri:0, instance:runner.TestRunner@2d8f65a4]" name="tearDownBrowser" is-config="true" duration-ms="1096" started-at="2021-10-24T19:55:35 SGT" finished-at="2021-10-24T19:55:36 SGT">
          <reporter-output>
          </reporter-output>
        </test-method> <!-- tearDownBrowser -->
        <test-method status="PASS" signature="setUpBrowser(java.lang.String)[pri:0, instance:runner.TestRunner@2d8f65a4]" name="setUpBrowser" is-config="true" duration-ms="9087" started-at="2021-10-24T19:55:36 SGT" finished-at="2021-10-24T19:55:45 SGT">
          <params>
            <param index="0">
              <value>
                <![CDATA[firefox]]>
              </value>
            </param>
          </params>
          <reporter-output>
          </reporter-output>
        </test-method> <!-- setUpBrowser -->
        <test-method status="PASS" signature="scenario(io.cucumber.testng.PickleWrapper,io.cucumber.testng.FeatureWrapper)[pri:0, instance:runner.TestRunner@2d8f65a4]" name="scenario" duration-ms="12228" started-at="2021-10-24T19:55:45 SGT" description="Runs Cucumber Scenarios" data-provider="scenarios" finished-at="2021-10-24T19:55:58 SGT">
          <params>
            <param index="0">
              <value>
                <![CDATA["NHS Eligibility checker with different benefits other than universal credit payment, having pension savings credit and not live in care home"]]>
              </value>
            </param>
            <param index="1">
              <value>
                <![CDATA["Optional[As a person from Wales]"]]>
              </value>
            </param>
          </params>
          <reporter-output>
            <line>
              <![CDATA[Based on what you've told us
You get help with NHS costs]]>
            </line>
          </reporter-output>
        </test-method> <!-- scenario -->
        <test-method status="PASS" signature="tearDownBrowser()[pri:0, instance:runner.TestRunner@2d8f65a4]" name="tearDownBrowser" is-config="true" duration-ms="1352" started-at="2021-10-24T19:55:58 SGT" finished-at="2021-10-24T19:55:59 SGT">
          <reporter-output>
          </reporter-output>
        </test-method> <!-- tearDownBrowser -->
        <test-method status="PASS" signature="setUpBrowser(java.lang.String)[pri:0, instance:runner.TestRunner@2d8f65a4]" name="setUpBrowser" is-config="true" duration-ms="9825" started-at="2021-10-24T19:55:59 SGT" finished-at="2021-10-24T19:56:09 SGT">
          <params>
            <param index="0">
              <value>
                <![CDATA[firefox]]>
              </value>
            </param>
          </params>
          <reporter-output>
          </reporter-output>
        </test-method> <!-- setUpBrowser -->
        <test-method status="PASS" signature="scenario(io.cucumber.testng.PickleWrapper,io.cucumber.testng.FeatureWrapper)[pri:0, instance:runner.TestRunner@2d8f65a4]" name="scenario" duration-ms="11045" started-at="2021-10-24T19:56:09 SGT" description="Runs Cucumber Scenarios" data-provider="scenarios" finished-at="2021-10-24T19:56:20 SGT">
          <params>
            <param index="0">
              <value>
                <![CDATA["NHS Eligibility checker with different benefits other than universal credit payment, having no benefits and live in care home with help of local council"]]>
              </value>
            </param>
            <param index="1">
              <value>
                <![CDATA["Optional[As a person from Wales]"]]>
              </value>
            </param>
          </params>
          <reporter-output>
            <line>
              <![CDATA[Based on what you've told us
You can apply for help with NHS costs]]>
            </line>
          </reporter-output>
        </test-method> <!-- scenario -->
        <test-method status="PASS" signature="tearDownBrowser()[pri:0, instance:runner.TestRunner@2d8f65a4]" name="tearDownBrowser" is-config="true" duration-ms="1369" started-at="2021-10-24T19:56:20 SGT" finished-at="2021-10-24T19:56:21 SGT">
          <reporter-output>
          </reporter-output>
        </test-method> <!-- tearDownBrowser -->
        <test-method status="PASS" signature="setUpBrowser(java.lang.String)[pri:0, instance:runner.TestRunner@2d8f65a4]" name="setUpBrowser" is-config="true" duration-ms="9804" started-at="2021-10-24T19:56:21 SGT" finished-at="2021-10-24T19:56:31 SGT">
          <params>
            <param index="0">
              <value>
                <![CDATA[firefox]]>
              </value>
            </param>
          </params>
          <reporter-output>
          </reporter-output>
        </test-method> <!-- setUpBrowser -->
        <test-method status="PASS" signature="scenario(io.cucumber.testng.PickleWrapper,io.cucumber.testng.FeatureWrapper)[pri:0, instance:runner.TestRunner@2d8f65a4]" name="scenario" duration-ms="11379" started-at="2021-10-24T19:56:31 SGT" description="Runs Cucumber Scenarios" data-provider="scenarios" finished-at="2021-10-24T19:56:42 SGT">
          <params>
            <param index="0">
              <value>
                <![CDATA["NHS Eligibility checker with different benefits other than universal credit payment, having no benefits and live in care home with help of local council"]]>
              </value>
            </param>
            <param index="1">
              <value>
                <![CDATA["Optional[As a person from Wales]"]]>
              </value>
            </param>
          </params>
          <reporter-output>
            <line>
              <![CDATA[Based on what you've told us
You can apply for help with NHS costs]]>
            </line>
          </reporter-output>
        </test-method> <!-- scenario -->
        <test-method status="PASS" signature="tearDownBrowser()[pri:0, instance:runner.TestRunner@2d8f65a4]" name="tearDownBrowser" is-config="true" duration-ms="1356" started-at="2021-10-24T19:56:42 SGT" finished-at="2021-10-24T19:56:44 SGT">
          <reporter-output>
          </reporter-output>
        </test-method> <!-- tearDownBrowser -->
        <test-method status="PASS" signature="setUpBrowser(java.lang.String)[pri:0, instance:runner.TestRunner@2d8f65a4]" name="setUpBrowser" is-config="true" duration-ms="9596" started-at="2021-10-24T19:56:44 SGT" finished-at="2021-10-24T19:56:53 SGT">
          <params>
            <param index="0">
              <value>
                <![CDATA[firefox]]>
              </value>
            </param>
          </params>
          <reporter-output>
          </reporter-output>
        </test-method> <!-- setUpBrowser -->
        <test-method status="PASS" signature="scenario(io.cucumber.testng.PickleWrapper,io.cucumber.testng.FeatureWrapper)[pri:0, instance:runner.TestRunner@2d8f65a4]" name="scenario" duration-ms="12238" started-at="2021-10-24T19:56:53 SGT" description="Runs Cucumber Scenarios" data-provider="scenarios" finished-at="2021-10-24T19:57:06 SGT">
          <params>
            <param index="0">
              <value>
                <![CDATA["NHS Eligibility checker with different benefits other than universal credit payment, having no benefits and live in care home with out help of local council"]]>
              </value>
            </param>
            <param index="1">
              <value>
                <![CDATA["Optional[As a person from Wales]"]]>
              </value>
            </param>
          </params>
          <reporter-output>
            <line>
              <![CDATA[Based on what you've told us
You get help with NHS costs]]>
            </line>
          </reporter-output>
        </test-method> <!-- scenario -->
        <test-method status="PASS" signature="tearDownBrowser()[pri:0, instance:runner.TestRunner@2d8f65a4]" name="tearDownBrowser" is-config="true" duration-ms="1323" started-at="2021-10-24T19:57:06 SGT" finished-at="2021-10-24T19:57:07 SGT">
          <reporter-output>
          </reporter-output>
        </test-method> <!-- tearDownBrowser -->
        <test-method status="PASS" signature="setUpBrowser(java.lang.String)[pri:0, instance:runner.TestRunner@2d8f65a4]" name="setUpBrowser" is-config="true" duration-ms="9136" started-at="2021-10-24T19:57:07 SGT" finished-at="2021-10-24T19:57:16 SGT">
          <params>
            <param index="0">
              <value>
                <![CDATA[firefox]]>
              </value>
            </param>
          </params>
          <reporter-output>
          </reporter-output>
        </test-method> <!-- setUpBrowser -->
        <test-method status="PASS" signature="scenario(io.cucumber.testng.PickleWrapper,io.cucumber.testng.FeatureWrapper)[pri:0, instance:runner.TestRunner@2d8f65a4]" name="scenario" duration-ms="12105" started-at="2021-10-24T19:57:16 SGT" description="Runs Cucumber Scenarios" data-provider="scenarios" finished-at="2021-10-24T19:57:28 SGT">
          <params>
            <param index="0">
              <value>
                <![CDATA["NHS Eligibility checker with different benefits other than universal credit payment, having no benefits and live in care home with out help of local council"]]>
              </value>
            </param>
            <param index="1">
              <value>
                <![CDATA["Optional[As a person from Wales]"]]>
              </value>
            </param>
          </params>
          <reporter-output>
            <line>
              <![CDATA[Based on what you've told us
You get help with NHS costs]]>
            </line>
          </reporter-output>
        </test-method> <!-- scenario -->
        <test-method status="PASS" signature="tearDownBrowser()[pri:0, instance:runner.TestRunner@2d8f65a4]" name="tearDownBrowser" is-config="true" duration-ms="1099" started-at="2021-10-24T19:57:28 SGT" finished-at="2021-10-24T19:57:29 SGT">
          <reporter-output>
          </reporter-output>
        </test-method> <!-- tearDownBrowser -->
        <test-method status="PASS" signature="setUpBrowser(java.lang.String)[pri:0, instance:runner.TestRunner@2d8f65a4]" name="setUpBrowser" is-config="true" duration-ms="9572" started-at="2021-10-24T19:57:29 SGT" finished-at="2021-10-24T19:57:39 SGT">
          <params>
            <param index="0">
              <value>
                <![CDATA[firefox]]>
              </value>
            </param>
          </params>
          <reporter-output>
          </reporter-output>
        </test-method> <!-- setUpBrowser -->
        <test-method status="PASS" signature="scenario(io.cucumber.testng.PickleWrapper,io.cucumber.testng.FeatureWrapper)[pri:0, instance:runner.TestRunner@2d8f65a4]" name="scenario" duration-ms="11398" started-at="2021-10-24T19:57:39 SGT" description="Runs Cucumber Scenarios" data-provider="scenarios" finished-at="2021-10-24T19:57:50 SGT">
          <params>
            <param index="0">
              <value>
                <![CDATA["NHS Eligibility checker with different benefits other than universal credit payment , having no benefits and not live in care home"]]>
              </value>
            </param>
            <param index="1">
              <value>
                <![CDATA["Optional[As a person from Wales]"]]>
              </value>
            </param>
          </params>
          <reporter-output>
            <line>
              <![CDATA[Based on what you've told us
You get help with NHS costs]]>
            </line>
          </reporter-output>
        </test-method> <!-- scenario -->
        <test-method status="PASS" signature="tearDownBrowser()[pri:0, instance:runner.TestRunner@2d8f65a4]" name="tearDownBrowser" is-config="true" duration-ms="1106" started-at="2021-10-24T19:57:50 SGT" finished-at="2021-10-24T19:57:51 SGT">
          <reporter-output>
          </reporter-output>
        </test-method> <!-- tearDownBrowser -->
        <test-method status="PASS" signature="setUpBrowser(java.lang.String)[pri:0, instance:runner.TestRunner@2d8f65a4]" name="setUpBrowser" is-config="true" duration-ms="9205" started-at="2021-10-24T19:57:51 SGT" finished-at="2021-10-24T19:58:01 SGT">
          <params>
            <param index="0">
              <value>
                <![CDATA[firefox]]>
              </value>
            </param>
          </params>
          <reporter-output>
          </reporter-output>
        </test-method> <!-- setUpBrowser -->
        <test-method status="PASS" signature="scenario(io.cucumber.testng.PickleWrapper,io.cucumber.testng.FeatureWrapper)[pri:0, instance:runner.TestRunner@2d8f65a4]" name="scenario" duration-ms="11639" started-at="2021-10-24T19:58:01 SGT" description="Runs Cucumber Scenarios" data-provider="scenarios" finished-at="2021-10-24T19:58:12 SGT">
          <params>
            <param index="0">
              <value>
                <![CDATA["NHS Eligibility checker with different benefits other than universal credit payment , having no benefits and not live in care home"]]>
              </value>
            </param>
            <param index="1">
              <value>
                <![CDATA["Optional[As a person from Wales]"]]>
              </value>
            </param>
          </params>
          <reporter-output>
            <line>
              <![CDATA[Based on what you've told us
You get help with NHS costs]]>
            </line>
          </reporter-output>
        </test-method> <!-- scenario -->
        <test-method status="PASS" signature="tearDownBrowser()[pri:0, instance:runner.TestRunner@2d8f65a4]" name="tearDownBrowser" is-config="true" duration-ms="1215" started-at="2021-10-24T19:58:12 SGT" finished-at="2021-10-24T19:58:13 SGT">
          <reporter-output>
          </reporter-output>
        </test-method> <!-- tearDownBrowser -->
        <test-method status="PASS" signature="tearDownClass()[pri:0, instance:runner.TestRunner@2d8f65a4]" name="tearDownClass" is-config="true" duration-ms="2" started-at="2021-10-24T19:58:13 SGT" finished-at="2021-10-24T19:58:13 SGT">
          <reporter-output>
          </reporter-output>
        </test-method> <!-- tearDownClass -->
      </class> <!-- runner.TestRunner -->
    </test> <!-- FirefoxTest -->
  </suite> <!-- NHSBSACostChecker -->
</testng-results>
