<?xml version="1.0" encoding="UTF-8"?>
<testng-results ignored="0" total="118" passed="0" failed="118" skipped="0">
  <reporter-output>
  </reporter-output>
  <suite started-at="2021-10-24T20:06:29 SGT" name="NHSBSACostChecker" finished-at="2021-10-24T20:24:40 SGT" duration-ms="1091384">
    <groups>
      <group name="cucumber">
        <method signature="TestRunner.scenario(io.cucumber.testng.PickleWrapper,io.cucumber.testng.FeatureWrapper)[pri:0, instance:runner.TestRunner@4310d43]" name="scenario" class="runner.TestRunner"/>
      </group> <!-- cucumber -->
    </groups>
    <test started-at="2021-10-24T20:06:29 SGT" name="ChromeTest" finished-at="2021-10-24T20:24:40 SGT" duration-ms="1091384">
      <class name="runner.TestRunner">
        <test-method is-config="true" signature="setUpClass()[pri:0, instance:runner.TestRunner@4310d43]" started-at="2021-10-24T20:06:29 SGT" name="setUpClass" finished-at="2021-10-24T20:06:30 SGT" duration-ms="730" status="PASS">
          <reporter-output>
          </reporter-output>
        </test-method> <!-- setUpClass -->
        <test-method is-config="true" signature="setUpBrowser(java.lang.String)[pri:0, instance:runner.TestRunner@4310d43]" started-at="2021-10-24T20:06:30 SGT" name="setUpBrowser" finished-at="2021-10-24T20:06:37 SGT" duration-ms="7735" status="PASS">
          <params>
            <param index="0">
              <value>
                <![CDATA[chrome]]>
              </value>
            </param>
          </params>
          <reporter-output>
          </reporter-output>
        </test-method> <!-- setUpBrowser -->
        <test-method signature="scenario(io.cucumber.testng.PickleWrapper,io.cucumber.testng.FeatureWrapper)[pri:0, instance:runner.TestRunner@4310d43]" started-at="2021-10-24T20:06:37 SGT" name="scenario" description="Runs Cucumber Scenarios" data-provider="scenarios" finished-at="2021-10-24T20:06:41 SGT" duration-ms="3367" status="FAIL">
          <params>
            <param index="0">
              <value>
                <![CDATA["NHS Eligibility checker with claiming benefits"]]>
              </value>
            </param>
            <param index="1">
              <value>
                <![CDATA["Optional[As a person from Wales]"]]>
              </value>
            </param>
          </params>
          <exception class="io.cucumber.testng.UndefinedStepException">
            <message>
              <![CDATA[The step 'Me or My partner (if partner exists) claim any benefits - "yes"' and 3 other step(s) are undefined.
You can implement these steps using the snippet(s) below:

@When("Me or My partner \\(if partner exists) claim any benefits - {string}")
public void me_or_my_partner_if_partner_exists_claim_any_benefits(String string) {
    // Write code here that turns the phrase above into concrete actions
    throw new io.cucumber.java.PendingException();
}
@When("Me or My partner \\(if partner exists) getting universal credits - {string}")
public void me_or_my_partner_if_partner_exists_getting_universal_credits(String string) {
    // Write code here that turns the phrase above into concrete actions
    throw new io.cucumber.java.PendingException();
}
@When("Me or My partner \\(if partner exists) getting any of the universal credit benefits - {string}")
public void me_or_my_partner_if_partner_exists_getting_any_of_the_universal_credit_benefits(String string) {
    // Write code here that turns the phrase above into concrete actions
    throw new io.cucumber.java.PendingException();
}
@When("Me or My partner \\(if partner exists) take home pay less than {string} {string}")
public void me_or_my_partner_if_partner_exists_take_home_pay_less_than(String string, String string2) {
    // Write code here that turns the phrase above into concrete actions
    throw new io.cucumber.java.PendingException();
}
]]>
            </message>
            <full-stacktrace>
              <![CDATA[io.cucumber.testng.UndefinedStepException: The step 'Me or My partner (if partner exists) claim any benefits - "yes"' and 3 other step(s) are undefined.
You can implement these steps using the snippet(s) below:

@When("Me or My partner \\(if partner exists) claim any benefits - {string}")
public void me_or_my_partner_if_partner_exists_claim_any_benefits(String string) {
    // Write code here that turns the phrase above into concrete actions
    throw new io.cucumber.java.PendingException();
}
@When("Me or My partner \\(if partner exists) getting universal credits - {string}")
public void me_or_my_partner_if_partner_exists_getting_universal_credits(String string) {
    // Write code here that turns the phrase above into concrete actions
    throw new io.cucumber.java.PendingException();
}
@When("Me or My partner \\(if partner exists) getting any of the universal credit benefits - {string}")
public void me_or_my_partner_if_partner_exists_getting_any_of_the_universal_credit_benefits(String string) {
    // Write code here that turns the phrase above into concrete actions
    throw new io.cucumber.java.PendingException();
}
@When("Me or My partner \\(if partner exists) take home pay less than {string} {string}")
public void me_or_my_partner_if_partner_exists_take_home_pay_less_than(String string, String string2) {
    // Write code here that turns the phrase above into concrete actions
    throw new io.cucumber.java.PendingException();
}

at io.cucumber.core.runtime.TestCaseResultObserver.assertTestCasePassed(TestCaseResultObserver.java:69)
at io.cucumber.testng.TestCaseResultObserver.assertTestCasePassed(TestCaseResultObserver.java:23)
at io.cucumber.testng.TestNGCucumberRunner.lambda$runScenario$1(TestNGCucumberRunner.java:133)
at io.cucumber.core.runtime.CucumberExecutionContext.lambda$runTestCase$3(CucumberExecutionContext.java:110)
at io.cucumber.core.runtime.RethrowingThrowableCollector.executeAndThrow(RethrowingThrowableCollector.java:23)
at io.cucumber.core.runtime.CucumberExecutionContext.runTestCase(CucumberExecutionContext.java:110)
at io.cucumber.testng.TestNGCucumberRunner.runScenario(TestNGCucumberRunner.java:129)
at runner.TestRunner.scenario(TestRunner.java:52)
at java.base/jdk.internal.reflect.NativeMethodAccessorImpl.invoke0(Native Method)
at java.base/jdk.internal.reflect.NativeMethodAccessorImpl.invoke(NativeMethodAccessorImpl.java:62)
at java.base/jdk.internal.reflect.DelegatingMethodAccessorImpl.invoke(DelegatingMethodAccessorImpl.java:43)
at java.base/java.lang.reflect.Method.invoke(Method.java:566)
at org.testng.internal.MethodInvocationHelper.invokeMethod(MethodInvocationHelper.java:133)
at org.testng.internal.TestInvoker.invokeMethod(TestInvoker.java:598)
at org.testng.internal.TestInvoker.invokeTestMethod(TestInvoker.java:173)
at org.testng.internal.MethodRunner.runInSequence(MethodRunner.java:46)
at org.testng.internal.TestInvoker$MethodInvocationAgent.invoke(TestInvoker.java:824)
at org.testng.internal.TestInvoker.invokeTestMethods(TestInvoker.java:146)
at org.testng.internal.TestMethodWorker.invokeTestMethods(TestMethodWorker.java:146)
at org.testng.internal.TestMethodWorker.run(TestMethodWorker.java:128)
at java.base/java.util.ArrayList.forEach(ArrayList.java:1541)
at org.testng.TestRunner.privateRun(TestRunner.java:794)
at org.testng.TestRunner.run(TestRunner.java:596)
at org.testng.SuiteRunner.runTest(SuiteRunner.java:377)
at org.testng.SuiteRunner.access$000(SuiteRunner.java:28)
at org.testng.SuiteRunner$SuiteWorker.run(SuiteRunner.java:418)
at org.testng.internal.thread.ThreadUtil.lambda$execute$0(ThreadUtil.java:64)
at java.base/java.util.concurrent.FutureTask.run(FutureTask.java:264)
at java.base/java.util.concurrent.ThreadPoolExecutor.runWorker(ThreadPoolExecutor.java:1128)
at java.base/java.util.concurrent.ThreadPoolExecutor$Worker.run(ThreadPoolExecutor.java:628)
at java.base/java.lang.Thread.run(Thread.java:829)
]]>
            </full-stacktrace>
          </exception> <!-- io.cucumber.testng.UndefinedStepException -->
          <reporter-output>
          </reporter-output>
        </test-method> <!-- scenario -->
        <test-method is-config="true" signature="tearDownBrowser()[pri:0, instance:runner.TestRunner@4310d43]" started-at="2021-10-24T20:06:41 SGT" name="tearDownBrowser" finished-at="2021-10-24T20:06:41 SGT" duration-ms="676" status="PASS">
          <reporter-output>
          </reporter-output>
        </test-method> <!-- tearDownBrowser -->
        <test-method is-config="true" signature="setUpBrowser(java.lang.String)[pri:0, instance:runner.TestRunner@4310d43]" started-at="2021-10-24T20:06:41 SGT" name="setUpBrowser" finished-at="2021-10-24T20:06:47 SGT" duration-ms="5309" status="PASS">
          <params>
            <param index="0">
              <value>
                <![CDATA[chrome]]>
              </value>
            </param>
          </params>
          <reporter-output>
          </reporter-output>
        </test-method> <!-- setUpBrowser -->
        <test-method signature="scenario(io.cucumber.testng.PickleWrapper,io.cucumber.testng.FeatureWrapper)[pri:0, instance:runner.TestRunner@4310d43]" started-at="2021-10-24T20:06:47 SGT" name="scenario" description="Runs Cucumber Scenarios" data-provider="scenarios" finished-at="2021-10-24T20:06:50 SGT" duration-ms="2948" status="FAIL">
          <params>
            <param index="0">
              <value>
                <![CDATA["NHS Eligibility checker with claiming benefits"]]>
              </value>
            </param>
            <param index="1">
              <value>
                <![CDATA["Optional[As a person from Wales]"]]>
              </value>
            </param>
          </params>
          <exception class="io.cucumber.testng.UndefinedStepException">
            <message>
              <![CDATA[The step 'Me or My partner (if partner exists) claim any benefits - "yes"' and 3 other step(s) are undefined.
You can implement these steps using the snippet(s) below:

@When("Me or My partner \\(if partner exists) claim any benefits - {string}")
public void me_or_my_partner_if_partner_exists_claim_any_benefits(String string) {
    // Write code here that turns the phrase above into concrete actions
    throw new io.cucumber.java.PendingException();
}
@When("Me or My partner \\(if partner exists) getting universal credits - {string}")
public void me_or_my_partner_if_partner_exists_getting_universal_credits(String string) {
    // Write code here that turns the phrase above into concrete actions
    throw new io.cucumber.java.PendingException();
}
@When("Me or My partner \\(if partner exists) getting any of the universal credit benefits - {string}")
public void me_or_my_partner_if_partner_exists_getting_any_of_the_universal_credit_benefits(String string) {
    // Write code here that turns the phrase above into concrete actions
    throw new io.cucumber.java.PendingException();
}
@When("Me or My partner \\(if partner exists) take home pay less than {string} {string}")
public void me_or_my_partner_if_partner_exists_take_home_pay_less_than(String string, String string2) {
    // Write code here that turns the phrase above into concrete actions
    throw new io.cucumber.java.PendingException();
}
]]>
            </message>
            <full-stacktrace>
              <![CDATA[io.cucumber.testng.UndefinedStepException: The step 'Me or My partner (if partner exists) claim any benefits - "yes"' and 3 other step(s) are undefined.
You can implement these steps using the snippet(s) below:

@When("Me or My partner \\(if partner exists) claim any benefits - {string}")
public void me_or_my_partner_if_partner_exists_claim_any_benefits(String string) {
    // Write code here that turns the phrase above into concrete actions
    throw new io.cucumber.java.PendingException();
}
@When("Me or My partner \\(if partner exists) getting universal credits - {string}")
public void me_or_my_partner_if_partner_exists_getting_universal_credits(String string) {
    // Write code here that turns the phrase above into concrete actions
    throw new io.cucumber.java.PendingException();
}
@When("Me or My partner \\(if partner exists) getting any of the universal credit benefits - {string}")
public void me_or_my_partner_if_partner_exists_getting_any_of_the_universal_credit_benefits(String string) {
    // Write code here that turns the phrase above into concrete actions
    throw new io.cucumber.java.PendingException();
}
@When("Me or My partner \\(if partner exists) take home pay less than {string} {string}")
public void me_or_my_partner_if_partner_exists_take_home_pay_less_than(String string, String string2) {
    // Write code here that turns the phrase above into concrete actions
    throw new io.cucumber.java.PendingException();
}

at io.cucumber.core.runtime.TestCaseResultObserver.assertTestCasePassed(TestCaseResultObserver.java:69)
at io.cucumber.testng.TestCaseResultObserver.assertTestCasePassed(TestCaseResultObserver.java:23)
at io.cucumber.testng.TestNGCucumberRunner.lambda$runScenario$1(TestNGCucumberRunner.java:133)
at io.cucumber.core.runtime.CucumberExecutionContext.lambda$runTestCase$3(CucumberExecutionContext.java:110)
at io.cucumber.core.runtime.RethrowingThrowableCollector.executeAndThrow(RethrowingThrowableCollector.java:23)
at io.cucumber.core.runtime.CucumberExecutionContext.runTestCase(CucumberExecutionContext.java:110)
at io.cucumber.testng.TestNGCucumberRunner.runScenario(TestNGCucumberRunner.java:129)
at runner.TestRunner.scenario(TestRunner.java:52)
at java.base/jdk.internal.reflect.NativeMethodAccessorImpl.invoke0(Native Method)
at java.base/jdk.internal.reflect.NativeMethodAccessorImpl.invoke(NativeMethodAccessorImpl.java:62)
at java.base/jdk.internal.reflect.DelegatingMethodAccessorImpl.invoke(DelegatingMethodAccessorImpl.java:43)
at java.base/java.lang.reflect.Method.invoke(Method.java:566)
at org.testng.internal.MethodInvocationHelper.invokeMethod(MethodInvocationHelper.java:133)
at org.testng.internal.TestInvoker.invokeMethod(TestInvoker.java:598)
at org.testng.internal.TestInvoker.invokeTestMethod(TestInvoker.java:173)
at org.testng.internal.MethodRunner.runInSequence(MethodRunner.java:46)
at org.testng.internal.TestInvoker$MethodInvocationAgent.invoke(TestInvoker.java:824)
at org.testng.internal.TestInvoker.invokeTestMethods(TestInvoker.java:146)
at org.testng.internal.TestMethodWorker.invokeTestMethods(TestMethodWorker.java:146)
at org.testng.internal.TestMethodWorker.run(TestMethodWorker.java:128)
at java.base/java.util.ArrayList.forEach(ArrayList.java:1541)
at org.testng.TestRunner.privateRun(TestRunner.java:794)
at org.testng.TestRunner.run(TestRunner.java:596)
at org.testng.SuiteRunner.runTest(SuiteRunner.java:377)
at org.testng.SuiteRunner.access$000(SuiteRunner.java:28)
at org.testng.SuiteRunner$SuiteWorker.run(SuiteRunner.java:418)
at org.testng.internal.thread.ThreadUtil.lambda$execute$0(ThreadUtil.java:64)
at java.base/java.util.concurrent.FutureTask.run(FutureTask.java:264)
at java.base/java.util.concurrent.ThreadPoolExecutor.runWorker(ThreadPoolExecutor.java:1128)
at java.base/java.util.concurrent.ThreadPoolExecutor$Worker.run(ThreadPoolExecutor.java:628)
at java.base/java.lang.Thread.run(Thread.java:829)
]]>
            </full-stacktrace>
          </exception> <!-- io.cucumber.testng.UndefinedStepException -->
          <reporter-output>
          </reporter-output>
        </test-method> <!-- scenario -->
        <test-method is-config="true" signature="tearDownBrowser()[pri:0, instance:runner.TestRunner@4310d43]" started-at="2021-10-24T20:06:50 SGT" name="tearDownBrowser" finished-at="2021-10-24T20:06:50 SGT" duration-ms="704" status="PASS">
          <reporter-output>
          </reporter-output>
        </test-method> <!-- tearDownBrowser -->
        <test-method is-config="true" signature="setUpBrowser(java.lang.String)[pri:0, instance:runner.TestRunner@4310d43]" started-at="2021-10-24T20:06:50 SGT" name="setUpBrowser" finished-at="2021-10-24T20:06:56 SGT" duration-ms="5595" status="PASS">
          <params>
            <param index="0">
              <value>
                <![CDATA[chrome]]>
              </value>
            </param>
          </params>
          <reporter-output>
          </reporter-output>
        </test-method> <!-- setUpBrowser -->
        <test-method signature="scenario(io.cucumber.testng.PickleWrapper,io.cucumber.testng.FeatureWrapper)[pri:0, instance:runner.TestRunner@4310d43]" started-at="2021-10-24T20:06:56 SGT" name="scenario" description="Runs Cucumber Scenarios" data-provider="scenarios" finished-at="2021-10-24T20:06:59 SGT" duration-ms="3201" status="FAIL">
          <params>
            <param index="0">
              <value>
                <![CDATA["NHS Eligibility checker without claiming benefits"]]>
              </value>
            </param>
            <param index="1">
              <value>
                <![CDATA["Optional[As a person from Wales]"]]>
              </value>
            </param>
          </params>
          <exception class="io.cucumber.testng.UndefinedStepException">
            <message>
              <![CDATA[The step 'Me or My partner (if partner exists) claim any benefits - "no"' is undefined.
You can implement this step using the snippet(s) below:

@When("Me or My partner \\(if partner exists) claim any benefits - {string}")
public void me_or_my_partner_if_partner_exists_claim_any_benefits(String string) {
    // Write code here that turns the phrase above into concrete actions
    throw new io.cucumber.java.PendingException();
}
]]>
            </message>
            <full-stacktrace>
              <![CDATA[io.cucumber.testng.UndefinedStepException: The step 'Me or My partner (if partner exists) claim any benefits - "no"' is undefined.
You can implement this step using the snippet(s) below:

@When("Me or My partner \\(if partner exists) claim any benefits - {string}")
public void me_or_my_partner_if_partner_exists_claim_any_benefits(String string) {
    // Write code here that turns the phrase above into concrete actions
    throw new io.cucumber.java.PendingException();
}

at io.cucumber.core.runtime.TestCaseResultObserver.assertTestCasePassed(TestCaseResultObserver.java:69)
at io.cucumber.testng.TestCaseResultObserver.assertTestCasePassed(TestCaseResultObserver.java:23)
at io.cucumber.testng.TestNGCucumberRunner.lambda$runScenario$1(TestNGCucumberRunner.java:133)
at io.cucumber.core.runtime.CucumberExecutionContext.lambda$runTestCase$3(CucumberExecutionContext.java:110)
at io.cucumber.core.runtime.RethrowingThrowableCollector.executeAndThrow(RethrowingThrowableCollector.java:23)
at io.cucumber.core.runtime.CucumberExecutionContext.runTestCase(CucumberExecutionContext.java:110)
at io.cucumber.testng.TestNGCucumberRunner.runScenario(TestNGCucumberRunner.java:129)
at runner.TestRunner.scenario(TestRunner.java:52)
at java.base/jdk.internal.reflect.NativeMethodAccessorImpl.invoke0(Native Method)
at java.base/jdk.internal.reflect.NativeMethodAccessorImpl.invoke(NativeMethodAccessorImpl.java:62)
at java.base/jdk.internal.reflect.DelegatingMethodAccessorImpl.invoke(DelegatingMethodAccessorImpl.java:43)
at java.base/java.lang.reflect.Method.invoke(Method.java:566)
at org.testng.internal.MethodInvocationHelper.invokeMethod(MethodInvocationHelper.java:133)
at org.testng.internal.TestInvoker.invokeMethod(TestInvoker.java:598)
at org.testng.internal.TestInvoker.invokeTestMethod(TestInvoker.java:173)
at org.testng.internal.MethodRunner.runInSequence(MethodRunner.java:46)
at org.testng.internal.TestInvoker$MethodInvocationAgent.invoke(TestInvoker.java:824)
at org.testng.internal.TestInvoker.invokeTestMethods(TestInvoker.java:146)
at org.testng.internal.TestMethodWorker.invokeTestMethods(TestMethodWorker.java:146)
at org.testng.internal.TestMethodWorker.run(TestMethodWorker.java:128)
at java.base/java.util.ArrayList.forEach(ArrayList.java:1541)
at org.testng.TestRunner.privateRun(TestRunner.java:794)
at org.testng.TestRunner.run(TestRunner.java:596)
at org.testng.SuiteRunner.runTest(SuiteRunner.java:377)
at org.testng.SuiteRunner.access$000(SuiteRunner.java:28)
at org.testng.SuiteRunner$SuiteWorker.run(SuiteRunner.java:418)
at org.testng.internal.thread.ThreadUtil.lambda$execute$0(ThreadUtil.java:64)
at java.base/java.util.concurrent.FutureTask.run(FutureTask.java:264)
at java.base/java.util.concurrent.ThreadPoolExecutor.runWorker(ThreadPoolExecutor.java:1128)
at java.base/java.util.concurrent.ThreadPoolExecutor$Worker.run(ThreadPoolExecutor.java:628)
at java.base/java.lang.Thread.run(Thread.java:829)
]]>
            </full-stacktrace>
          </exception> <!-- io.cucumber.testng.UndefinedStepException -->
          <reporter-output>
          </reporter-output>
        </test-method> <!-- scenario -->
        <test-method is-config="true" signature="tearDownBrowser()[pri:0, instance:runner.TestRunner@4310d43]" started-at="2021-10-24T20:06:59 SGT" name="tearDownBrowser" finished-at="2021-10-24T20:07:00 SGT" duration-ms="672" status="PASS">
          <reporter-output>
          </reporter-output>
        </test-method> <!-- tearDownBrowser -->
        <test-method is-config="true" signature="setUpBrowser(java.lang.String)[pri:0, instance:runner.TestRunner@4310d43]" started-at="2021-10-24T20:07:00 SGT" name="setUpBrowser" finished-at="2021-10-24T20:07:05 SGT" duration-ms="5213" status="PASS">
          <params>
            <param index="0">
              <value>
                <![CDATA[chrome]]>
              </value>
            </param>
          </params>
          <reporter-output>
          </reporter-output>
        </test-method> <!-- setUpBrowser -->
        <test-method signature="scenario(io.cucumber.testng.PickleWrapper,io.cucumber.testng.FeatureWrapper)[pri:0, instance:runner.TestRunner@4310d43]" started-at="2021-10-24T20:07:05 SGT" name="scenario" description="Runs Cucumber Scenarios" data-provider="scenarios" finished-at="2021-10-24T20:07:08 SGT" duration-ms="2874" status="FAIL">
          <params>
            <param index="0">
              <value>
                <![CDATA["NHS Eligibility checker without claiming benefits"]]>
              </value>
            </param>
            <param index="1">
              <value>
                <![CDATA["Optional[As a person from Wales]"]]>
              </value>
            </param>
          </params>
          <exception class="io.cucumber.testng.UndefinedStepException">
            <message>
              <![CDATA[The step 'Me or My partner (if partner exists) claim any benefits - "no"' is undefined.
You can implement this step using the snippet(s) below:

@When("Me or My partner \\(if partner exists) claim any benefits - {string}")
public void me_or_my_partner_if_partner_exists_claim_any_benefits(String string) {
    // Write code here that turns the phrase above into concrete actions
    throw new io.cucumber.java.PendingException();
}
]]>
            </message>
            <full-stacktrace>
              <![CDATA[io.cucumber.testng.UndefinedStepException: The step 'Me or My partner (if partner exists) claim any benefits - "no"' is undefined.
You can implement this step using the snippet(s) below:

@When("Me or My partner \\(if partner exists) claim any benefits - {string}")
public void me_or_my_partner_if_partner_exists_claim_any_benefits(String string) {
    // Write code here that turns the phrase above into concrete actions
    throw new io.cucumber.java.PendingException();
}

at io.cucumber.core.runtime.TestCaseResultObserver.assertTestCasePassed(TestCaseResultObserver.java:69)
at io.cucumber.testng.TestCaseResultObserver.assertTestCasePassed(TestCaseResultObserver.java:23)
at io.cucumber.testng.TestNGCucumberRunner.lambda$runScenario$1(TestNGCucumberRunner.java:133)
at io.cucumber.core.runtime.CucumberExecutionContext.lambda$runTestCase$3(CucumberExecutionContext.java:110)
at io.cucumber.core.runtime.RethrowingThrowableCollector.executeAndThrow(RethrowingThrowableCollector.java:23)
at io.cucumber.core.runtime.CucumberExecutionContext.runTestCase(CucumberExecutionContext.java:110)
at io.cucumber.testng.TestNGCucumberRunner.runScenario(TestNGCucumberRunner.java:129)
at runner.TestRunner.scenario(TestRunner.java:52)
at java.base/jdk.internal.reflect.NativeMethodAccessorImpl.invoke0(Native Method)
at java.base/jdk.internal.reflect.NativeMethodAccessorImpl.invoke(NativeMethodAccessorImpl.java:62)
at java.base/jdk.internal.reflect.DelegatingMethodAccessorImpl.invoke(DelegatingMethodAccessorImpl.java:43)
at java.base/java.lang.reflect.Method.invoke(Method.java:566)
at org.testng.internal.MethodInvocationHelper.invokeMethod(MethodInvocationHelper.java:133)
at org.testng.internal.TestInvoker.invokeMethod(TestInvoker.java:598)
at org.testng.internal.TestInvoker.invokeTestMethod(TestInvoker.java:173)
at org.testng.internal.MethodRunner.runInSequence(MethodRunner.java:46)
at org.testng.internal.TestInvoker$MethodInvocationAgent.invoke(TestInvoker.java:824)
at org.testng.internal.TestInvoker.invokeTestMethods(TestInvoker.java:146)
at org.testng.internal.TestMethodWorker.invokeTestMethods(TestMethodWorker.java:146)
at org.testng.internal.TestMethodWorker.run(TestMethodWorker.java:128)
at java.base/java.util.ArrayList.forEach(ArrayList.java:1541)
at org.testng.TestRunner.privateRun(TestRunner.java:794)
at org.testng.TestRunner.run(TestRunner.java:596)
at org.testng.SuiteRunner.runTest(SuiteRunner.java:377)
at org.testng.SuiteRunner.access$000(SuiteRunner.java:28)
at org.testng.SuiteRunner$SuiteWorker.run(SuiteRunner.java:418)
at org.testng.internal.thread.ThreadUtil.lambda$execute$0(ThreadUtil.java:64)
at java.base/java.util.concurrent.FutureTask.run(FutureTask.java:264)
at java.base/java.util.concurrent.ThreadPoolExecutor.runWorker(ThreadPoolExecutor.java:1128)
at java.base/java.util.concurrent.ThreadPoolExecutor$Worker.run(ThreadPoolExecutor.java:628)
at java.base/java.lang.Thread.run(Thread.java:829)
]]>
            </full-stacktrace>
          </exception> <!-- io.cucumber.testng.UndefinedStepException -->
          <reporter-output>
          </reporter-output>
        </test-method> <!-- scenario -->
        <test-method is-config="true" signature="tearDownBrowser()[pri:0, instance:runner.TestRunner@4310d43]" started-at="2021-10-24T20:07:08 SGT" name="tearDownBrowser" finished-at="2021-10-24T20:07:09 SGT" duration-ms="696" status="PASS">
          <reporter-output>
          </reporter-output>
        </test-method> <!-- tearDownBrowser -->
        <test-method is-config="true" signature="setUpBrowser(java.lang.String)[pri:0, instance:runner.TestRunner@4310d43]" started-at="2021-10-24T20:07:09 SGT" name="setUpBrowser" finished-at="2021-10-24T20:07:14 SGT" duration-ms="5311" status="PASS">
          <params>
            <param index="0">
              <value>
                <![CDATA[chrome]]>
              </value>
            </param>
          </params>
          <reporter-output>
          </reporter-output>
        </test-method> <!-- setUpBrowser -->
        <test-method signature="scenario(io.cucumber.testng.PickleWrapper,io.cucumber.testng.FeatureWrapper)[pri:0, instance:runner.TestRunner@4310d43]" started-at="2021-10-24T20:07:14 SGT" name="scenario" description="Runs Cucumber Scenarios" data-provider="scenarios" finished-at="2021-10-24T20:07:17 SGT" duration-ms="3153" status="FAIL">
          <params>
            <param index="0">
              <value>
                <![CDATA["NHS Eligibility checker with claiming benefits but not getting mentioned items and take home pay less than 435"]]>
              </value>
            </param>
            <param index="1">
              <value>
                <![CDATA["Optional[As a person from Wales]"]]>
              </value>
            </param>
          </params>
          <exception class="io.cucumber.testng.UndefinedStepException">
            <message>
              <![CDATA[The step 'Me or My partner (if partner exists) claim any benefits - "yes"' and 3 other step(s) are undefined.
You can implement these steps using the snippet(s) below:

@When("Me or My partner \\(if partner exists) claim any benefits - {string}")
public void me_or_my_partner_if_partner_exists_claim_any_benefits(String string) {
    // Write code here that turns the phrase above into concrete actions
    throw new io.cucumber.java.PendingException();
}
@When("Me or My partner \\(if partner exists) getting universal credits - {string}")
public void me_or_my_partner_if_partner_exists_getting_universal_credits(String string) {
    // Write code here that turns the phrase above into concrete actions
    throw new io.cucumber.java.PendingException();
}
@When("Me or My partner \\(if partner exists) getting any of the universal credit benefits - {string}")
public void me_or_my_partner_if_partner_exists_getting_any_of_the_universal_credit_benefits(String string) {
    // Write code here that turns the phrase above into concrete actions
    throw new io.cucumber.java.PendingException();
}
@When("Me or My partner \\(if partner exists) take home pay less than {string} {string}")
public void me_or_my_partner_if_partner_exists_take_home_pay_less_than(String string, String string2) {
    // Write code here that turns the phrase above into concrete actions
    throw new io.cucumber.java.PendingException();
}
]]>
            </message>
            <full-stacktrace>
              <![CDATA[io.cucumber.testng.UndefinedStepException: The step 'Me or My partner (if partner exists) claim any benefits - "yes"' and 3 other step(s) are undefined.
You can implement these steps using the snippet(s) below:

@When("Me or My partner \\(if partner exists) claim any benefits - {string}")
public void me_or_my_partner_if_partner_exists_claim_any_benefits(String string) {
    // Write code here that turns the phrase above into concrete actions
    throw new io.cucumber.java.PendingException();
}
@When("Me or My partner \\(if partner exists) getting universal credits - {string}")
public void me_or_my_partner_if_partner_exists_getting_universal_credits(String string) {
    // Write code here that turns the phrase above into concrete actions
    throw new io.cucumber.java.PendingException();
}
@When("Me or My partner \\(if partner exists) getting any of the universal credit benefits - {string}")
public void me_or_my_partner_if_partner_exists_getting_any_of_the_universal_credit_benefits(String string) {
    // Write code here that turns the phrase above into concrete actions
    throw new io.cucumber.java.PendingException();
}
@When("Me or My partner \\(if partner exists) take home pay less than {string} {string}")
public void me_or_my_partner_if_partner_exists_take_home_pay_less_than(String string, String string2) {
    // Write code here that turns the phrase above into concrete actions
    throw new io.cucumber.java.PendingException();
}

at io.cucumber.core.runtime.TestCaseResultObserver.assertTestCasePassed(TestCaseResultObserver.java:69)
at io.cucumber.testng.TestCaseResultObserver.assertTestCasePassed(TestCaseResultObserver.java:23)
at io.cucumber.testng.TestNGCucumberRunner.lambda$runScenario$1(TestNGCucumberRunner.java:133)
at io.cucumber.core.runtime.CucumberExecutionContext.lambda$runTestCase$3(CucumberExecutionContext.java:110)
at io.cucumber.core.runtime.RethrowingThrowableCollector.executeAndThrow(RethrowingThrowableCollector.java:23)
at io.cucumber.core.runtime.CucumberExecutionContext.runTestCase(CucumberExecutionContext.java:110)
at io.cucumber.testng.TestNGCucumberRunner.runScenario(TestNGCucumberRunner.java:129)
at runner.TestRunner.scenario(TestRunner.java:52)
at java.base/jdk.internal.reflect.NativeMethodAccessorImpl.invoke0(Native Method)
at java.base/jdk.internal.reflect.NativeMethodAccessorImpl.invoke(NativeMethodAccessorImpl.java:62)
at java.base/jdk.internal.reflect.DelegatingMethodAccessorImpl.invoke(DelegatingMethodAccessorImpl.java:43)
at java.base/java.lang.reflect.Method.invoke(Method.java:566)
at org.testng.internal.MethodInvocationHelper.invokeMethod(MethodInvocationHelper.java:133)
at org.testng.internal.TestInvoker.invokeMethod(TestInvoker.java:598)
at org.testng.internal.TestInvoker.invokeTestMethod(TestInvoker.java:173)
at org.testng.internal.MethodRunner.runInSequence(MethodRunner.java:46)
at org.testng.internal.TestInvoker$MethodInvocationAgent.invoke(TestInvoker.java:824)
at org.testng.internal.TestInvoker.invokeTestMethods(TestInvoker.java:146)
at org.testng.internal.TestMethodWorker.invokeTestMethods(TestMethodWorker.java:146)
at org.testng.internal.TestMethodWorker.run(TestMethodWorker.java:128)
at java.base/java.util.ArrayList.forEach(ArrayList.java:1541)
at org.testng.TestRunner.privateRun(TestRunner.java:794)
at org.testng.TestRunner.run(TestRunner.java:596)
at org.testng.SuiteRunner.runTest(SuiteRunner.java:377)
at org.testng.SuiteRunner.access$000(SuiteRunner.java:28)
at org.testng.SuiteRunner$SuiteWorker.run(SuiteRunner.java:418)
at org.testng.internal.thread.ThreadUtil.lambda$execute$0(ThreadUtil.java:64)
at java.base/java.util.concurrent.FutureTask.run(FutureTask.java:264)
at java.base/java.util.concurrent.ThreadPoolExecutor.runWorker(ThreadPoolExecutor.java:1128)
at java.base/java.util.concurrent.ThreadPoolExecutor$Worker.run(ThreadPoolExecutor.java:628)
at java.base/java.lang.Thread.run(Thread.java:829)
]]>
            </full-stacktrace>
          </exception> <!-- io.cucumber.testng.UndefinedStepException -->
          <reporter-output>
          </reporter-output>
        </test-method> <!-- scenario -->
        <test-method is-config="true" signature="tearDownBrowser()[pri:0, instance:runner.TestRunner@4310d43]" started-at="2021-10-24T20:07:17 SGT" name="tearDownBrowser" finished-at="2021-10-24T20:07:18 SGT" duration-ms="683" status="PASS">
          <reporter-output>
          </reporter-output>
        </test-method> <!-- tearDownBrowser -->
        <test-method is-config="true" signature="setUpBrowser(java.lang.String)[pri:0, instance:runner.TestRunner@4310d43]" started-at="2021-10-24T20:07:18 SGT" name="setUpBrowser" finished-at="2021-10-24T20:07:23 SGT" duration-ms="5477" status="PASS">
          <params>
            <param index="0">
              <value>
                <![CDATA[chrome]]>
              </value>
            </param>
          </params>
          <reporter-output>
          </reporter-output>
        </test-method> <!-- setUpBrowser -->
        <test-method signature="scenario(io.cucumber.testng.PickleWrapper,io.cucumber.testng.FeatureWrapper)[pri:0, instance:runner.TestRunner@4310d43]" started-at="2021-10-24T20:07:23 SGT" name="scenario" description="Runs Cucumber Scenarios" data-provider="scenarios" finished-at="2021-10-24T20:07:26 SGT" duration-ms="3005" status="FAIL">
          <params>
            <param index="0">
              <value>
                <![CDATA["NHS Eligibility checker with claiming benefits but not getting mentioned items and take home pay less than 435"]]>
              </value>
            </param>
            <param index="1">
              <value>
                <![CDATA["Optional[As a person from Wales]"]]>
              </value>
            </param>
          </params>
          <exception class="io.cucumber.testng.UndefinedStepException">
            <message>
              <![CDATA[The step 'Me or My partner (if partner exists) claim any benefits - "yes"' and 3 other step(s) are undefined.
You can implement these steps using the snippet(s) below:

@When("Me or My partner \\(if partner exists) claim any benefits - {string}")
public void me_or_my_partner_if_partner_exists_claim_any_benefits(String string) {
    // Write code here that turns the phrase above into concrete actions
    throw new io.cucumber.java.PendingException();
}
@When("Me or My partner \\(if partner exists) getting universal credits - {string}")
public void me_or_my_partner_if_partner_exists_getting_universal_credits(String string) {
    // Write code here that turns the phrase above into concrete actions
    throw new io.cucumber.java.PendingException();
}
@When("Me or My partner \\(if partner exists) getting any of the universal credit benefits - {string}")
public void me_or_my_partner_if_partner_exists_getting_any_of_the_universal_credit_benefits(String string) {
    // Write code here that turns the phrase above into concrete actions
    throw new io.cucumber.java.PendingException();
}
@When("Me or My partner \\(if partner exists) take home pay less than {string} {string}")
public void me_or_my_partner_if_partner_exists_take_home_pay_less_than(String string, String string2) {
    // Write code here that turns the phrase above into concrete actions
    throw new io.cucumber.java.PendingException();
}
]]>
            </message>
            <full-stacktrace>
              <![CDATA[io.cucumber.testng.UndefinedStepException: The step 'Me or My partner (if partner exists) claim any benefits - "yes"' and 3 other step(s) are undefined.
You can implement these steps using the snippet(s) below:

@When("Me or My partner \\(if partner exists) claim any benefits - {string}")
public void me_or_my_partner_if_partner_exists_claim_any_benefits(String string) {
    // Write code here that turns the phrase above into concrete actions
    throw new io.cucumber.java.PendingException();
}
@When("Me or My partner \\(if partner exists) getting universal credits - {string}")
public void me_or_my_partner_if_partner_exists_getting_universal_credits(String string) {
    // Write code here that turns the phrase above into concrete actions
    throw new io.cucumber.java.PendingException();
}
@When("Me or My partner \\(if partner exists) getting any of the universal credit benefits - {string}")
public void me_or_my_partner_if_partner_exists_getting_any_of_the_universal_credit_benefits(String string) {
    // Write code here that turns the phrase above into concrete actions
    throw new io.cucumber.java.PendingException();
}
@When("Me or My partner \\(if partner exists) take home pay less than {string} {string}")
public void me_or_my_partner_if_partner_exists_take_home_pay_less_than(String string, String string2) {
    // Write code here that turns the phrase above into concrete actions
    throw new io.cucumber.java.PendingException();
}

at io.cucumber.core.runtime.TestCaseResultObserver.assertTestCasePassed(TestCaseResultObserver.java:69)
at io.cucumber.testng.TestCaseResultObserver.assertTestCasePassed(TestCaseResultObserver.java:23)
at io.cucumber.testng.TestNGCucumberRunner.lambda$runScenario$1(TestNGCucumberRunner.java:133)
at io.cucumber.core.runtime.CucumberExecutionContext.lambda$runTestCase$3(CucumberExecutionContext.java:110)
at io.cucumber.core.runtime.RethrowingThrowableCollector.executeAndThrow(RethrowingThrowableCollector.java:23)
at io.cucumber.core.runtime.CucumberExecutionContext.runTestCase(CucumberExecutionContext.java:110)
at io.cucumber.testng.TestNGCucumberRunner.runScenario(TestNGCucumberRunner.java:129)
at runner.TestRunner.scenario(TestRunner.java:52)
at java.base/jdk.internal.reflect.NativeMethodAccessorImpl.invoke0(Native Method)
at java.base/jdk.internal.reflect.NativeMethodAccessorImpl.invoke(NativeMethodAccessorImpl.java:62)
at java.base/jdk.internal.reflect.DelegatingMethodAccessorImpl.invoke(DelegatingMethodAccessorImpl.java:43)
at java.base/java.lang.reflect.Method.invoke(Method.java:566)
at org.testng.internal.MethodInvocationHelper.invokeMethod(MethodInvocationHelper.java:133)
at org.testng.internal.TestInvoker.invokeMethod(TestInvoker.java:598)
at org.testng.internal.TestInvoker.invokeTestMethod(TestInvoker.java:173)
at org.testng.internal.MethodRunner.runInSequence(MethodRunner.java:46)
at org.testng.internal.TestInvoker$MethodInvocationAgent.invoke(TestInvoker.java:824)
at org.testng.internal.TestInvoker.invokeTestMethods(TestInvoker.java:146)
at org.testng.internal.TestMethodWorker.invokeTestMethods(TestMethodWorker.java:146)
at org.testng.internal.TestMethodWorker.run(TestMethodWorker.java:128)
at java.base/java.util.ArrayList.forEach(ArrayList.java:1541)
at org.testng.TestRunner.privateRun(TestRunner.java:794)
at org.testng.TestRunner.run(TestRunner.java:596)
at org.testng.SuiteRunner.runTest(SuiteRunner.java:377)
at org.testng.SuiteRunner.access$000(SuiteRunner.java:28)
at org.testng.SuiteRunner$SuiteWorker.run(SuiteRunner.java:418)
at org.testng.internal.thread.ThreadUtil.lambda$execute$0(ThreadUtil.java:64)
at java.base/java.util.concurrent.FutureTask.run(FutureTask.java:264)
at java.base/java.util.concurrent.ThreadPoolExecutor.runWorker(ThreadPoolExecutor.java:1128)
at java.base/java.util.concurrent.ThreadPoolExecutor$Worker.run(ThreadPoolExecutor.java:628)
at java.base/java.lang.Thread.run(Thread.java:829)
]]>
            </full-stacktrace>
          </exception> <!-- io.cucumber.testng.UndefinedStepException -->
          <reporter-output>
          </reporter-output>
        </test-method> <!-- scenario -->
        <test-method is-config="true" signature="tearDownBrowser()[pri:0, instance:runner.TestRunner@4310d43]" started-at="2021-10-24T20:07:26 SGT" name="tearDownBrowser" finished-at="2021-10-24T20:07:27 SGT" duration-ms="672" status="PASS">
          <reporter-output>
          </reporter-output>
        </test-method> <!-- tearDownBrowser -->
        <test-method is-config="true" signature="setUpBrowser(java.lang.String)[pri:0, instance:runner.TestRunner@4310d43]" started-at="2021-10-24T20:07:27 SGT" name="setUpBrowser" finished-at="2021-10-24T20:07:32 SGT" duration-ms="5352" status="PASS">
          <params>
            <param index="0">
              <value>
                <![CDATA[chrome]]>
              </value>
            </param>
          </params>
          <reporter-output>
          </reporter-output>
        </test-method> <!-- setUpBrowser -->
        <test-method signature="scenario(io.cucumber.testng.PickleWrapper,io.cucumber.testng.FeatureWrapper)[pri:0, instance:runner.TestRunner@4310d43]" started-at="2021-10-24T20:07:32 SGT" name="scenario" description="Runs Cucumber Scenarios" data-provider="scenarios" finished-at="2021-10-24T20:07:35 SGT" duration-ms="2901" status="FAIL">
          <params>
            <param index="0">
              <value>
                <![CDATA["NHS Eligibility checker with claiming benefits but not getting mentioned items not taking home pay less than 435 and live in care home with help of local council"]]>
              </value>
            </param>
            <param index="1">
              <value>
                <![CDATA["Optional[As a person from Wales]"]]>
              </value>
            </param>
          </params>
          <exception class="io.cucumber.testng.UndefinedStepException">
            <message>
              <![CDATA[The step 'Me or My partner (if partner exists) claim any benefits - "yes"' and 3 other step(s) are undefined.
You can implement these steps using the snippet(s) below:

@When("Me or My partner \\(if partner exists) claim any benefits - {string}")
public void me_or_my_partner_if_partner_exists_claim_any_benefits(String string) {
    // Write code here that turns the phrase above into concrete actions
    throw new io.cucumber.java.PendingException();
}
@When("Me or My partner \\(if partner exists) getting universal credits - {string}")
public void me_or_my_partner_if_partner_exists_getting_universal_credits(String string) {
    // Write code here that turns the phrase above into concrete actions
    throw new io.cucumber.java.PendingException();
}
@When("Me or My partner \\(if partner exists) getting any of the universal credit benefits - {string}")
public void me_or_my_partner_if_partner_exists_getting_any_of_the_universal_credit_benefits(String string) {
    // Write code here that turns the phrase above into concrete actions
    throw new io.cucumber.java.PendingException();
}
@When("Me or My partner \\(if partner exists) take home pay less than {string} {string}")
public void me_or_my_partner_if_partner_exists_take_home_pay_less_than(String string, String string2) {
    // Write code here that turns the phrase above into concrete actions
    throw new io.cucumber.java.PendingException();
}
]]>
            </message>
            <full-stacktrace>
              <![CDATA[io.cucumber.testng.UndefinedStepException: The step 'Me or My partner (if partner exists) claim any benefits - "yes"' and 3 other step(s) are undefined.
You can implement these steps using the snippet(s) below:

@When("Me or My partner \\(if partner exists) claim any benefits - {string}")
public void me_or_my_partner_if_partner_exists_claim_any_benefits(String string) {
    // Write code here that turns the phrase above into concrete actions
    throw new io.cucumber.java.PendingException();
}
@When("Me or My partner \\(if partner exists) getting universal credits - {string}")
public void me_or_my_partner_if_partner_exists_getting_universal_credits(String string) {
    // Write code here that turns the phrase above into concrete actions
    throw new io.cucumber.java.PendingException();
}
@When("Me or My partner \\(if partner exists) getting any of the universal credit benefits - {string}")
public void me_or_my_partner_if_partner_exists_getting_any_of_the_universal_credit_benefits(String string) {
    // Write code here that turns the phrase above into concrete actions
    throw new io.cucumber.java.PendingException();
}
@When("Me or My partner \\(if partner exists) take home pay less than {string} {string}")
public void me_or_my_partner_if_partner_exists_take_home_pay_less_than(String string, String string2) {
    // Write code here that turns the phrase above into concrete actions
    throw new io.cucumber.java.PendingException();
}

at io.cucumber.core.runtime.TestCaseResultObserver.assertTestCasePassed(TestCaseResultObserver.java:69)
at io.cucumber.testng.TestCaseResultObserver.assertTestCasePassed(TestCaseResultObserver.java:23)
at io.cucumber.testng.TestNGCucumberRunner.lambda$runScenario$1(TestNGCucumberRunner.java:133)
at io.cucumber.core.runtime.CucumberExecutionContext.lambda$runTestCase$3(CucumberExecutionContext.java:110)
at io.cucumber.core.runtime.RethrowingThrowableCollector.executeAndThrow(RethrowingThrowableCollector.java:23)
at io.cucumber.core.runtime.CucumberExecutionContext.runTestCase(CucumberExecutionContext.java:110)
at io.cucumber.testng.TestNGCucumberRunner.runScenario(TestNGCucumberRunner.java:129)
at runner.TestRunner.scenario(TestRunner.java:52)
at java.base/jdk.internal.reflect.NativeMethodAccessorImpl.invoke0(Native Method)
at java.base/jdk.internal.reflect.NativeMethodAccessorImpl.invoke(NativeMethodAccessorImpl.java:62)
at java.base/jdk.internal.reflect.DelegatingMethodAccessorImpl.invoke(DelegatingMethodAccessorImpl.java:43)
at java.base/java.lang.reflect.Method.invoke(Method.java:566)
at org.testng.internal.MethodInvocationHelper.invokeMethod(MethodInvocationHelper.java:133)
at org.testng.internal.TestInvoker.invokeMethod(TestInvoker.java:598)
at org.testng.internal.TestInvoker.invokeTestMethod(TestInvoker.java:173)
at org.testng.internal.MethodRunner.runInSequence(MethodRunner.java:46)
at org.testng.internal.TestInvoker$MethodInvocationAgent.invoke(TestInvoker.java:824)
at org.testng.internal.TestInvoker.invokeTestMethods(TestInvoker.java:146)
at org.testng.internal.TestMethodWorker.invokeTestMethods(TestMethodWorker.java:146)
at org.testng.internal.TestMethodWorker.run(TestMethodWorker.java:128)
at java.base/java.util.ArrayList.forEach(ArrayList.java:1541)
at org.testng.TestRunner.privateRun(TestRunner.java:794)
at org.testng.TestRunner.run(TestRunner.java:596)
at org.testng.SuiteRunner.runTest(SuiteRunner.java:377)
at org.testng.SuiteRunner.access$000(SuiteRunner.java:28)
at org.testng.SuiteRunner$SuiteWorker.run(SuiteRunner.java:418)
at org.testng.internal.thread.ThreadUtil.lambda$execute$0(ThreadUtil.java:64)
at java.base/java.util.concurrent.FutureTask.run(FutureTask.java:264)
at java.base/java.util.concurrent.ThreadPoolExecutor.runWorker(ThreadPoolExecutor.java:1128)
at java.base/java.util.concurrent.ThreadPoolExecutor$Worker.run(ThreadPoolExecutor.java:628)
at java.base/java.lang.Thread.run(Thread.java:829)
]]>
            </full-stacktrace>
          </exception> <!-- io.cucumber.testng.UndefinedStepException -->
          <reporter-output>
          </reporter-output>
        </test-method> <!-- scenario -->
        <test-method is-config="true" signature="tearDownBrowser()[pri:0, instance:runner.TestRunner@4310d43]" started-at="2021-10-24T20:07:35 SGT" name="tearDownBrowser" finished-at="2021-10-24T20:07:36 SGT" duration-ms="677" status="PASS">
          <reporter-output>
          </reporter-output>
        </test-method> <!-- tearDownBrowser -->
        <test-method is-config="true" signature="setUpBrowser(java.lang.String)[pri:0, instance:runner.TestRunner@4310d43]" started-at="2021-10-24T20:07:36 SGT" name="setUpBrowser" finished-at="2021-10-24T20:07:41 SGT" duration-ms="5383" status="PASS">
          <params>
            <param index="0">
              <value>
                <![CDATA[chrome]]>
              </value>
            </param>
          </params>
          <reporter-output>
          </reporter-output>
        </test-method> <!-- setUpBrowser -->
        <test-method signature="scenario(io.cucumber.testng.PickleWrapper,io.cucumber.testng.FeatureWrapper)[pri:0, instance:runner.TestRunner@4310d43]" started-at="2021-10-24T20:07:41 SGT" name="scenario" description="Runs Cucumber Scenarios" data-provider="scenarios" finished-at="2021-10-24T20:07:44 SGT" duration-ms="2953" status="FAIL">
          <params>
            <param index="0">
              <value>
                <![CDATA["NHS Eligibility checker with claiming benefits but not getting mentioned items not taking home pay less than 435 and live in care home with help of local council"]]>
              </value>
            </param>
            <param index="1">
              <value>
                <![CDATA["Optional[As a person from Wales]"]]>
              </value>
            </param>
          </params>
          <exception class="io.cucumber.testng.UndefinedStepException">
            <message>
              <![CDATA[The step 'Me or My partner (if partner exists) claim any benefits - "yes"' and 3 other step(s) are undefined.
You can implement these steps using the snippet(s) below:

@When("Me or My partner \\(if partner exists) claim any benefits - {string}")
public void me_or_my_partner_if_partner_exists_claim_any_benefits(String string) {
    // Write code here that turns the phrase above into concrete actions
    throw new io.cucumber.java.PendingException();
}
@When("Me or My partner \\(if partner exists) getting universal credits - {string}")
public void me_or_my_partner_if_partner_exists_getting_universal_credits(String string) {
    // Write code here that turns the phrase above into concrete actions
    throw new io.cucumber.java.PendingException();
}
@When("Me or My partner \\(if partner exists) getting any of the universal credit benefits - {string}")
public void me_or_my_partner_if_partner_exists_getting_any_of_the_universal_credit_benefits(String string) {
    // Write code here that turns the phrase above into concrete actions
    throw new io.cucumber.java.PendingException();
}
@When("Me or My partner \\(if partner exists) take home pay less than {string} {string}")
public void me_or_my_partner_if_partner_exists_take_home_pay_less_than(String string, String string2) {
    // Write code here that turns the phrase above into concrete actions
    throw new io.cucumber.java.PendingException();
}
]]>
            </message>
            <full-stacktrace>
              <![CDATA[io.cucumber.testng.UndefinedStepException: The step 'Me or My partner (if partner exists) claim any benefits - "yes"' and 3 other step(s) are undefined.
You can implement these steps using the snippet(s) below:

@When("Me or My partner \\(if partner exists) claim any benefits - {string}")
public void me_or_my_partner_if_partner_exists_claim_any_benefits(String string) {
    // Write code here that turns the phrase above into concrete actions
    throw new io.cucumber.java.PendingException();
}
@When("Me or My partner \\(if partner exists) getting universal credits - {string}")
public void me_or_my_partner_if_partner_exists_getting_universal_credits(String string) {
    // Write code here that turns the phrase above into concrete actions
    throw new io.cucumber.java.PendingException();
}
@When("Me or My partner \\(if partner exists) getting any of the universal credit benefits - {string}")
public void me_or_my_partner_if_partner_exists_getting_any_of_the_universal_credit_benefits(String string) {
    // Write code here that turns the phrase above into concrete actions
    throw new io.cucumber.java.PendingException();
}
@When("Me or My partner \\(if partner exists) take home pay less than {string} {string}")
public void me_or_my_partner_if_partner_exists_take_home_pay_less_than(String string, String string2) {
    // Write code here that turns the phrase above into concrete actions
    throw new io.cucumber.java.PendingException();
}

at io.cucumber.core.runtime.TestCaseResultObserver.assertTestCasePassed(TestCaseResultObserver.java:69)
at io.cucumber.testng.TestCaseResultObserver.assertTestCasePassed(TestCaseResultObserver.java:23)
at io.cucumber.testng.TestNGCucumberRunner.lambda$runScenario$1(TestNGCucumberRunner.java:133)
at io.cucumber.core.runtime.CucumberExecutionContext.lambda$runTestCase$3(CucumberExecutionContext.java:110)
at io.cucumber.core.runtime.RethrowingThrowableCollector.executeAndThrow(RethrowingThrowableCollector.java:23)
at io.cucumber.core.runtime.CucumberExecutionContext.runTestCase(CucumberExecutionContext.java:110)
at io.cucumber.testng.TestNGCucumberRunner.runScenario(TestNGCucumberRunner.java:129)
at runner.TestRunner.scenario(TestRunner.java:52)
at java.base/jdk.internal.reflect.NativeMethodAccessorImpl.invoke0(Native Method)
at java.base/jdk.internal.reflect.NativeMethodAccessorImpl.invoke(NativeMethodAccessorImpl.java:62)
at java.base/jdk.internal.reflect.DelegatingMethodAccessorImpl.invoke(DelegatingMethodAccessorImpl.java:43)
at java.base/java.lang.reflect.Method.invoke(Method.java:566)
at org.testng.internal.MethodInvocationHelper.invokeMethod(MethodInvocationHelper.java:133)
at org.testng.internal.TestInvoker.invokeMethod(TestInvoker.java:598)
at org.testng.internal.TestInvoker.invokeTestMethod(TestInvoker.java:173)
at org.testng.internal.MethodRunner.runInSequence(MethodRunner.java:46)
at org.testng.internal.TestInvoker$MethodInvocationAgent.invoke(TestInvoker.java:824)
at org.testng.internal.TestInvoker.invokeTestMethods(TestInvoker.java:146)
at org.testng.internal.TestMethodWorker.invokeTestMethods(TestMethodWorker.java:146)
at org.testng.internal.TestMethodWorker.run(TestMethodWorker.java:128)
at java.base/java.util.ArrayList.forEach(ArrayList.java:1541)
at org.testng.TestRunner.privateRun(TestRunner.java:794)
at org.testng.TestRunner.run(TestRunner.java:596)
at org.testng.SuiteRunner.runTest(SuiteRunner.java:377)
at org.testng.SuiteRunner.access$000(SuiteRunner.java:28)
at org.testng.SuiteRunner$SuiteWorker.run(SuiteRunner.java:418)
at org.testng.internal.thread.ThreadUtil.lambda$execute$0(ThreadUtil.java:64)
at java.base/java.util.concurrent.FutureTask.run(FutureTask.java:264)
at java.base/java.util.concurrent.ThreadPoolExecutor.runWorker(ThreadPoolExecutor.java:1128)
at java.base/java.util.concurrent.ThreadPoolExecutor$Worker.run(ThreadPoolExecutor.java:628)
at java.base/java.lang.Thread.run(Thread.java:829)
]]>
            </full-stacktrace>
          </exception> <!-- io.cucumber.testng.UndefinedStepException -->
          <reporter-output>
          </reporter-output>
        </test-method> <!-- scenario -->
        <test-method is-config="true" signature="tearDownBrowser()[pri:0, instance:runner.TestRunner@4310d43]" started-at="2021-10-24T20:07:44 SGT" name="tearDownBrowser" finished-at="2021-10-24T20:07:45 SGT" duration-ms="673" status="PASS">
          <reporter-output>
          </reporter-output>
        </test-method> <!-- tearDownBrowser -->
        <test-method is-config="true" signature="setUpBrowser(java.lang.String)[pri:0, instance:runner.TestRunner@4310d43]" started-at="2021-10-24T20:07:45 SGT" name="setUpBrowser" finished-at="2021-10-24T20:07:51 SGT" duration-ms="5879" status="PASS">
          <params>
            <param index="0">
              <value>
                <![CDATA[chrome]]>
              </value>
            </param>
          </params>
          <reporter-output>
          </reporter-output>
        </test-method> <!-- setUpBrowser -->
        <test-method signature="scenario(io.cucumber.testng.PickleWrapper,io.cucumber.testng.FeatureWrapper)[pri:0, instance:runner.TestRunner@4310d43]" started-at="2021-10-24T20:07:51 SGT" name="scenario" description="Runs Cucumber Scenarios" data-provider="scenarios" finished-at="2021-10-24T20:07:54 SGT" duration-ms="2993" status="FAIL">
          <params>
            <param index="0">
              <value>
                <![CDATA["NHS Eligibility checker with claiming benefits but not getting mentioned items not taking home pay less than 435 and live in care home with out help of local council"]]>
              </value>
            </param>
            <param index="1">
              <value>
                <![CDATA["Optional[As a person from Wales]"]]>
              </value>
            </param>
          </params>
          <exception class="io.cucumber.testng.UndefinedStepException">
            <message>
              <![CDATA[The step 'Me or My partner (if partner exists) claim any benefits - "yes"' and 3 other step(s) are undefined.
You can implement these steps using the snippet(s) below:

@When("Me or My partner \\(if partner exists) claim any benefits - {string}")
public void me_or_my_partner_if_partner_exists_claim_any_benefits(String string) {
    // Write code here that turns the phrase above into concrete actions
    throw new io.cucumber.java.PendingException();
}
@When("Me or My partner \\(if partner exists) getting universal credits - {string}")
public void me_or_my_partner_if_partner_exists_getting_universal_credits(String string) {
    // Write code here that turns the phrase above into concrete actions
    throw new io.cucumber.java.PendingException();
}
@When("Me or My partner \\(if partner exists) getting any of the universal credit benefits - {string}")
public void me_or_my_partner_if_partner_exists_getting_any_of_the_universal_credit_benefits(String string) {
    // Write code here that turns the phrase above into concrete actions
    throw new io.cucumber.java.PendingException();
}
@When("Me or My partner \\(if partner exists) take home pay less than {string} {string}")
public void me_or_my_partner_if_partner_exists_take_home_pay_less_than(String string, String string2) {
    // Write code here that turns the phrase above into concrete actions
    throw new io.cucumber.java.PendingException();
}
]]>
            </message>
            <full-stacktrace>
              <![CDATA[io.cucumber.testng.UndefinedStepException: The step 'Me or My partner (if partner exists) claim any benefits - "yes"' and 3 other step(s) are undefined.
You can implement these steps using the snippet(s) below:

@When("Me or My partner \\(if partner exists) claim any benefits - {string}")
public void me_or_my_partner_if_partner_exists_claim_any_benefits(String string) {
    // Write code here that turns the phrase above into concrete actions
    throw new io.cucumber.java.PendingException();
}
@When("Me or My partner \\(if partner exists) getting universal credits - {string}")
public void me_or_my_partner_if_partner_exists_getting_universal_credits(String string) {
    // Write code here that turns the phrase above into concrete actions
    throw new io.cucumber.java.PendingException();
}
@When("Me or My partner \\(if partner exists) getting any of the universal credit benefits - {string}")
public void me_or_my_partner_if_partner_exists_getting_any_of_the_universal_credit_benefits(String string) {
    // Write code here that turns the phrase above into concrete actions
    throw new io.cucumber.java.PendingException();
}
@When("Me or My partner \\(if partner exists) take home pay less than {string} {string}")
public void me_or_my_partner_if_partner_exists_take_home_pay_less_than(String string, String string2) {
    // Write code here that turns the phrase above into concrete actions
    throw new io.cucumber.java.PendingException();
}

at io.cucumber.core.runtime.TestCaseResultObserver.assertTestCasePassed(TestCaseResultObserver.java:69)
at io.cucumber.testng.TestCaseResultObserver.assertTestCasePassed(TestCaseResultObserver.java:23)
at io.cucumber.testng.TestNGCucumberRunner.lambda$runScenario$1(TestNGCucumberRunner.java:133)
at io.cucumber.core.runtime.CucumberExecutionContext.lambda$runTestCase$3(CucumberExecutionContext.java:110)
at io.cucumber.core.runtime.RethrowingThrowableCollector.executeAndThrow(RethrowingThrowableCollector.java:23)
at io.cucumber.core.runtime.CucumberExecutionContext.runTestCase(CucumberExecutionContext.java:110)
at io.cucumber.testng.TestNGCucumberRunner.runScenario(TestNGCucumberRunner.java:129)
at runner.TestRunner.scenario(TestRunner.java:52)
at java.base/jdk.internal.reflect.NativeMethodAccessorImpl.invoke0(Native Method)
at java.base/jdk.internal.reflect.NativeMethodAccessorImpl.invoke(NativeMethodAccessorImpl.java:62)
at java.base/jdk.internal.reflect.DelegatingMethodAccessorImpl.invoke(DelegatingMethodAccessorImpl.java:43)
at java.base/java.lang.reflect.Method.invoke(Method.java:566)
at org.testng.internal.MethodInvocationHelper.invokeMethod(MethodInvocationHelper.java:133)
at org.testng.internal.TestInvoker.invokeMethod(TestInvoker.java:598)
at org.testng.internal.TestInvoker.invokeTestMethod(TestInvoker.java:173)
at org.testng.internal.MethodRunner.runInSequence(MethodRunner.java:46)
at org.testng.internal.TestInvoker$MethodInvocationAgent.invoke(TestInvoker.java:824)
at org.testng.internal.TestInvoker.invokeTestMethods(TestInvoker.java:146)
at org.testng.internal.TestMethodWorker.invokeTestMethods(TestMethodWorker.java:146)
at org.testng.internal.TestMethodWorker.run(TestMethodWorker.java:128)
at java.base/java.util.ArrayList.forEach(ArrayList.java:1541)
at org.testng.TestRunner.privateRun(TestRunner.java:794)
at org.testng.TestRunner.run(TestRunner.java:596)
at org.testng.SuiteRunner.runTest(SuiteRunner.java:377)
at org.testng.SuiteRunner.access$000(SuiteRunner.java:28)
at org.testng.SuiteRunner$SuiteWorker.run(SuiteRunner.java:418)
at org.testng.internal.thread.ThreadUtil.lambda$execute$0(ThreadUtil.java:64)
at java.base/java.util.concurrent.FutureTask.run(FutureTask.java:264)
at java.base/java.util.concurrent.ThreadPoolExecutor.runWorker(ThreadPoolExecutor.java:1128)
at java.base/java.util.concurrent.ThreadPoolExecutor$Worker.run(ThreadPoolExecutor.java:628)
at java.base/java.lang.Thread.run(Thread.java:829)
]]>
            </full-stacktrace>
          </exception> <!-- io.cucumber.testng.UndefinedStepException -->
          <reporter-output>
          </reporter-output>
        </test-method> <!-- scenario -->
        <test-method is-config="true" signature="tearDownBrowser()[pri:0, instance:runner.TestRunner@4310d43]" started-at="2021-10-24T20:07:54 SGT" name="tearDownBrowser" finished-at="2021-10-24T20:07:54 SGT" duration-ms="681" status="PASS">
          <reporter-output>
          </reporter-output>
        </test-method> <!-- tearDownBrowser -->
        <test-method is-config="true" signature="setUpBrowser(java.lang.String)[pri:0, instance:runner.TestRunner@4310d43]" started-at="2021-10-24T20:07:54 SGT" name="setUpBrowser" finished-at="2021-10-24T20:08:00 SGT" duration-ms="5383" status="PASS">
          <params>
            <param index="0">
              <value>
                <![CDATA[chrome]]>
              </value>
            </param>
          </params>
          <reporter-output>
          </reporter-output>
        </test-method> <!-- setUpBrowser -->
        <test-method signature="scenario(io.cucumber.testng.PickleWrapper,io.cucumber.testng.FeatureWrapper)[pri:0, instance:runner.TestRunner@4310d43]" started-at="2021-10-24T20:08:00 SGT" name="scenario" description="Runs Cucumber Scenarios" data-provider="scenarios" finished-at="2021-10-24T20:08:03 SGT" duration-ms="2902" status="FAIL">
          <params>
            <param index="0">
              <value>
                <![CDATA["NHS Eligibility checker with claiming benefits but not getting mentioned items not taking home pay less than 435 and live in care home with out help of local council"]]>
              </value>
            </param>
            <param index="1">
              <value>
                <![CDATA["Optional[As a person from Wales]"]]>
              </value>
            </param>
          </params>
          <exception class="io.cucumber.testng.UndefinedStepException">
            <message>
              <![CDATA[The step 'Me or My partner (if partner exists) claim any benefits - "yes"' and 3 other step(s) are undefined.
You can implement these steps using the snippet(s) below:

@When("Me or My partner \\(if partner exists) claim any benefits - {string}")
public void me_or_my_partner_if_partner_exists_claim_any_benefits(String string) {
    // Write code here that turns the phrase above into concrete actions
    throw new io.cucumber.java.PendingException();
}
@When("Me or My partner \\(if partner exists) getting universal credits - {string}")
public void me_or_my_partner_if_partner_exists_getting_universal_credits(String string) {
    // Write code here that turns the phrase above into concrete actions
    throw new io.cucumber.java.PendingException();
}
@When("Me or My partner \\(if partner exists) getting any of the universal credit benefits - {string}")
public void me_or_my_partner_if_partner_exists_getting_any_of_the_universal_credit_benefits(String string) {
    // Write code here that turns the phrase above into concrete actions
    throw new io.cucumber.java.PendingException();
}
@When("Me or My partner \\(if partner exists) take home pay less than {string} {string}")
public void me_or_my_partner_if_partner_exists_take_home_pay_less_than(String string, String string2) {
    // Write code here that turns the phrase above into concrete actions
    throw new io.cucumber.java.PendingException();
}
]]>
            </message>
            <full-stacktrace>
              <![CDATA[io.cucumber.testng.UndefinedStepException: The step 'Me or My partner (if partner exists) claim any benefits - "yes"' and 3 other step(s) are undefined.
You can implement these steps using the snippet(s) below:

@When("Me or My partner \\(if partner exists) claim any benefits - {string}")
public void me_or_my_partner_if_partner_exists_claim_any_benefits(String string) {
    // Write code here that turns the phrase above into concrete actions
    throw new io.cucumber.java.PendingException();
}
@When("Me or My partner \\(if partner exists) getting universal credits - {string}")
public void me_or_my_partner_if_partner_exists_getting_universal_credits(String string) {
    // Write code here that turns the phrase above into concrete actions
    throw new io.cucumber.java.PendingException();
}
@When("Me or My partner \\(if partner exists) getting any of the universal credit benefits - {string}")
public void me_or_my_partner_if_partner_exists_getting_any_of_the_universal_credit_benefits(String string) {
    // Write code here that turns the phrase above into concrete actions
    throw new io.cucumber.java.PendingException();
}
@When("Me or My partner \\(if partner exists) take home pay less than {string} {string}")
public void me_or_my_partner_if_partner_exists_take_home_pay_less_than(String string, String string2) {
    // Write code here that turns the phrase above into concrete actions
    throw new io.cucumber.java.PendingException();
}

at io.cucumber.core.runtime.TestCaseResultObserver.assertTestCasePassed(TestCaseResultObserver.java:69)
at io.cucumber.testng.TestCaseResultObserver.assertTestCasePassed(TestCaseResultObserver.java:23)
at io.cucumber.testng.TestNGCucumberRunner.lambda$runScenario$1(TestNGCucumberRunner.java:133)
at io.cucumber.core.runtime.CucumberExecutionContext.lambda$runTestCase$3(CucumberExecutionContext.java:110)
at io.cucumber.core.runtime.RethrowingThrowableCollector.executeAndThrow(RethrowingThrowableCollector.java:23)
at io.cucumber.core.runtime.CucumberExecutionContext.runTestCase(CucumberExecutionContext.java:110)
at io.cucumber.testng.TestNGCucumberRunner.runScenario(TestNGCucumberRunner.java:129)
at runner.TestRunner.scenario(TestRunner.java:52)
at java.base/jdk.internal.reflect.NativeMethodAccessorImpl.invoke0(Native Method)
at java.base/jdk.internal.reflect.NativeMethodAccessorImpl.invoke(NativeMethodAccessorImpl.java:62)
at java.base/jdk.internal.reflect.DelegatingMethodAccessorImpl.invoke(DelegatingMethodAccessorImpl.java:43)
at java.base/java.lang.reflect.Method.invoke(Method.java:566)
at org.testng.internal.MethodInvocationHelper.invokeMethod(MethodInvocationHelper.java:133)
at org.testng.internal.TestInvoker.invokeMethod(TestInvoker.java:598)
at org.testng.internal.TestInvoker.invokeTestMethod(TestInvoker.java:173)
at org.testng.internal.MethodRunner.runInSequence(MethodRunner.java:46)
at org.testng.internal.TestInvoker$MethodInvocationAgent.invoke(TestInvoker.java:824)
at org.testng.internal.TestInvoker.invokeTestMethods(TestInvoker.java:146)
at org.testng.internal.TestMethodWorker.invokeTestMethods(TestMethodWorker.java:146)
at org.testng.internal.TestMethodWorker.run(TestMethodWorker.java:128)
at java.base/java.util.ArrayList.forEach(ArrayList.java:1541)
at org.testng.TestRunner.privateRun(TestRunner.java:794)
at org.testng.TestRunner.run(TestRunner.java:596)
at org.testng.SuiteRunner.runTest(SuiteRunner.java:377)
at org.testng.SuiteRunner.access$000(SuiteRunner.java:28)
at org.testng.SuiteRunner$SuiteWorker.run(SuiteRunner.java:418)
at org.testng.internal.thread.ThreadUtil.lambda$execute$0(ThreadUtil.java:64)
at java.base/java.util.concurrent.FutureTask.run(FutureTask.java:264)
at java.base/java.util.concurrent.ThreadPoolExecutor.runWorker(ThreadPoolExecutor.java:1128)
at java.base/java.util.concurrent.ThreadPoolExecutor$Worker.run(ThreadPoolExecutor.java:628)
at java.base/java.lang.Thread.run(Thread.java:829)
]]>
            </full-stacktrace>
          </exception> <!-- io.cucumber.testng.UndefinedStepException -->
          <reporter-output>
          </reporter-output>
        </test-method> <!-- scenario -->
        <test-method is-config="true" signature="tearDownBrowser()[pri:0, instance:runner.TestRunner@4310d43]" started-at="2021-10-24T20:08:03 SGT" name="tearDownBrowser" finished-at="2021-10-24T20:08:03 SGT" duration-ms="683" status="PASS">
          <reporter-output>
          </reporter-output>
        </test-method> <!-- tearDownBrowser -->
        <test-method is-config="true" signature="setUpBrowser(java.lang.String)[pri:0, instance:runner.TestRunner@4310d43]" started-at="2021-10-24T20:08:03 SGT" name="setUpBrowser" finished-at="2021-10-24T20:08:09 SGT" duration-ms="5382" status="PASS">
          <params>
            <param index="0">
              <value>
                <![CDATA[chrome]]>
              </value>
            </param>
          </params>
          <reporter-output>
          </reporter-output>
        </test-method> <!-- setUpBrowser -->
        <test-method signature="scenario(io.cucumber.testng.PickleWrapper,io.cucumber.testng.FeatureWrapper)[pri:0, instance:runner.TestRunner@4310d43]" started-at="2021-10-24T20:08:09 SGT" name="scenario" description="Runs Cucumber Scenarios" data-provider="scenarios" finished-at="2021-10-24T20:08:12 SGT" duration-ms="2889" status="FAIL">
          <params>
            <param index="0">
              <value>
                <![CDATA["NHS Eligibility checker with claiming universal credit benefits , take home pay not less than or equal 935 and live in care home with help of local council"]]>
              </value>
            </param>
            <param index="1">
              <value>
                <![CDATA["Optional[As a person from Wales]"]]>
              </value>
            </param>
          </params>
          <exception class="io.cucumber.testng.UndefinedStepException">
            <message>
              <![CDATA[The step 'Me or My partner (if partner exists) claim any benefits - "yes"' and 3 other step(s) are undefined.
You can implement these steps using the snippet(s) below:

@When("Me or My partner \\(if partner exists) claim any benefits - {string}")
public void me_or_my_partner_if_partner_exists_claim_any_benefits(String string) {
    // Write code here that turns the phrase above into concrete actions
    throw new io.cucumber.java.PendingException();
}
@When("Me or My partner \\(if partner exists) getting universal credits - {string}")
public void me_or_my_partner_if_partner_exists_getting_universal_credits(String string) {
    // Write code here that turns the phrase above into concrete actions
    throw new io.cucumber.java.PendingException();
}
@When("Me or My partner \\(if partner exists) getting any of the universal credit benefits - {string}")
public void me_or_my_partner_if_partner_exists_getting_any_of_the_universal_credit_benefits(String string) {
    // Write code here that turns the phrase above into concrete actions
    throw new io.cucumber.java.PendingException();
}
@When("Me or My partner \\(if partner exists) take home pay less than {string} {string}")
public void me_or_my_partner_if_partner_exists_take_home_pay_less_than(String string, String string2) {
    // Write code here that turns the phrase above into concrete actions
    throw new io.cucumber.java.PendingException();
}
]]>
            </message>
            <full-stacktrace>
              <![CDATA[io.cucumber.testng.UndefinedStepException: The step 'Me or My partner (if partner exists) claim any benefits - "yes"' and 3 other step(s) are undefined.
You can implement these steps using the snippet(s) below:

@When("Me or My partner \\(if partner exists) claim any benefits - {string}")
public void me_or_my_partner_if_partner_exists_claim_any_benefits(String string) {
    // Write code here that turns the phrase above into concrete actions
    throw new io.cucumber.java.PendingException();
}
@When("Me or My partner \\(if partner exists) getting universal credits - {string}")
public void me_or_my_partner_if_partner_exists_getting_universal_credits(String string) {
    // Write code here that turns the phrase above into concrete actions
    throw new io.cucumber.java.PendingException();
}
@When("Me or My partner \\(if partner exists) getting any of the universal credit benefits - {string}")
public void me_or_my_partner_if_partner_exists_getting_any_of_the_universal_credit_benefits(String string) {
    // Write code here that turns the phrase above into concrete actions
    throw new io.cucumber.java.PendingException();
}
@When("Me or My partner \\(if partner exists) take home pay less than {string} {string}")
public void me_or_my_partner_if_partner_exists_take_home_pay_less_than(String string, String string2) {
    // Write code here that turns the phrase above into concrete actions
    throw new io.cucumber.java.PendingException();
}

at io.cucumber.core.runtime.TestCaseResultObserver.assertTestCasePassed(TestCaseResultObserver.java:69)
at io.cucumber.testng.TestCaseResultObserver.assertTestCasePassed(TestCaseResultObserver.java:23)
at io.cucumber.testng.TestNGCucumberRunner.lambda$runScenario$1(TestNGCucumberRunner.java:133)
at io.cucumber.core.runtime.CucumberExecutionContext.lambda$runTestCase$3(CucumberExecutionContext.java:110)
at io.cucumber.core.runtime.RethrowingThrowableCollector.executeAndThrow(RethrowingThrowableCollector.java:23)
at io.cucumber.core.runtime.CucumberExecutionContext.runTestCase(CucumberExecutionContext.java:110)
at io.cucumber.testng.TestNGCucumberRunner.runScenario(TestNGCucumberRunner.java:129)
at runner.TestRunner.scenario(TestRunner.java:52)
at java.base/jdk.internal.reflect.NativeMethodAccessorImpl.invoke0(Native Method)
at java.base/jdk.internal.reflect.NativeMethodAccessorImpl.invoke(NativeMethodAccessorImpl.java:62)
at java.base/jdk.internal.reflect.DelegatingMethodAccessorImpl.invoke(DelegatingMethodAccessorImpl.java:43)
at java.base/java.lang.reflect.Method.invoke(Method.java:566)
at org.testng.internal.MethodInvocationHelper.invokeMethod(MethodInvocationHelper.java:133)
at org.testng.internal.TestInvoker.invokeMethod(TestInvoker.java:598)
at org.testng.internal.TestInvoker.invokeTestMethod(TestInvoker.java:173)
at org.testng.internal.MethodRunner.runInSequence(MethodRunner.java:46)
at org.testng.internal.TestInvoker$MethodInvocationAgent.invoke(TestInvoker.java:824)
at org.testng.internal.TestInvoker.invokeTestMethods(TestInvoker.java:146)
at org.testng.internal.TestMethodWorker.invokeTestMethods(TestMethodWorker.java:146)
at org.testng.internal.TestMethodWorker.run(TestMethodWorker.java:128)
at java.base/java.util.ArrayList.forEach(ArrayList.java:1541)
at org.testng.TestRunner.privateRun(TestRunner.java:794)
at org.testng.TestRunner.run(TestRunner.java:596)
at org.testng.SuiteRunner.runTest(SuiteRunner.java:377)
at org.testng.SuiteRunner.access$000(SuiteRunner.java:28)
at org.testng.SuiteRunner$SuiteWorker.run(SuiteRunner.java:418)
at org.testng.internal.thread.ThreadUtil.lambda$execute$0(ThreadUtil.java:64)
at java.base/java.util.concurrent.FutureTask.run(FutureTask.java:264)
at java.base/java.util.concurrent.ThreadPoolExecutor.runWorker(ThreadPoolExecutor.java:1128)
at java.base/java.util.concurrent.ThreadPoolExecutor$Worker.run(ThreadPoolExecutor.java:628)
at java.base/java.lang.Thread.run(Thread.java:829)
]]>
            </full-stacktrace>
          </exception> <!-- io.cucumber.testng.UndefinedStepException -->
          <reporter-output>
          </reporter-output>
        </test-method> <!-- scenario -->
        <test-method is-config="true" signature="tearDownBrowser()[pri:0, instance:runner.TestRunner@4310d43]" started-at="2021-10-24T20:08:12 SGT" name="tearDownBrowser" finished-at="2021-10-24T20:08:12 SGT" duration-ms="709" status="PASS">
          <reporter-output>
          </reporter-output>
        </test-method> <!-- tearDownBrowser -->
        <test-method is-config="true" signature="setUpBrowser(java.lang.String)[pri:0, instance:runner.TestRunner@4310d43]" started-at="2021-10-24T20:08:12 SGT" name="setUpBrowser" finished-at="2021-10-24T20:08:18 SGT" duration-ms="5607" status="PASS">
          <params>
            <param index="0">
              <value>
                <![CDATA[chrome]]>
              </value>
            </param>
          </params>
          <reporter-output>
          </reporter-output>
        </test-method> <!-- setUpBrowser -->
        <test-method signature="scenario(io.cucumber.testng.PickleWrapper,io.cucumber.testng.FeatureWrapper)[pri:0, instance:runner.TestRunner@4310d43]" started-at="2021-10-24T20:08:18 SGT" name="scenario" description="Runs Cucumber Scenarios" data-provider="scenarios" finished-at="2021-10-24T20:08:21 SGT" duration-ms="2864" status="FAIL">
          <params>
            <param index="0">
              <value>
                <![CDATA["NHS Eligibility checker with claiming universal credit benefits , take home pay not less than or equal 935 and live in care home with help of local council"]]>
              </value>
            </param>
            <param index="1">
              <value>
                <![CDATA["Optional[As a person from Wales]"]]>
              </value>
            </param>
          </params>
          <exception class="io.cucumber.testng.UndefinedStepException">
            <message>
[...]
              </value>
            </param>
          </params>
          <reporter-output>
          </reporter-output>
        </test-method> <!-- setUpBrowser -->
        <test-method signature="scenario(io.cucumber.testng.PickleWrapper,io.cucumber.testng.FeatureWrapper)[pri:0, instance:runner.TestRunner@4310d43]" started-at="2021-10-24T20:24:20 SGT" name="scenario" description="Runs Cucumber Scenarios" data-provider="scenarios" finished-at="2021-10-24T20:24:23 SGT" duration-ms="2823" status="FAIL">
          <params>
            <param index="0">
              <value>
                <![CDATA["NHS Eligibility checker with different benefits other than universal credit payment, having no benefits and live in care home with out help of local council"]]>
              </value>
            </param>
            <param index="1">
              <value>
                <![CDATA["Optional[As a person from Wales]"]]>
              </value>
            </param>
          </params>
          <exception class="io.cucumber.testng.UndefinedStepException">
            <message>
              <![CDATA[The step 'Me or My partner (if partner exists) claim any benefits - "yes"' and 2 other step(s) are undefined.
You can implement these steps using the snippet(s) below:

@When("Me or My partner \\(if partner exists) claim any benefits - {string}")
public void me_or_my_partner_if_partner_exists_claim_any_benefits(String string) {
    // Write code here that turns the phrase above into concrete actions
    throw new io.cucumber.java.PendingException();
}
@When("Me or My partner \\(if partner exists) getting universal credits - {string}")
public void me_or_my_partner_if_partner_exists_getting_universal_credits(String string) {
    // Write code here that turns the phrase above into concrete actions
    throw new io.cucumber.java.PendingException();
}
@When("Me or My partner \\(if partner exists) select any of the credit benefits - {string}")
public void me_or_my_partner_if_partner_exists_select_any_of_the_credit_benefits(String string) {
    // Write code here that turns the phrase above into concrete actions
    throw new io.cucumber.java.PendingException();
}
]]>
            </message>
            <full-stacktrace>
              <![CDATA[io.cucumber.testng.UndefinedStepException: The step 'Me or My partner (if partner exists) claim any benefits - "yes"' and 2 other step(s) are undefined.
You can implement these steps using the snippet(s) below:

@When("Me or My partner \\(if partner exists) claim any benefits - {string}")
public void me_or_my_partner_if_partner_exists_claim_any_benefits(String string) {
    // Write code here that turns the phrase above into concrete actions
    throw new io.cucumber.java.PendingException();
}
@When("Me or My partner \\(if partner exists) getting universal credits - {string}")
public void me_or_my_partner_if_partner_exists_getting_universal_credits(String string) {
    // Write code here that turns the phrase above into concrete actions
    throw new io.cucumber.java.PendingException();
}
@When("Me or My partner \\(if partner exists) select any of the credit benefits - {string}")
public void me_or_my_partner_if_partner_exists_select_any_of_the_credit_benefits(String string) {
    // Write code here that turns the phrase above into concrete actions
    throw new io.cucumber.java.PendingException();
}

at io.cucumber.core.runtime.TestCaseResultObserver.assertTestCasePassed(TestCaseResultObserver.java:69)
at io.cucumber.testng.TestCaseResultObserver.assertTestCasePassed(TestCaseResultObserver.java:23)
at io.cucumber.testng.TestNGCucumberRunner.lambda$runScenario$1(TestNGCucumberRunner.java:133)
at io.cucumber.core.runtime.CucumberExecutionContext.lambda$runTestCase$3(CucumberExecutionContext.java:110)
at io.cucumber.core.runtime.RethrowingThrowableCollector.executeAndThrow(RethrowingThrowableCollector.java:23)
at io.cucumber.core.runtime.CucumberExecutionContext.runTestCase(CucumberExecutionContext.java:110)
at io.cucumber.testng.TestNGCucumberRunner.runScenario(TestNGCucumberRunner.java:129)
at runner.TestRunner.scenario(TestRunner.java:52)
at jdk.internal.reflect.GeneratedMethodAccessor3.invoke(Unknown Source)
at java.base/jdk.internal.reflect.DelegatingMethodAccessorImpl.invoke(DelegatingMethodAccessorImpl.java:43)
at java.base/java.lang.reflect.Method.invoke(Method.java:566)
at org.testng.internal.MethodInvocationHelper.invokeMethod(MethodInvocationHelper.java:133)
at org.testng.internal.TestInvoker.invokeMethod(TestInvoker.java:598)
at org.testng.internal.TestInvoker.invokeTestMethod(TestInvoker.java:173)
at org.testng.internal.MethodRunner.runInSequence(MethodRunner.java:46)
at org.testng.internal.TestInvoker$MethodInvocationAgent.invoke(TestInvoker.java:824)
at org.testng.internal.TestInvoker.invokeTestMethods(TestInvoker.java:146)
at org.testng.internal.TestMethodWorker.invokeTestMethods(TestMethodWorker.java:146)
at org.testng.internal.TestMethodWorker.run(TestMethodWorker.java:128)
at java.base/java.util.ArrayList.forEach(ArrayList.java:1541)
at org.testng.TestRunner.privateRun(TestRunner.java:794)
at org.testng.TestRunner.run(TestRunner.java:596)
at org.testng.SuiteRunner.runTest(SuiteRunner.java:377)
at org.testng.SuiteRunner.access$000(SuiteRunner.java:28)
at org.testng.SuiteRunner$SuiteWorker.run(SuiteRunner.java:418)
at org.testng.internal.thread.ThreadUtil.lambda$execute$0(ThreadUtil.java:64)
at java.base/java.util.concurrent.FutureTask.run(FutureTask.java:264)
at java.base/java.util.concurrent.ThreadPoolExecutor.runWorker(ThreadPoolExecutor.java:1128)
at java.base/java.util.concurrent.ThreadPoolExecutor$Worker.run(ThreadPoolExecutor.java:628)
at java.base/java.lang.Thread.run(Thread.java:829)
]]>
            </full-stacktrace>
          </exception> <!-- io.cucumber.testng.UndefinedStepException -->
          <reporter-output>
          </reporter-output>
        </test-method> <!-- scenario -->
        <test-method is-config="true" signature="tearDownBrowser()[pri:0, instance:runner.TestRunner@4310d43]" started-at="2021-10-24T20:24:23 SGT" name="tearDownBrowser" finished-at="2021-10-24T20:24:23 SGT" duration-ms="634" status="PASS">
          <reporter-output>
          </reporter-output>
        </test-method> <!-- tearDownBrowser -->
        <test-method is-config="true" signature="setUpBrowser(java.lang.String)[pri:0, instance:runner.TestRunner@4310d43]" started-at="2021-10-24T20:24:23 SGT" name="setUpBrowser" finished-at="2021-10-24T20:24:28 SGT" duration-ms="5091" status="PASS">
          <params>
            <param index="0">
              <value>
                <![CDATA[chrome]]>
              </value>
            </param>
          </params>
          <reporter-output>
          </reporter-output>
        </test-method> <!-- setUpBrowser -->
        <test-method signature="scenario(io.cucumber.testng.PickleWrapper,io.cucumber.testng.FeatureWrapper)[pri:0, instance:runner.TestRunner@4310d43]" started-at="2021-10-24T20:24:28 SGT" name="scenario" description="Runs Cucumber Scenarios" data-provider="scenarios" finished-at="2021-10-24T20:24:31 SGT" duration-ms="2584" status="FAIL">
          <params>
            <param index="0">
              <value>
                <![CDATA["NHS Eligibility checker with different benefits other than universal credit payment , having no benefits and not live in care home"]]>
              </value>
            </param>
            <param index="1">
              <value>
                <![CDATA["Optional[As a person from Wales]"]]>
              </value>
            </param>
          </params>
          <exception class="io.cucumber.testng.UndefinedStepException">
            <message>
              <![CDATA[The step 'Me or My partner (if partner exists) claim any benefits - "yes"' and 2 other step(s) are undefined.
You can implement these steps using the snippet(s) below:

@When("Me or My partner \\(if partner exists) claim any benefits - {string}")
public void me_or_my_partner_if_partner_exists_claim_any_benefits(String string) {
    // Write code here that turns the phrase above into concrete actions
    throw new io.cucumber.java.PendingException();
}
@When("Me or My partner \\(if partner exists) getting universal credits - {string}")
public void me_or_my_partner_if_partner_exists_getting_universal_credits(String string) {
    // Write code here that turns the phrase above into concrete actions
    throw new io.cucumber.java.PendingException();
}
@When("Me or My partner \\(if partner exists) select any of the credit benefits - {string}")
public void me_or_my_partner_if_partner_exists_select_any_of_the_credit_benefits(String string) {
    // Write code here that turns the phrase above into concrete actions
    throw new io.cucumber.java.PendingException();
}
]]>
            </message>
            <full-stacktrace>
              <![CDATA[io.cucumber.testng.UndefinedStepException: The step 'Me or My partner (if partner exists) claim any benefits - "yes"' and 2 other step(s) are undefined.
You can implement these steps using the snippet(s) below:

@When("Me or My partner \\(if partner exists) claim any benefits - {string}")
public void me_or_my_partner_if_partner_exists_claim_any_benefits(String string) {
    // Write code here that turns the phrase above into concrete actions
    throw new io.cucumber.java.PendingException();
}
@When("Me or My partner \\(if partner exists) getting universal credits - {string}")
public void me_or_my_partner_if_partner_exists_getting_universal_credits(String string) {
    // Write code here that turns the phrase above into concrete actions
    throw new io.cucumber.java.PendingException();
}
@When("Me or My partner \\(if partner exists) select any of the credit benefits - {string}")
public void me_or_my_partner_if_partner_exists_select_any_of_the_credit_benefits(String string) {
    // Write code here that turns the phrase above into concrete actions
    throw new io.cucumber.java.PendingException();
}

at io.cucumber.core.runtime.TestCaseResultObserver.assertTestCasePassed(TestCaseResultObserver.java:69)
at io.cucumber.testng.TestCaseResultObserver.assertTestCasePassed(TestCaseResultObserver.java:23)
at io.cucumber.testng.TestNGCucumberRunner.lambda$runScenario$1(TestNGCucumberRunner.java:133)
at io.cucumber.core.runtime.CucumberExecutionContext.lambda$runTestCase$3(CucumberExecutionContext.java:110)
at io.cucumber.core.runtime.RethrowingThrowableCollector.executeAndThrow(RethrowingThrowableCollector.java:23)
at io.cucumber.core.runtime.CucumberExecutionContext.runTestCase(CucumberExecutionContext.java:110)
at io.cucumber.testng.TestNGCucumberRunner.runScenario(TestNGCucumberRunner.java:129)
at runner.TestRunner.scenario(TestRunner.java:52)
at jdk.internal.reflect.GeneratedMethodAccessor3.invoke(Unknown Source)
at java.base/jdk.internal.reflect.DelegatingMethodAccessorImpl.invoke(DelegatingMethodAccessorImpl.java:43)
at java.base/java.lang.reflect.Method.invoke(Method.java:566)
at org.testng.internal.MethodInvocationHelper.invokeMethod(MethodInvocationHelper.java:133)
at org.testng.internal.TestInvoker.invokeMethod(TestInvoker.java:598)
at org.testng.internal.TestInvoker.invokeTestMethod(TestInvoker.java:173)
at org.testng.internal.MethodRunner.runInSequence(MethodRunner.java:46)
at org.testng.internal.TestInvoker$MethodInvocationAgent.invoke(TestInvoker.java:824)
at org.testng.internal.TestInvoker.invokeTestMethods(TestInvoker.java:146)
at org.testng.internal.TestMethodWorker.invokeTestMethods(TestMethodWorker.java:146)
at org.testng.internal.TestMethodWorker.run(TestMethodWorker.java:128)
at java.base/java.util.ArrayList.forEach(ArrayList.java:1541)
at org.testng.TestRunner.privateRun(TestRunner.java:794)
at org.testng.TestRunner.run(TestRunner.java:596)
at org.testng.SuiteRunner.runTest(SuiteRunner.java:377)
at org.testng.SuiteRunner.access$000(SuiteRunner.java:28)
at org.testng.SuiteRunner$SuiteWorker.run(SuiteRunner.java:418)
at org.testng.internal.thread.ThreadUtil.lambda$execute$0(ThreadUtil.java:64)
at java.base/java.util.concurrent.FutureTask.run(FutureTask.java:264)
at java.base/java.util.concurrent.ThreadPoolExecutor.runWorker(ThreadPoolExecutor.java:1128)
at java.base/java.util.concurrent.ThreadPoolExecutor$Worker.run(ThreadPoolExecutor.java:628)
at java.base/java.lang.Thread.run(Thread.java:829)
]]>
            </full-stacktrace>
          </exception> <!-- io.cucumber.testng.UndefinedStepException -->
          <reporter-output>
          </reporter-output>
        </test-method> <!-- scenario -->
        <test-method is-config="true" signature="tearDownBrowser()[pri:0, instance:runner.TestRunner@4310d43]" started-at="2021-10-24T20:24:31 SGT" name="tearDownBrowser" finished-at="2021-10-24T20:24:32 SGT" duration-ms="630" status="PASS">
          <reporter-output>
          </reporter-output>
        </test-method> <!-- tearDownBrowser -->
        <test-method is-config="true" signature="setUpBrowser(java.lang.String)[pri:0, instance:runner.TestRunner@4310d43]" started-at="2021-10-24T20:24:32 SGT" name="setUpBrowser" finished-at="2021-10-24T20:24:37 SGT" duration-ms="5283" status="PASS">
          <params>
            <param index="0">
              <value>
                <![CDATA[chrome]]>
              </value>
            </param>
          </params>
          <reporter-output>
          </reporter-output>
        </test-method> <!-- setUpBrowser -->
        <test-method signature="scenario(io.cucumber.testng.PickleWrapper,io.cucumber.testng.FeatureWrapper)[pri:0, instance:runner.TestRunner@4310d43]" started-at="2021-10-24T20:24:37 SGT" name="scenario" description="Runs Cucumber Scenarios" data-provider="scenarios" finished-at="2021-10-24T20:24:40 SGT" duration-ms="2783" status="FAIL">
          <params>
            <param index="0">
              <value>
                <![CDATA["NHS Eligibility checker with different benefits other than universal credit payment , having no benefits and not live in care home"]]>
              </value>
            </param>
            <param index="1">
              <value>
                <![CDATA["Optional[As a person from Wales]"]]>
              </value>
            </param>
          </params>
          <exception class="io.cucumber.testng.UndefinedStepException">
            <message>
              <![CDATA[The step 'Me or My partner (if partner exists) claim any benefits - "yes"' and 2 other step(s) are undefined.
You can implement these steps using the snippet(s) below:

@When("Me or My partner \\(if partner exists) claim any benefits - {string}")
public void me_or_my_partner_if_partner_exists_claim_any_benefits(String string) {
    // Write code here that turns the phrase above into concrete actions
    throw new io.cucumber.java.PendingException();
}
@When("Me or My partner \\(if partner exists) getting universal credits - {string}")
public void me_or_my_partner_if_partner_exists_getting_universal_credits(String string) {
    // Write code here that turns the phrase above into concrete actions
    throw new io.cucumber.java.PendingException();
}
@When("Me or My partner \\(if partner exists) select any of the credit benefits - {string}")
public void me_or_my_partner_if_partner_exists_select_any_of_the_credit_benefits(String string) {
    // Write code here that turns the phrase above into concrete actions
    throw new io.cucumber.java.PendingException();
}
]]>
            </message>
            <full-stacktrace>
              <![CDATA[io.cucumber.testng.UndefinedStepException: The step 'Me or My partner (if partner exists) claim any benefits - "yes"' and 2 other step(s) are undefined.
You can implement these steps using the snippet(s) below:

@When("Me or My partner \\(if partner exists) claim any benefits - {string}")
public void me_or_my_partner_if_partner_exists_claim_any_benefits(String string) {
    // Write code here that turns the phrase above into concrete actions
    throw new io.cucumber.java.PendingException();
}
@When("Me or My partner \\(if partner exists) getting universal credits - {string}")
public void me_or_my_partner_if_partner_exists_getting_universal_credits(String string) {
    // Write code here that turns the phrase above into concrete actions
    throw new io.cucumber.java.PendingException();
}
@When("Me or My partner \\(if partner exists) select any of the credit benefits - {string}")
public void me_or_my_partner_if_partner_exists_select_any_of_the_credit_benefits(String string) {
    // Write code here that turns the phrase above into concrete actions
    throw new io.cucumber.java.PendingException();
}

at io.cucumber.core.runtime.TestCaseResultObserver.assertTestCasePassed(TestCaseResultObserver.java:69)
at io.cucumber.testng.TestCaseResultObserver.assertTestCasePassed(TestCaseResultObserver.java:23)
at io.cucumber.testng.TestNGCucumberRunner.lambda$runScenario$1(TestNGCucumberRunner.java:133)
at io.cucumber.core.runtime.CucumberExecutionContext.lambda$runTestCase$3(CucumberExecutionContext.java:110)
at io.cucumber.core.runtime.RethrowingThrowableCollector.executeAndThrow(RethrowingThrowableCollector.java:23)
at io.cucumber.core.runtime.CucumberExecutionContext.runTestCase(CucumberExecutionContext.java:110)
at io.cucumber.testng.TestNGCucumberRunner.runScenario(TestNGCucumberRunner.java:129)
at runner.TestRunner.scenario(TestRunner.java:52)
at jdk.internal.reflect.GeneratedMethodAccessor3.invoke(Unknown Source)
at java.base/jdk.internal.reflect.DelegatingMethodAccessorImpl.invoke(DelegatingMethodAccessorImpl.java:43)
at java.base/java.lang.reflect.Method.invoke(Method.java:566)
at org.testng.internal.MethodInvocationHelper.invokeMethod(MethodInvocationHelper.java:133)
at org.testng.internal.TestInvoker.invokeMethod(TestInvoker.java:598)
at org.testng.internal.TestInvoker.invokeTestMethod(TestInvoker.java:173)
at org.testng.internal.MethodRunner.runInSequence(MethodRunner.java:46)
at org.testng.internal.TestInvoker$MethodInvocationAgent.invoke(TestInvoker.java:824)
at org.testng.internal.TestInvoker.invokeTestMethods(TestInvoker.java:146)
at org.testng.internal.TestMethodWorker.invokeTestMethods(TestMethodWorker.java:146)
at org.testng.internal.TestMethodWorker.run(TestMethodWorker.java:128)
at java.base/java.util.ArrayList.forEach(ArrayList.java:1541)
at org.testng.TestRunner.privateRun(TestRunner.java:794)
at org.testng.TestRunner.run(TestRunner.java:596)
at org.testng.SuiteRunner.runTest(SuiteRunner.java:377)
at org.testng.SuiteRunner.access$000(SuiteRunner.java:28)
at org.testng.SuiteRunner$SuiteWorker.run(SuiteRunner.java:418)
at org.testng.internal.thread.ThreadUtil.lambda$execute$0(ThreadUtil.java:64)
at java.base/java.util.concurrent.FutureTask.run(FutureTask.java:264)
at java.base/java.util.concurrent.ThreadPoolExecutor.runWorker(ThreadPoolExecutor.java:1128)
at java.base/java.util.concurrent.ThreadPoolExecutor$Worker.run(ThreadPoolExecutor.java:628)
at java.base/java.lang.Thread.run(Thread.java:829)
]]>
            </full-stacktrace>
          </exception> <!-- io.cucumber.testng.UndefinedStepException -->
          <reporter-output>
          </reporter-output>
        </test-method> <!-- scenario -->
        <test-method is-config="true" signature="tearDownBrowser()[pri:0, instance:runner.TestRunner@4310d43]" started-at="2021-10-24T20:24:40 SGT" name="tearDownBrowser" finished-at="2021-10-24T20:24:40 SGT" duration-ms="638" status="PASS">
          <reporter-output>
          </reporter-output>
        </test-method> <!-- tearDownBrowser -->
        <test-method is-config="true" signature="tearDownClass()[pri:0, instance:runner.TestRunner@4310d43]" started-at="2021-10-24T20:24:40 SGT" name="tearDownClass" finished-at="2021-10-24T20:24:40 SGT" duration-ms="7" status="PASS">
          <reporter-output>
          </reporter-output>
        </test-method> <!-- tearDownClass -->
      </class> <!-- runner.TestRunner -->
    </test> <!-- ChromeTest -->
  </suite> <!-- NHSBSACostChecker -->
</testng-results>
