<?xml version="1.0" encoding="UTF-8"?>
<!-- Generated by org.testng.reporters.JUnitReportReporter -->
<testsuite hostname="DESKTOP-3CFAGCH" failures="0" tests="118" name="runner.TestRunner" time="1090.261" errors="118" timestamp="2021-10-24T20:24:41 SGT" skipped="0">
  <testcase classname="runner.TestRunner" name="scenario" time="9.181">
    <error message="The step &#039;Me or My partner (if partner exists) claim any benefits - &quot;yes&quot;&#039; and 3 other step(s) are undefined.
You can implement these steps using the snippet(s) below:

@When(&quot;Me or My partner \\(if partner exists) claim any benefits - {string}&quot;)
public void me_or_my_partner_if_partner_exists_claim_any_benefits(String string) {
    // Write code here that turns the phrase above into concrete actions
    throw new io.cucumber.java.PendingException();
}
@When(&quot;Me or My partner \\(if partner exists) getting universal credits - {string}&quot;)
public void me_or_my_partner_if_partner_exists_getting_universal_credits(String string) {
    // Write code here that turns the phrase above into concrete actions
    throw new io.cucumber.java.PendingException();
}
@When(&quot;Me or My partner \\(if partner exists) select any of the credit benefits - {string}&quot;)
public void me_or_my_partner_if_partner_exists_select_any_of_the_credit_benefits(String string) {
    // Write code here that turns the phrase above into concrete actions
    throw new io.cucumber.java.PendingException();
}
@When(&quot;Me or My partner \\(if partner exists) select type of allowance - {string}&quot;)
public void me_or_my_partner_if_partner_exists_select_type_of_allowance(String string) {
    // Write code here that turns the phrase above into concrete actions
    throw new io.cucumber.java.PendingException();
}
" type="io.cucumber.testng.UndefinedStepException">
      <![CDATA[io.cucumber.testng.UndefinedStepException: The step 'Me or My partner (if partner exists) claim any benefits - "yes"' and 3 other step(s) are undefined.
You can implement these steps using the snippet(s) below:

@When("Me or My partner \\(if partner exists) claim any benefits - {string}")
public void me_or_my_partner_if_partner_exists_claim_any_benefits(String string) {
    // Write code here that turns the phrase above into concrete actions
    throw new io.cucumber.java.PendingException();
}
@When("Me or My partner \\(if partner exists) getting universal credits - {string}")
public void me_or_my_partner_if_partner_exists_getting_universal_credits(String string) {
    // Write code here that turns the phrase above into concrete actions
    throw new io.cucumber.java.PendingException();
}
@When("Me or My partner \\(if partner exists) select any of the credit benefits - {string}")
public void me_or_my_partner_if_partner_exists_select_any_of_the_credit_benefits(String string) {
    // Write code here that turns the phrase above into concrete actions
    throw new io.cucumber.java.PendingException();
}
@When("Me or My partner \\(if partner exists) select type of allowance - {string}")
public void me_or_my_partner_if_partner_exists_select_type_of_allowance(String string) {
    // Write code here that turns the phrase above into concrete actions
    throw new io.cucumber.java.PendingException();
}

at io.cucumber.core.runtime.TestCaseResultObserver.assertTestCasePassed(TestCaseResultObserver.java:69)
at io.cucumber.testng.TestCaseResultObserver.assertTestCasePassed(TestCaseResultObserver.java:23)
at io.cucumber.testng.TestNGCucumberRunner.lambda$runScenario$1(TestNGCucumberRunner.java:133)
at io.cucumber.core.runtime.CucumberExecutionContext.lambda$runTestCase$3(CucumberExecutionContext.java:110)
at io.cucumber.core.runtime.RethrowingThrowableCollector.executeAndThrow(RethrowingThrowableCollector.java:23)
at io.cucumber.core.runtime.CucumberExecutionContext.runTestCase(CucumberExecutionContext.java:110)
at io.cucumber.testng.TestNGCucumberRunner.runScenario(TestNGCucumberRunner.java:129)
at runner.TestRunner.scenario(TestRunner.java:52)
at jdk.internal.reflect.GeneratedMethodAccessor3.invoke(Unknown Source)
at java.base/jdk.internal.reflect.DelegatingMethodAccessorImpl.invoke(DelegatingMethodAccessorImpl.java:43)
at java.base/java.lang.reflect.Method.invoke(Method.java:566)
at org.testng.internal.MethodInvocationHelper.invokeMethod(MethodInvocationHelper.java:133)
at org.testng.internal.TestInvoker.invokeMethod(TestInvoker.java:598)
at org.testng.internal.TestInvoker.invokeTestMethod(TestInvoker.java:173)
at org.testng.internal.MethodRunner.runInSequence(MethodRunner.java:46)
at org.testng.internal.TestInvoker$MethodInvocationAgent.invoke(TestInvoker.java:824)
at org.testng.internal.TestInvoker.invokeTestMethods(TestInvoker.java:146)
at org.testng.internal.TestMethodWorker.invokeTestMethods(TestMethodWorker.java:146)
at org.testng.internal.TestMethodWorker.run(TestMethodWorker.java:128)
at java.base/java.util.ArrayList.forEach(ArrayList.java:1541)
at org.testng.TestRunner.privateRun(TestRunner.java:794)
at org.testng.TestRunner.run(TestRunner.java:596)
at org.testng.SuiteRunner.runTest(SuiteRunner.java:377)
at org.testng.SuiteRunner.access$000(SuiteRunner.java:28)
at org.testng.SuiteRunner$SuiteWorker.run(SuiteRunner.java:418)
at org.testng.internal.thread.ThreadUtil.lambda$execute$0(ThreadUtil.java:64)
at java.base/java.util.concurrent.FutureTask.run(FutureTask.java:264)
at java.base/java.util.concurrent.ThreadPoolExecutor.runWorker(ThreadPoolExecutor.java:1128)
at java.base/java.util.concurrent.ThreadPoolExecutor$Worker.run(ThreadPoolExecutor.java:628)
at java.base/java.lang.Thread.run(Thread.java:829)
]]>
    </error>
  </testcase> <!-- scenario -->
  <system-out/>
  <testcase classname="runner.TestRunner" name="scenario" time="15.461">
    <error message="The step &#039;Me or My partner (if partner exists) claim any benefits - &quot;yes&quot;&#039; and 3 other step(s) are undefined.
You can implement these steps using the snippet(s) below:

@When(&quot;Me or My partner \\(if partner exists) claim any benefits - {string}&quot;)
public void me_or_my_partner_if_partner_exists_claim_any_benefits(String string) {
    // Write code here that turns the phrase above into concrete actions
    throw new io.cucumber.java.PendingException();
}
@When(&quot;Me or My partner \\(if partner exists) getting universal credits - {string}&quot;)
public void me_or_my_partner_if_partner_exists_getting_universal_credits(String string) {
    // Write code here that turns the phrase above into concrete actions
    throw new io.cucumber.java.PendingException();
}
@When(&quot;Me or My partner \\(if partner exists) select any of the credit benefits - {string}&quot;)
public void me_or_my_partner_if_partner_exists_select_any_of_the_credit_benefits(String string) {
    // Write code here that turns the phrase above into concrete actions
    throw new io.cucumber.java.PendingException();
}
@When(&quot;Me or My partner \\(if partner exists) select type of allowance - {string}&quot;)
public void me_or_my_partner_if_partner_exists_select_type_of_allowance(String string) {
    // Write code here that turns the phrase above into concrete actions
    throw new io.cucumber.java.PendingException();
}
" type="io.cucumber.testng.UndefinedStepException">
      <![CDATA[io.cucumber.testng.UndefinedStepException: The step 'Me or My partner (if partner exists) claim any benefits - "yes"' and 3 other step(s) are undefined.
You can implement these steps using the snippet(s) below:

@When("Me or My partner \\(if partner exists) claim any benefits - {string}")
public void me_or_my_partner_if_partner_exists_claim_any_benefits(String string) {
    // Write code here that turns the phrase above into concrete actions
    throw new io.cucumber.java.PendingException();
}
@When("Me or My partner \\(if partner exists) getting universal credits - {string}")
public void me_or_my_partner_if_partner_exists_getting_universal_credits(String string) {
    // Write code here that turns the phrase above into concrete actions
    throw new io.cucumber.java.PendingException();
}
@When("Me or My partner \\(if partner exists) select any of the credit benefits - {string}")
public void me_or_my_partner_if_partner_exists_select_any_of_the_credit_benefits(String string) {
    // Write code here that turns the phrase above into concrete actions
    throw new io.cucumber.java.PendingException();
}
@When("Me or My partner \\(if partner exists) select type of allowance - {string}")
public void me_or_my_partner_if_partner_exists_select_type_of_allowance(String string) {
    // Write code here that turns the phrase above into concrete actions
    throw new io.cucumber.java.PendingException();
}

at io.cucumber.core.runtime.TestCaseResultObserver.assertTestCasePassed(TestCaseResultObserver.java:69)
at io.cucumber.testng.TestCaseResultObserver.assertTestCasePassed(TestCaseResultObserver.java:23)
at io.cucumber.testng.TestNGCucumberRunner.lambda$runScenario$1(TestNGCucumberRunner.java:133)
at io.cucumber.core.runtime.CucumberExecutionContext.lambda$runTestCase$3(CucumberExecutionContext.java:110)
at io.cucumber.core.runtime.RethrowingThrowableCollector.executeAndThrow(RethrowingThrowableCollector.java:23)
at io.cucumber.core.runtime.CucumberExecutionContext.runTestCase(CucumberExecutionContext.java:110)
at io.cucumber.testng.TestNGCucumberRunner.runScenario(TestNGCucumberRunner.java:129)
at runner.TestRunner.scenario(TestRunner.java:52)
at jdk.internal.reflect.GeneratedMethodAccessor3.invoke(Unknown Source)
at java.base/jdk.internal.reflect.DelegatingMethodAccessorImpl.invoke(DelegatingMethodAccessorImpl.java:43)
at java.base/java.lang.reflect.Method.invoke(Method.java:566)
at org.testng.internal.MethodInvocationHelper.invokeMethod(MethodInvocationHelper.java:133)
at org.testng.internal.TestInvoker.invokeMethod(TestInvoker.java:598)
at org.testng.internal.TestInvoker.invokeTestMethod(TestInvoker.java:173)
at org.testng.internal.MethodRunner.runInSequence(MethodRunner.java:46)
at org.testng.internal.TestInvoker$MethodInvocationAgent.invoke(TestInvoker.java:824)
at org.testng.internal.TestInvoker.invokeTestMethods(TestInvoker.java:146)
at org.testng.internal.TestMethodWorker.invokeTestMethods(TestMethodWorker.java:146)
at org.testng.internal.TestMethodWorker.run(TestMethodWorker.java:128)
at java.base/java.util.ArrayList.forEach(ArrayList.java:1541)
at org.testng.TestRunner.privateRun(TestRunner.java:794)
at org.testng.TestRunner.run(TestRunner.java:596)
at org.testng.SuiteRunner.runTest(SuiteRunner.java:377)
at org.testng.SuiteRunner.access$000(SuiteRunner.java:28)
at org.testng.SuiteRunner$SuiteWorker.run(SuiteRunner.java:418)
at org.testng.internal.thread.ThreadUtil.lambda$execute$0(ThreadUtil.java:64)
at java.base/java.util.concurrent.FutureTask.run(FutureTask.java:264)
at java.base/java.util.concurrent.ThreadPoolExecutor.runWorker(ThreadPoolExecutor.java:1128)
at java.base/java.util.concurrent.ThreadPoolExecutor$Worker.run(ThreadPoolExecutor.java:628)
at java.base/java.lang.Thread.run(Thread.java:829)
]]>
    </error>
  </testcase> <!-- scenario -->
  <system-out/>
  <testcase classname="runner.TestRunner" name="scenario" time="8.963">
    <error message="The step &#039;Me or My partner (if partner exists) claim any benefits - &quot;yes&quot;&#039; and 4 other step(s) are undefined.
You can implement these steps using the snippet(s) below:

@When(&quot;Me or My partner \\(if partner exists) claim any benefits - {string}&quot;)
public void me_or_my_partner_if_partner_exists_claim_any_benefits(String string) {
    // Write code here that turns the phrase above into concrete actions
    throw new io.cucumber.java.PendingException();
}
@When(&quot;Me or My partner \\(if partner exists) getting universal credits - {string}&quot;)
public void me_or_my_partner_if_partner_exists_getting_universal_credits(String string) {
    // Write code here that turns the phrase above into concrete actions
    throw new io.cucumber.java.PendingException();
}
@When(&quot;Me or My partner \\(if partner exists) select any of the credit benefits - {string}&quot;)
public void me_or_my_partner_if_partner_exists_select_any_of_the_credit_benefits(String string) {
    // Write code here that turns the phrase above into concrete actions
    throw new io.cucumber.java.PendingException();
}
@When(&quot;Me or My partner \\(if partner exists) type of tax credits - {string}&quot;)
public void me_or_my_partner_if_partner_exists_type_of_tax_credits(String string) {
    // Write code here that turns the phrase above into concrete actions
    throw new io.cucumber.java.PendingException();
}
@When(&quot;Me or My partner \\(if partner exists) house hold income less than {string}&quot;)
public void me_or_my_partner_if_partner_exists_house_hold_income_less_than(String string) {
    // Write code here that turns the phrase above into concrete actions
    throw new io.cucumber.java.PendingException();
}
" type="io.cucumber.testng.UndefinedStepException">
      <![CDATA[io.cucumber.testng.UndefinedStepException: The step 'Me or My partner (if partner exists) claim any benefits - "yes"' and 4 other step(s) are undefined.
You can implement these steps using the snippet(s) below:

@When("Me or My partner \\(if partner exists) claim any benefits - {string}")
public void me_or_my_partner_if_partner_exists_claim_any_benefits(String string) {
    // Write code here that turns the phrase above into concrete actions
    throw new io.cucumber.java.PendingException();
}
@When("Me or My partner \\(if partner exists) getting universal credits - {string}")
public void me_or_my_partner_if_partner_exists_getting_universal_credits(String string) {
    // Write code here that turns the phrase above into concrete actions
    throw new io.cucumber.java.PendingException();
}
@When("Me or My partner \\(if partner exists) select any of the credit benefits - {string}")
public void me_or_my_partner_if_partner_exists_select_any_of_the_credit_benefits(String string) {
    // Write code here that turns the phrase above into concrete actions
    throw new io.cucumber.java.PendingException();
}
@When("Me or My partner \\(if partner exists) type of tax credits - {string}")
public void me_or_my_partner_if_partner_exists_type_of_tax_credits(String string) {
    // Write code here that turns the phrase above into concrete actions
    throw new io.cucumber.java.PendingException();
}
@When("Me or My partner \\(if partner exists) house hold income less than {string}")
public void me_or_my_partner_if_partner_exists_house_hold_income_less_than(String string) {
    // Write code here that turns the phrase above into concrete actions
    throw new io.cucumber.java.PendingException();
}

at io.cucumber.core.runtime.TestCaseResultObserver.assertTestCasePassed(TestCaseResultObserver.java:69)
at io.cucumber.testng.TestCaseResultObserver.assertTestCasePassed(TestCaseResultObserver.java:23)
at io.cucumber.testng.TestNGCucumberRunner.lambda$runScenario$1(TestNGCucumberRunner.java:133)
at io.cucumber.core.runtime.CucumberExecutionContext.lambda$runTestCase$3(CucumberExecutionContext.java:110)
at io.cucumber.core.runtime.RethrowingThrowableCollector.executeAndThrow(RethrowingThrowableCollector.java:23)
at io.cucumber.core.runtime.CucumberExecutionContext.runTestCase(CucumberExecutionContext.java:110)
at io.cucumber.testng.TestNGCucumberRunner.runScenario(TestNGCucumberRunner.java:129)
at runner.TestRunner.scenario(TestRunner.java:52)
at jdk.internal.reflect.GeneratedMethodAccessor3.invoke(Unknown Source)
at java.base/jdk.internal.reflect.DelegatingMethodAccessorImpl.invoke(DelegatingMethodAccessorImpl.java:43)
at java.base/java.lang.reflect.Method.invoke(Method.java:566)
at org.testng.internal.MethodInvocationHelper.invokeMethod(MethodInvocationHelper.java:133)
at org.testng.internal.TestInvoker.invokeMethod(TestInvoker.java:598)
at org.testng.internal.TestInvoker.invokeTestMethod(TestInvoker.java:173)
at org.testng.internal.MethodRunner.runInSequence(MethodRunner.java:46)
at org.testng.internal.TestInvoker$MethodInvocationAgent.invoke(TestInvoker.java:824)
at org.testng.internal.TestInvoker.invokeTestMethods(TestInvoker.java:146)
at org.testng.internal.TestMethodWorker.invokeTestMethods(TestMethodWorker.java:146)
at org.testng.internal.TestMethodWorker.run(TestMethodWorker.java:128)
at java.base/java.util.ArrayList.forEach(ArrayList.java:1541)
at org.testng.TestRunner.privateRun(TestRunner.java:794)
at org.testng.TestRunner.run(TestRunner.java:596)
at org.testng.SuiteRunner.runTest(SuiteRunner.java:377)
at org.testng.SuiteRunner.access$000(SuiteRunner.java:28)
at org.testng.SuiteRunner$SuiteWorker.run(SuiteRunner.java:418)
at org.testng.internal.thread.ThreadUtil.lambda$execute$0(ThreadUtil.java:64)
at java.base/java.util.concurrent.FutureTask.run(FutureTask.java:264)
at java.base/java.util.concurrent.ThreadPoolExecutor.runWorker(ThreadPoolExecutor.java:1128)
at java.base/java.util.concurrent.ThreadPoolExecutor$Worker.run(ThreadPoolExecutor.java:628)
at java.base/java.lang.Thread.run(Thread.java:829)
]]>
    </error>
  </testcase> <!-- scenario -->
  <system-out/>
  <testcase classname="runner.TestRunner" name="scenario" time="9.475">
    <error message="The step &#039;Me or My partner (if partner exists) claim any benefits - &quot;yes&quot;&#039; and 3 other step(s) are undefined.
You can implement these steps using the snippet(s) below:

@When(&quot;Me or My partner \\(if partner exists) claim any benefits - {string}&quot;)
public void me_or_my_partner_if_partner_exists_claim_any_benefits(String string) {
    // Write code here that turns the phrase above into concrete actions
    throw new io.cucumber.java.PendingException();
}
@When(&quot;Me or My partner \\(if partner exists) getting universal credits - {string}&quot;)
public void me_or_my_partner_if_partner_exists_getting_universal_credits(String string) {
    // Write code here that turns the phrase above into concrete actions
    throw new io.cucumber.java.PendingException();
}
@When(&quot;Me or My partner \\(if partner exists) select any of the credit benefits - {string}&quot;)
public void me_or_my_partner_if_partner_exists_select_any_of_the_credit_benefits(String string) {
    // Write code here that turns the phrase above into concrete actions
    throw new io.cucumber.java.PendingException();
}
@When(&quot;Me or My partner \\(if partner exists) select type of allowance - {string}&quot;)
public void me_or_my_partner_if_partner_exists_select_type_of_allowance(String string) {
    // Write code here that turns the phrase above into concrete actions
    throw new io.cucumber.java.PendingException();
}
" type="io.cucumber.testng.UndefinedStepException">
      <![CDATA[io.cucumber.testng.UndefinedStepException: The step 'Me or My partner (if partner exists) claim any benefits - "yes"' and 3 other step(s) are undefined.
You can implement these steps using the snippet(s) below:

@When("Me or My partner \\(if partner exists) claim any benefits - {string}")
public void me_or_my_partner_if_partner_exists_claim_any_benefits(String string) {
    // Write code here that turns the phrase above into concrete actions
    throw new io.cucumber.java.PendingException();
}
@When("Me or My partner \\(if partner exists) getting universal credits - {string}")
public void me_or_my_partner_if_partner_exists_getting_universal_credits(String string) {
    // Write code here that turns the phrase above into concrete actions
    throw new io.cucumber.java.PendingException();
}
@When("Me or My partner \\(if partner exists) select any of the credit benefits - {string}")
public void me_or_my_partner_if_partner_exists_select_any_of_the_credit_benefits(String string) {
    // Write code here that turns the phrase above into concrete actions
    throw new io.cucumber.java.PendingException();
}
@When("Me or My partner \\(if partner exists) select type of allowance - {string}")
public void me_or_my_partner_if_partner_exists_select_type_of_allowance(String string) {
    // Write code here that turns the phrase above into concrete actions
    throw new io.cucumber.java.PendingException();
}

at io.cucumber.core.runtime.TestCaseResultObserver.assertTestCasePassed(TestCaseResultObserver.java:69)
at io.cucumber.testng.TestCaseResultObserver.assertTestCasePassed(TestCaseResultObserver.java:23)
at io.cucumber.testng.TestNGCucumberRunner.lambda$runScenario$1(TestNGCucumberRunner.java:133)
at io.cucumber.core.runtime.CucumberExecutionContext.lambda$runTestCase$3(CucumberExecutionContext.java:110)
at io.cucumber.core.runtime.RethrowingThrowableCollector.executeAndThrow(RethrowingThrowableCollector.java:23)
at io.cucumber.core.runtime.CucumberExecutionContext.runTestCase(CucumberExecutionContext.java:110)
at io.cucumber.testng.TestNGCucumberRunner.runScenario(TestNGCucumberRunner.java:129)
at runner.TestRunner.scenario(TestRunner.java:52)
at jdk.internal.reflect.GeneratedMethodAccessor3.invoke(Unknown Source)
at java.base/jdk.internal.reflect.DelegatingMethodAccessorImpl.invoke(DelegatingMethodAccessorImpl.java:43)
at java.base/java.lang.reflect.Method.invoke(Method.java:566)
at org.testng.internal.MethodInvocationHelper.invokeMethod(MethodInvocationHelper.java:133)
at org.testng.internal.TestInvoker.invokeMethod(TestInvoker.java:598)
at org.testng.internal.TestInvoker.invokeTestMethod(TestInvoker.java:173)
at org.testng.internal.MethodRunner.runInSequence(MethodRunner.java:46)
at org.testng.internal.TestInvoker$MethodInvocationAgent.invoke(TestInvoker.java:824)
at org.testng.internal.TestInvoker.invokeTestMethods(TestInvoker.java:146)
at org.testng.internal.TestMethodWorker.invokeTestMethods(TestMethodWorker.java:146)
at org.testng.internal.TestMethodWorker.run(TestMethodWorker.java:128)
at java.base/java.util.ArrayList.forEach(ArrayList.java:1541)
at org.testng.TestRunner.privateRun(TestRunner.java:794)
at org.testng.TestRunner.run(TestRunner.java:596)
at org.testng.SuiteRunner.runTest(SuiteRunner.java:377)
at org.testng.SuiteRunner.access$000(SuiteRunner.java:28)
at org.testng.SuiteRunner$SuiteWorker.run(SuiteRunner.java:418)
at org.testng.internal.thread.ThreadUtil.lambda$execute$0(ThreadUtil.java:64)
at java.base/java.util.concurrent.FutureTask.run(FutureTask.java:264)
at java.base/java.util.concurrent.ThreadPoolExecutor.runWorker(ThreadPoolExecutor.java:1128)
at java.base/java.util.concurrent.ThreadPoolExecutor$Worker.run(ThreadPoolExecutor.java:628)
at java.base/java.lang.Thread.run(Thread.java:829)
]]>
    </error>
  </testcase> <!-- scenario -->
  <system-out/>
  <testcase classname="runner.TestRunner" name="scenario" time="9.097">
    <error message="The step &#039;Me or My partner (if partner exists) claim any benefits - &quot;yes&quot;&#039; and 4 other step(s) are undefined.
You can implement these steps using the snippet(s) below:

@When(&quot;Me or My partner \\(if partner exists) claim any benefits - {string}&quot;)
public void me_or_my_partner_if_partner_exists_claim_any_benefits(String string) {
    // Write code here that turns the phrase above into concrete actions
    throw new io.cucumber.java.PendingException();
}
@When(&quot;Me or My partner \\(if partner exists) getting universal credits - {string}&quot;)
public void me_or_my_partner_if_partner_exists_getting_universal_credits(String string) {
    // Write code here that turns the phrase above into concrete actions
    throw new io.cucumber.java.PendingException();
}
@When(&quot;Me or My partner \\(if partner exists) select any of the credit benefits - {string}&quot;)
public void me_or_my_partner_if_partner_exists_select_any_of_the_credit_benefits(String string) {
    // Write code here that turns the phrase above into concrete actions
    throw new io.cucumber.java.PendingException();
}
@When(&quot;Me or My partner \\(if partner exists) type of tax credits - {string}&quot;)
public void me_or_my_partner_if_partner_exists_type_of_tax_credits(String string) {
    // Write code here that turns the phrase above into concrete actions
    throw new io.cucumber.java.PendingException();
}
@When(&quot;Me or My partner \\(if partner exists) house hold income less than {string}&quot;)
public void me_or_my_partner_if_partner_exists_house_hold_income_less_than(String string) {
    // Write code here that turns the phrase above into concrete actions
    throw new io.cucumber.java.PendingException();
}
" type="io.cucumber.testng.UndefinedStepException">
      <![CDATA[io.cucumber.testng.UndefinedStepException: The step 'Me or My partner (if partner exists) claim any benefits - "yes"' and 4 other step(s) are undefined.
You can implement these steps using the snippet(s) below:

@When("Me or My partner \\(if partner exists) claim any benefits - {string}")
public void me_or_my_partner_if_partner_exists_claim_any_benefits(String string) {
    // Write code here that turns the phrase above into concrete actions
    throw new io.cucumber.java.PendingException();
}
@When("Me or My partner \\(if partner exists) getting universal credits - {string}")
public void me_or_my_partner_if_partner_exists_getting_universal_credits(String string) {
    // Write code here that turns the phrase above into concrete actions
    throw new io.cucumber.java.PendingException();
}
@When("Me or My partner \\(if partner exists) select any of the credit benefits - {string}")
public void me_or_my_partner_if_partner_exists_select_any_of_the_credit_benefits(String string) {
    // Write code here that turns the phrase above into concrete actions
    throw new io.cucumber.java.PendingException();
}
@When("Me or My partner \\(if partner exists) type of tax credits - {string}")
public void me_or_my_partner_if_partner_exists_type_of_tax_credits(String string) {
    // Write code here that turns the phrase above into concrete actions
    throw new io.cucumber.java.PendingException();
}
@When("Me or My partner \\(if partner exists) house hold income less than {string}")
public void me_or_my_partner_if_partner_exists_house_hold_income_less_than(String string) {
    // Write code here that turns the phrase above into concrete actions
    throw new io.cucumber.java.PendingException();
}

at io.cucumber.core.runtime.TestCaseResultObserver.assertTestCasePassed(TestCaseResultObserver.java:69)
at io.cucumber.testng.TestCaseResultObserver.assertTestCasePassed(TestCaseResultObserver.java:23)
at io.cucumber.testng.TestNGCucumberRunner.lambda$runScenario$1(TestNGCucumberRunner.java:133)
at io.cucumber.core.runtime.CucumberExecutionContext.lambda$runTestCase$3(CucumberExecutionContext.java:110)
at io.cucumber.core.runtime.RethrowingThrowableCollector.executeAndThrow(RethrowingThrowableCollector.java:23)
at io.cucumber.core.runtime.CucumberExecutionContext.runTestCase(CucumberExecutionContext.java:110)
at io.cucumber.testng.TestNGCucumberRunner.runScenario(TestNGCucumberRunner.java:129)
at runner.TestRunner.scenario(TestRunner.java:52)
at jdk.internal.reflect.GeneratedMethodAccessor3.invoke(Unknown Source)
at java.base/jdk.internal.reflect.DelegatingMethodAccessorImpl.invoke(DelegatingMethodAccessorImpl.java:43)
at java.base/java.lang.reflect.Method.invoke(Method.java:566)
at org.testng.internal.MethodInvocationHelper.invokeMethod(MethodInvocationHelper.java:133)
at org.testng.internal.TestInvoker.invokeMethod(TestInvoker.java:598)
at org.testng.internal.TestInvoker.invokeTestMethod(TestInvoker.java:173)
at org.testng.internal.MethodRunner.runInSequence(MethodRunner.java:46)
at org.testng.internal.TestInvoker$MethodInvocationAgent.invoke(TestInvoker.java:824)
at org.testng.internal.TestInvoker.invokeTestMethods(TestInvoker.java:146)
at org.testng.internal.TestMethodWorker.invokeTestMethods(TestMethodWorker.java:146)
at org.testng.internal.TestMethodWorker.run(TestMethodWorker.java:128)
at java.base/java.util.ArrayList.forEach(ArrayList.java:1541)
at org.testng.TestRunner.privateRun(TestRunner.java:794)
at org.testng.TestRunner.run(TestRunner.java:596)
at org.testng.SuiteRunner.runTest(SuiteRunner.java:377)
at org.testng.SuiteRunner.access$000(SuiteRunner.java:28)
at org.testng.SuiteRunner$SuiteWorker.run(SuiteRunner.java:418)
at org.testng.internal.thread.ThreadUtil.lambda$execute$0(ThreadUtil.java:64)
at java.base/java.util.concurrent.FutureTask.run(FutureTask.java:264)
at java.base/java.util.concurrent.ThreadPoolExecutor.runWorker(ThreadPoolExecutor.java:1128)
at java.base/java.util.concurrent.ThreadPoolExecutor$Worker.run(ThreadPoolExecutor.java:628)
at java.base/java.lang.Thread.run(Thread.java:829)
]]>
    </error>
  </testcase> <!-- scenario -->
  <system-out/>
  <testcase classname="runner.TestRunner" name="scenario" time="10.768">
    <error message="The step &#039;Me or My partner (if partner exists) claim any benefits - &quot;yes&quot;&#039; and 3 other step(s) are undefined.
You can implement these steps using the snippet(s) below:

@When(&quot;Me or My partner \\(if partner exists) claim any benefits - {string}&quot;)
public void me_or_my_partner_if_partner_exists_claim_any_benefits(String string) {
    // Write code here that turns the phrase above into concrete actions
    throw new io.cucumber.java.PendingException();
}
@When(&quot;Me or My partner \\(if partner exists) getting universal credits - {string}&quot;)
public void me_or_my_partner_if_partner_exists_getting_universal_credits(String string) {
    // Write code here that turns the phrase above into concrete actions
    throw new io.cucumber.java.PendingException();
}
@When(&quot;Me or My partner \\(if partner exists) select any of the credit benefits - {string}&quot;)
public void me_or_my_partner_if_partner_exists_select_any_of_the_credit_benefits(String string) {
    // Write code here that turns the phrase above into concrete actions
    throw new io.cucumber.java.PendingException();
}
@When(&quot;Me or My partner \\(if partner exists) type of tax credits - {string}&quot;)
public void me_or_my_partner_if_partner_exists_type_of_tax_credits(String string) {
    // Write code here that turns the phrase above into concrete actions
    throw new io.cucumber.java.PendingException();
}
" type="io.cucumber.testng.UndefinedStepException">
      <![CDATA[io.cucumber.testng.UndefinedStepException: The step 'Me or My partner (if partner exists) claim any benefits - "yes"' and 3 other step(s) are undefined.
You can implement these steps using the snippet(s) below:

@When("Me or My partner \\(if partner exists) claim any benefits - {string}")
public void me_or_my_partner_if_partner_exists_claim_any_benefits(String string) {
    // Write code here that turns the phrase above into concrete actions
    throw new io.cucumber.java.PendingException();
}
@When("Me or My partner \\(if partner exists) getting universal credits - {string}")
public void me_or_my_partner_if_partner_exists_getting_universal_credits(String string) {
    // Write code here that turns the phrase above into concrete actions
    throw new io.cucumber.java.PendingException();
}
@When("Me or My partner \\(if partner exists) select any of the credit benefits - {string}")
public void me_or_my_partner_if_partner_exists_select_any_of_the_credit_benefits(String string) {
    // Write code here that turns the phrase above into concrete actions
    throw new io.cucumber.java.PendingException();
}
@When("Me or My partner \\(if partner exists) type of tax credits - {string}")
public void me_or_my_partner_if_partner_exists_type_of_tax_credits(String string) {
    // Write code here that turns the phrase above into concrete actions
    throw new io.cucumber.java.PendingException();
}

at io.cucumber.core.runtime.TestCaseResultObserver.assertTestCasePassed(TestCaseResultObserver.java:69)
at io.cucumber.testng.TestCaseResultObserver.assertTestCasePassed(TestCaseResultObserver.java:23)
at io.cucumber.testng.TestNGCucumberRunner.lambda$runScenario$1(TestNGCucumberRunner.java:133)
at io.cucumber.core.runtime.CucumberExecutionContext.lambda$runTestCase$3(CucumberExecutionContext.java:110)
at io.cucumber.core.runtime.RethrowingThrowableCollector.executeAndThrow(RethrowingThrowableCollector.java:23)
at io.cucumber.core.runtime.CucumberExecutionContext.runTestCase(CucumberExecutionContext.java:110)
at io.cucumber.testng.TestNGCucumberRunner.runScenario(TestNGCucumberRunner.java:129)
at runner.TestRunner.scenario(TestRunner.java:52)
at jdk.internal.reflect.GeneratedMethodAccessor3.invoke(Unknown Source)
at java.base/jdk.internal.reflect.DelegatingMethodAccessorImpl.invoke(DelegatingMethodAccessorImpl.java:43)
at java.base/java.lang.reflect.Method.invoke(Method.java:566)
at org.testng.internal.MethodInvocationHelper.invokeMethod(MethodInvocationHelper.java:133)
at org.testng.internal.TestInvoker.invokeMethod(TestInvoker.java:598)
at org.testng.internal.TestInvoker.invokeTestMethod(TestInvoker.java:173)
at org.testng.internal.MethodRunner.runInSequence(MethodRunner.java:46)
at org.testng.internal.TestInvoker$MethodInvocationAgent.invoke(TestInvoker.java:824)
at org.testng.internal.TestInvoker.invokeTestMethods(TestInvoker.java:146)
at org.testng.internal.TestMethodWorker.invokeTestMethods(TestMethodWorker.java:146)
at org.testng.internal.TestMethodWorker.run(TestMethodWorker.java:128)
at java.base/java.util.ArrayList.forEach(ArrayList.java:1541)
at org.testng.TestRunner.privateRun(TestRunner.java:794)
at org.testng.TestRunner.run(TestRunner.java:596)
at org.testng.SuiteRunner.runTest(SuiteRunner.java:377)
at org.testng.SuiteRunner.access$000(SuiteRunner.java:28)
at org.testng.SuiteRunner$SuiteWorker.run(SuiteRunner.java:418)
at org.testng.internal.thread.ThreadUtil.lambda$execute$0(ThreadUtil.java:64)
at java.base/java.util.concurrent.FutureTask.run(FutureTask.java:264)
at java.base/java.util.concurrent.ThreadPoolExecutor.runWorker(ThreadPoolExecutor.java:1128)
at java.base/java.util.concurrent.ThreadPoolExecutor$Worker.run(ThreadPoolExecutor.java:628)
at java.base/java.lang.Thread.run(Thread.java:829)
]]>
    </error>
  </testcase> <!-- scenario -->
  <system-out/>
  <testcase classname="runner.TestRunner" name="scenario" time="9.544">
    <error message="The step &#039;Me or My partner (if partner exists) claim any benefits - &quot;yes&quot;&#039; and 4 other step(s) are undefined.
You can implement these steps using the snippet(s) below:

@When(&quot;Me or My partner \\(if partner exists) claim any benefits - {string}&quot;)
public void me_or_my_partner_if_partner_exists_claim_any_benefits(String string) {
    // Write code here that turns the phrase above into concrete actions
    throw new io.cucumber.java.PendingException();
}
@When(&quot;Me or My partner \\(if partner exists) getting universal credits - {string}&quot;)
public void me_or_my_partner_if_partner_exists_getting_universal_credits(String string) {
    // Write code here that turns the phrase above into concrete actions
    throw new io.cucumber.java.PendingException();
}
@When(&quot;Me or My partner \\(if partner exists) select any of the credit benefits - {string}&quot;)
public void me_or_my_partner_if_partner_exists_select_any_of_the_credit_benefits(String string) {
    // Write code here that turns the phrase above into concrete actions
    throw new io.cucumber.java.PendingException();
}
@When(&quot;Me or My partner \\(if partner exists) type of tax credits - {string}&quot;)
public void me_or_my_partner_if_partner_exists_type_of_tax_credits(String string) {
    // Write code here that turns the phrase above into concrete actions
    throw new io.cucumber.java.PendingException();
}
@When(&quot;Me or My partner \\(if partner exists) house hold income less than {string}&quot;)
public void me_or_my_partner_if_partner_exists_house_hold_income_less_than(String string) {
    // Write code here that turns the phrase above into concrete actions
    throw new io.cucumber.java.PendingException();
}
" type="io.cucumber.testng.UndefinedStepException">
      <![CDATA[io.cucumber.testng.UndefinedStepException: The step 'Me or My partner (if partner exists) claim any benefits - "yes"' and 4 other step(s) are undefined.
You can implement these steps using the snippet(s) below:

@When("Me or My partner \\(if partner exists) claim any benefits - {string}")
public void me_or_my_partner_if_partner_exists_claim_any_benefits(String string) {
    // Write code here that turns the phrase above into concrete actions
    throw new io.cucumber.java.PendingException();
}
@When("Me or My partner \\(if partner exists) getting universal credits - {string}")
public void me_or_my_partner_if_partner_exists_getting_universal_credits(String string) {
    // Write code here that turns the phrase above into concrete actions
    throw new io.cucumber.java.PendingException();
}
@When("Me or My partner \\(if partner exists) select any of the credit benefits - {string}")
public void me_or_my_partner_if_partner_exists_select_any_of_the_credit_benefits(String string) {
    // Write code here that turns the phrase above into concrete actions
    throw new io.cucumber.java.PendingException();
}
@When("Me or My partner \\(if partner exists) type of tax credits - {string}")
public void me_or_my_partner_if_partner_exists_type_of_tax_credits(String string) {
    // Write code here that turns the phrase above into concrete actions
    throw new io.cucumber.java.PendingException();
}
@When("Me or My partner \\(if partner exists) house hold income less than {string}")
public void me_or_my_partner_if_partner_exists_house_hold_income_less_than(String string) {
    // Write code here that turns the phrase above into concrete actions
    throw new io.cucumber.java.PendingException();
}

at io.cucumber.core.runtime.TestCaseResultObserver.assertTestCasePassed(TestCaseResultObserver.java:69)
at io.cucumber.testng.TestCaseResultObserver.assertTestCasePassed(TestCaseResultObserver.java:23)
at io.cucumber.testng.TestNGCucumberRunner.lambda$runScenario$1(TestNGCucumberRunner.java:133)
at io.cucumber.core.runtime.CucumberExecutionContext.lambda$runTestCase$3(CucumberExecutionContext.java:110)
at io.cucumber.core.runtime.RethrowingThrowableCollector.executeAndThrow(RethrowingThrowableCollector.java:23)
at io.cucumber.core.runtime.CucumberExecutionContext.runTestCase(CucumberExecutionContext.java:110)
at io.cucumber.testng.TestNGCucumberRunner.runScenario(TestNGCucumberRunner.java:129)
at runner.TestRunner.scenario(TestRunner.java:52)
at jdk.internal.reflect.GeneratedMethodAccessor3.invoke(Unknown Source)
at java.base/jdk.internal.reflect.DelegatingMethodAccessorImpl.invoke(DelegatingMethodAccessorImpl.java:43)
at java.base/java.lang.reflect.Method.invoke(Method.java:566)
at org.testng.internal.MethodInvocationHelper.invokeMethod(MethodInvocationHelper.java:133)
at org.testng.internal.TestInvoker.invokeMethod(TestInvoker.java:598)
at org.testng.internal.TestInvoker.invokeTestMethod(TestInvoker.java:173)
at org.testng.internal.MethodRunner.runInSequence(MethodRunner.java:46)
at org.testng.internal.TestInvoker$MethodInvocationAgent.invoke(TestInvoker.java:824)
at org.testng.internal.TestInvoker.invokeTestMethods(TestInvoker.java:146)
at org.testng.internal.TestMethodWorker.invokeTestMethods(TestMethodWorker.java:146)
at org.testng.internal.TestMethodWorker.run(TestMethodWorker.java:128)
at java.base/java.util.ArrayList.forEach(ArrayList.java:1541)
at org.testng.TestRunner.privateRun(TestRunner.java:794)
at org.testng.TestRunner.run(TestRunner.java:596)
at org.testng.SuiteRunner.runTest(SuiteRunner.java:377)
at org.testng.SuiteRunner.access$000(SuiteRunner.java:28)
at org.testng.SuiteRunner$SuiteWorker.run(SuiteRunner.java:418)
at org.testng.internal.thread.ThreadUtil.lambda$execute$0(ThreadUtil.java:64)
at java.base/java.util.concurrent.FutureTask.run(FutureTask.java:264)
at java.base/java.util.concurrent.ThreadPoolExecutor.runWorker(ThreadPoolExecutor.java:1128)
at java.base/java.util.concurrent.ThreadPoolExecutor$Worker.run(ThreadPoolExecutor.java:628)
at java.base/java.lang.Thread.run(Thread.java:829)
]]>
    </error>
  </testcase> <!-- scenario -->
  <system-out/>
  <testcase classname="runner.TestRunner" name="scenario" time="9.285">
    <error message="The step &#039;Me or My partner (if partner exists) claim any benefits - &quot;yes&quot;&#039; and 3 other step(s) are undefined.
You can implement these steps using the snippet(s) below:

@When(&quot;Me or My partner \\(if partner exists) claim any benefits - {string}&quot;)
public void me_or_my_partner_if_partner_exists_claim_any_benefits(String string) {
    // Write code here that turns the phrase above into concrete actions
    throw new io.cucumber.java.PendingException();
}
@When(&quot;Me or My partner \\(if partner exists) getting universal credits - {string}&quot;)
public void me_or_my_partner_if_partner_exists_getting_universal_credits(String string) {
    // Write code here that turns the phrase above into concrete actions
    throw new io.cucumber.java.PendingException();
}
@When(&quot;Me or My partner \\(if partner exists) select any of the credit benefits - {string}&quot;)
public void me_or_my_partner_if_partner_exists_select_any_of_the_credit_benefits(String string) {
    // Write code here that turns the phrase above into concrete actions
    throw new io.cucumber.java.PendingException();
}
@When(&quot;Me or My partner \\(if partner exists) select type of pension credit - {string}&quot;)
public void me_or_my_partner_if_partner_exists_select_type_of_pension_credit(String string) {
    // Write code here that turns the phrase above into concrete actions
    throw new io.cucumber.java.PendingException();
}
" type="io.cucumber.testng.UndefinedStepException">
      <![CDATA[io.cucumber.testng.UndefinedStepException: The step 'Me or My partner (if partner exists) claim any benefits - "yes"' and 3 other step(s) are undefined.
You can implement these steps using the snippet(s) below:

@When("Me or My partner \\(if partner exists) claim any benefits - {string}")
public void me_or_my_partner_if_partner_exists_claim_any_benefits(String string) {
    // Write code here that turns the phrase above into concrete actions
    throw new io.cucumber.java.PendingException();
}
@When("Me or My partner \\(if partner exists) getting universal credits - {string}")
public void me_or_my_partner_if_partner_exists_getting_universal_credits(String string) {
    // Write code here that turns the phrase above into concrete actions
    throw new io.cucumber.java.PendingException();
}
@When("Me or My partner \\(if partner exists) select any of the credit benefits - {string}")
public void me_or_my_partner_if_partner_exists_select_any_of_the_credit_benefits(String string) {
    // Write code here that turns the phrase above into concrete actions
    throw new io.cucumber.java.PendingException();
}
@When("Me or My partner \\(if partner exists) select type of pension credit - {string}")
public void me_or_my_partner_if_partner_exists_select_type_of_pension_credit(String string) {
    // Write code here that turns the phrase above into concrete actions
    throw new io.cucumber.java.PendingException();
}

at io.cucumber.core.runtime.TestCaseResultObserver.assertTestCasePassed(TestCaseResultObserver.java:69)
at io.cucumber.testng.TestCaseResultObserver.assertTestCasePassed(TestCaseResultObserver.java:23)
at io.cucumber.testng.TestNGCucumberRunner.lambda$runScenario$1(TestNGCucumberRunner.java:133)
at io.cucumber.core.runtime.CucumberExecutionContext.lambda$runTestCase$3(CucumberExecutionContext.java:110)
at io.cucumber.core.runtime.RethrowingThrowableCollector.executeAndThrow(RethrowingThrowableCollector.java:23)
at io.cucumber.core.runtime.CucumberExecutionContext.runTestCase(CucumberExecutionContext.java:110)
at io.cucumber.testng.TestNGCucumberRunner.runScenario(TestNGCucumberRunner.java:129)
at runner.TestRunner.scenario(TestRunner.java:52)
at jdk.internal.reflect.GeneratedMethodAccessor3.invoke(Unknown Source)
at java.base/jdk.internal.reflect.DelegatingMethodAccessorImpl.invoke(DelegatingMethodAccessorImpl.java:43)
at java.base/java.lang.reflect.Method.invoke(Method.java:566)
at org.testng.internal.MethodInvocationHelper.invokeMethod(MethodInvocationHelper.java:133)
at org.testng.internal.TestInvoker.invokeMethod(TestInvoker.java:598)
at org.testng.internal.TestInvoker.invokeTestMethod(TestInvoker.java:173)
at org.testng.internal.MethodRunner.runInSequence(MethodRunner.java:46)
at org.testng.internal.TestInvoker$MethodInvocationAgent.invoke(TestInvoker.java:824)
at org.testng.internal.TestInvoker.invokeTestMethods(TestInvoker.java:146)
at org.testng.internal.TestMethodWorker.invokeTestMethods(TestMethodWorker.java:146)
at org.testng.internal.TestMethodWorker.run(TestMethodWorker.java:128)
at java.base/java.util.ArrayList.forEach(ArrayList.java:1541)
at org.testng.TestRunner.privateRun(TestRunner.java:794)
at org.testng.TestRunner.run(TestRunner.java:596)
at org.testng.SuiteRunner.runTest(SuiteRunner.java:377)
at org.testng.SuiteRunner.access$000(SuiteRunner.java:28)
at org.testng.SuiteRunner$SuiteWorker.run(SuiteRunner.java:418)
at org.testng.internal.thread.ThreadUtil.lambda$execute$0(ThreadUtil.java:64)
at java.base/java.util.concurrent.FutureTask.run(FutureTask.java:264)
at java.base/java.util.concurrent.ThreadPoolExecutor.runWorker(ThreadPoolExecutor.java:1128)
at java.base/java.util.concurrent.ThreadPoolExecutor$Worker.run(ThreadPoolExecutor.java:628)
at java.base/java.lang.Thread.run(Thread.java:829)
]]>
    </error>
  </testcase> <!-- scenario -->
  <system-out/>
  <testcase classname="runner.TestRunner" name="scenario" time="8.910">
    <error message="The step &#039;Me or My partner (if partner exists) claim any benefits - &quot;yes&quot;&#039; and 3 other step(s) are undefined.
You can implement these steps using the snippet(s) below:

@When(&quot;Me or My partner \\(if partner exists) claim any benefits - {string}&quot;)
public void me_or_my_partner_if_partner_exists_claim_any_benefits(String string) {
    // Write code here that turns the phrase above into concrete actions
    throw new io.cucumber.java.PendingException();
}
@When(&quot;Me or My partner \\(if partner exists) getting universal credits - {string}&quot;)
public void me_or_my_partner_if_partner_exists_getting_universal_credits(String string) {
    // Write code here that turns the phrase above into concrete actions
    throw new io.cucumber.java.PendingException();
}
@When(&quot;Me or My partner \\(if partner exists) select any of the credit benefits - {string}&quot;)
public void me_or_my_partner_if_partner_exists_select_any_of_the_credit_benefits(String string) {
    // Write code here that turns the phrase above into concrete actions
    throw new io.cucumber.java.PendingException();
}
@When(&quot;Me or My partner \\(if partner exists) select type of allowance - {string}&quot;)
public void me_or_my_partner_if_partner_exists_select_type_of_allowance(String string) {
    // Write code here that turns the phrase above into concrete actions
    throw new io.cucumber.java.PendingException();
}
" type="io.cucumber.testng.UndefinedStepException">
      <![CDATA[io.cucumber.testng.UndefinedStepException: The step 'Me or My partner (if partner exists) claim any benefits - "yes"' and 3 other step(s) are undefined.
You can implement these steps using the snippet(s) below:

@When("Me or My partner \\(if partner exists) claim any benefits - {string}")
public void me_or_my_partner_if_partner_exists_claim_any_benefits(String string) {
    // Write code here that turns the phrase above into concrete actions
    throw new io.cucumber.java.PendingException();
}
@When("Me or My partner \\(if partner exists) getting universal credits - {string}")
public void me_or_my_partner_if_partner_exists_getting_universal_credits(String string) {
    // Write code here that turns the phrase above into concrete actions
    throw new io.cucumber.java.PendingException();
}
@When("Me or My partner \\(if partner exists) select any of the credit benefits - {string}")
public void me_or_my_partner_if_partner_exists_select_any_of_the_credit_benefits(String string) {
    // Write code here that turns the phrase above into concrete actions
    throw new io.cucumber.java.PendingException();
}
@When("Me or My partner \\(if partner exists) select type of allowance - {string}")
public void me_or_my_partner_if_partner_exists_select_type_of_allowance(String string) {
    // Write code here that turns the phrase above into concrete actions
    throw new io.cucumber.java.PendingException();
}

at io.cucumber.core.runtime.TestCaseResultObserver.assertTestCasePassed(TestCaseResultObserver.java:69)
at io.cucumber.testng.TestCaseResultObserver.assertTestCasePassed(TestCaseResultObserver.java:23)
at io.cucumber.testng.TestNGCucumberRunner.lambda$runScenario$1(TestNGCucumberRunner.java:133)
at io.cucumber.core.runtime.CucumberExecutionContext.lambda$runTestCase$3(CucumberExecutionContext.java:110)
at io.cucumber.core.runtime.RethrowingThrowableCollector.executeAndThrow(RethrowingThrowableCollector.java:23)
at io.cucumber.core.runtime.CucumberExecutionContext.runTestCase(CucumberExecutionContext.java:110)
at io.cucumber.testng.TestNGCucumberRunner.runScenario(TestNGCucumberRunner.java:129)
at runner.TestRunner.scenario(TestRunner.java:52)
at jdk.internal.reflect.GeneratedMethodAccessor3.invoke(Unknown Source)
at java.base/jdk.internal.reflect.DelegatingMethodAccessorImpl.invoke(DelegatingMethodAccessorImpl.java:43)
at java.base/java.lang.reflect.Method.invoke(Method.java:566)
at org.testng.internal.MethodInvocationHelper.invokeMethod(MethodInvocationHelper.java:133)
at org.testng.internal.TestInvoker.invokeMethod(TestInvoker.java:598)
at org.testng.internal.TestInvoker.invokeTestMethod(TestInvoker.java:173)
at org.testng.internal.MethodRunner.runInSequence(MethodRunner.java:46)
at org.testng.internal.TestInvoker$MethodInvocationAgent.invoke(TestInvoker.java:824)
at org.testng.internal.TestInvoker.invokeTestMethods(TestInvoker.java:146)
at org.testng.internal.TestMethodWorker.invokeTestMethods(TestMethodWorker.java:146)
at org.testng.internal.TestMethodWorker.run(TestMethodWorker.java:128)
at java.base/java.util.ArrayList.forEach(ArrayList.java:1541)
at org.testng.TestRunner.privateRun(TestRunner.java:794)
at org.testng.TestRunner.run(TestRunner.java:596)
at org.testng.SuiteRunner.runTest(SuiteRunner.java:377)
at org.testng.SuiteRunner.access$000(SuiteRunner.java:28)
at org.testng.SuiteRunner$SuiteWorker.run(SuiteRunner.java:418)
at org.testng.internal.thread.ThreadUtil.lambda$execute$0(ThreadUtil.java:64)
at java.base/java.util.concurrent.FutureTask.run(FutureTask.java:264)
at java.base/java.util.concurrent.ThreadPoolExecutor.runWorker(ThreadPoolExecutor.java:1128)
at java.base/java.util.concurrent.ThreadPoolExecutor$Worker.run(ThreadPoolExecutor.java:628)
at java.base/java.lang.Thread.run(Thread.java:829)
]]>
    </error>
  </testcase> <!-- scenario -->
  <system-out/>
  <testcase classname="runner.TestRunner" name="scenario" time="9.368">
    <error message="The step &#039;Me or My partner (if partner exists) claim any benefits - &quot;yes&quot;&#039; and 2 other step(s) are undefined.
You can implement these steps using the snippet(s) below:

@When(&quot;Me or My partner \\(if partner exists) claim any benefits - {string}&quot;)
public void me_or_my_partner_if_partner_exists_claim_any_benefits(String string) {
    // Write code here that turns the phrase above into concrete actions
    throw new io.cucumber.java.PendingException();
}
@When(&quot;Me or My partner \\(if partner exists) getting universal credits - {string}&quot;)
public void me_or_my_partner_if_partner_exists_getting_universal_credits(String string) {
    // Write code here that turns the phrase above into concrete actions
    throw new io.cucumber.java.PendingException();
}
@When(&quot;Me or My partner \\(if partner exists) select any of the credit benefits - {string}&quot;)
public void me_or_my_partner_if_partner_exists_select_any_of_the_credit_benefits(String string) {
    // Write code here that turns the phrase above into concrete actions
    throw new io.cucumber.java.PendingException();
}
" type="io.cucumber.testng.UndefinedStepException">
      <![CDATA[io.cucumber.testng.UndefinedStepException: The step 'Me or My partner (if partner exists) claim any benefits - "yes"' and 2 other step(s) are undefined.
You can implement these steps using the snippet(s) below:

@When("Me or My partner \\(if partner exists) claim any benefits - {string}")
public void me_or_my_partner_if_partner_exists_claim_any_benefits(String string) {
    // Write code here that turns the phrase above into concrete actions
    throw new io.cucumber.java.PendingException();
}
@When("Me or My partner \\(if partner exists) getting universal credits - {string}")
public void me_or_my_partner_if_partner_exists_getting_universal_credits(String string) {
    // Write code here that turns the phrase above into concrete actions
    throw new io.cucumber.java.PendingException();
}
@When("Me or My partner \\(if partner exists) select any of the credit benefits - {string}")
public void me_or_my_partner_if_partner_exists_select_any_of_the_credit_benefits(String string) {
    // Write code here that turns the phrase above into concrete actions
    throw new io.cucumber.java.PendingException();
}

at io.cucumber.core.runtime.TestCaseResultObserver.assertTestCasePassed(TestCaseResultObserver.java:69)
at io.cucumber.testng.TestCaseResultObserver.assertTestCasePassed(TestCaseResultObserver.java:23)
at io.cucumber.testng.TestNGCucumberRunner.lambda$runScenario$1(TestNGCucumberRunner.java:133)
at io.cucumber.core.runtime.CucumberExecutionContext.lambda$runTestCase$3(CucumberExecutionContext.java:110)
at io.cucumber.core.runtime.RethrowingThrowableCollector.executeAndThrow(RethrowingThrowableCollector.java:23)
at io.cucumber.core.runtime.CucumberExecutionContext.runTestCase(CucumberExecutionContext.java:110)
at io.cucumber.testng.TestNGCucumberRunner.runScenario(TestNGCucumberRunner.java:129)
at runner.TestRunner.scenario(TestRunner.java:52)
at jdk.internal.reflect.GeneratedMethodAccessor3.invoke(Unknown Source)
at java.base/jdk.internal.reflect.DelegatingMethodAccessorImpl.invoke(DelegatingMethodAccessorImpl.java:43)
at java.base/java.lang.reflect.Method.invoke(Method.java:566)
at org.testng.internal.MethodInvocationHelper.invokeMethod(MethodInvocationHelper.java:133)
at org.testng.internal.TestInvoker.invokeMethod(TestInvoker.java:598)
at org.testng.internal.TestInvoker.invokeTestMethod(TestInvoker.java:173)
at org.testng.internal.MethodRunner.runInSequence(MethodRunner.java:46)
at org.testng.internal.TestInvoker$MethodInvocationAgent.invoke(TestInvoker.java:824)
at org.testng.internal.TestInvoker.invokeTestMethods(TestInvoker.java:146)
at org.testng.internal.TestMethodWorker.invokeTestMethods(TestMethodWorker.java:146)
at org.testng.internal.TestMethodWorker.run(TestMethodWorker.java:128)
at java.base/java.util.ArrayList.forEach(ArrayList.java:1541)
at org.testng.TestRunner.privateRun(TestRunner.java:794)
at org.testng.TestRunner.run(TestRunner.java:596)
at org.testng.SuiteRunner.runTest(SuiteRunner.java:377)
at org.testng.SuiteRunner.access$000(SuiteRunner.java:28)
at org.testng.SuiteRunner$SuiteWorker.run(SuiteRunner.java:418)
at org.testng.internal.thread.ThreadUtil.lambda$execute$0(ThreadUtil.java:64)
at java.base/java.util.concurrent.FutureTask.run(FutureTask.java:264)
at java.base/java.util.concurrent.ThreadPoolExecutor.runWorker(ThreadPoolExecutor.java:1128)
at java.base/java.util.concurrent.ThreadPoolExecutor$Worker.run(ThreadPoolExecutor.java:628)
at java.base/java.lang.Thread.run(Thread.java:829)
]]>
    </error>
  </testcase> <!-- scenario -->
  <system-out/>
  <testcase classname="runner.TestRunner" name="scenario" time="9.034">
    <error message="The step &#039;Me or My partner (if partner exists) claim any benefits - &quot;yes&quot;&#039; and 3 other step(s) are undefined.
You can implement these steps using the snippet(s) below:

@When(&quot;Me or My partner \\(if partner exists) claim any benefits - {string}&quot;)
public void me_or_my_partner_if_partner_exists_claim_any_benefits(String string) {
    // Write code here that turns the phrase above into concrete actions
    throw new io.cucumber.java.PendingException();
}
@When(&quot;Me or My partner \\(if partner exists) getting universal credits - {string}&quot;)
public void me_or_my_partner_if_partner_exists_getting_universal_credits(String string) {
    // Write code here that turns the phrase above into concrete actions
    throw new io.cucumber.java.PendingException();
}
@When(&quot;Me or My partner \\(if partner exists) select any of the credit benefits - {string}&quot;)
public void me_or_my_partner_if_partner_exists_select_any_of_the_credit_benefits(String string) {
    // Write code here that turns the phrase above into concrete actions
    throw new io.cucumber.java.PendingException();
}
@When(&quot;Me or My partner \\(if partner exists) select type of allowance - {string}&quot;)
public void me_or_my_partner_if_partner_exists_select_type_of_allowance(String string) {
    // Write code here that turns the phrase above into concrete actions
    throw new io.cucumber.java.PendingException();
}
" type="io.cucumber.testng.UndefinedStepException">
      <![CDATA[io.cucumber.testng.UndefinedStepException: The step 'Me or My partner (if partner exists) claim any benefits - "yes"' and 3 other step(s) are undefined.
You can implement these steps using the snippet(s) below:

@When("Me or My partner \\(if partner exists) claim any benefits - {string}")
public void me_or_my_partner_if_partner_exists_claim_any_benefits(String string) {
    // Write code here that turns the phrase above into concrete actions
    throw new io.cucumber.java.PendingException();
}
@When("Me or My partner \\(if partner exists) getting universal credits - {string}")
public void me_or_my_partner_if_partner_exists_getting_universal_credits(String string) {
    // Write code here that turns the phrase above into concrete actions
    throw new io.cucumber.java.PendingException();
}
@When("Me or My partner \\(if partner exists) select any of the credit benefits - {string}")
public void me_or_my_partner_if_partner_exists_select_any_of_the_credit_benefits(String string) {
    // Write code here that turns the phrase above into concrete actions
    throw new io.cucumber.java.PendingException();
}
@When("Me or My partner \\(if partner exists) select type of allowance - {string}")
public void me_or_my_partner_if_partner_exists_select_type_of_allowance(String string) {
    // Write code here that turns the phrase above into concrete actions
    throw new io.cucumber.java.PendingException();
}

at io.cucumber.core.runtime.TestCaseResultObserver.assertTestCasePassed(TestCaseResultObserver.java:69)
at io.cucumber.testng.TestCaseResultObserver.assertTestCasePassed(TestCaseResultObserver.java:23)
at io.cucumber.testng.TestNGCucumberRunner.lambda$runScenario$1(TestNGCucumberRunner.java:133)
at io.cucumber.core.runtime.CucumberExecutionContext.lambda$runTestCase$3(CucumberExecutionContext.java:110)
at io.cucumber.core.runtime.RethrowingThrowableCollector.executeAndThrow(RethrowingThrowableCollector.java:23)
at io.cucumber.core.runtime.CucumberExecutionContext.runTestCase(CucumberExecutionContext.java:110)
at io.cucumber.testng.TestNGCucumberRunner.runScenario(TestNGCucumberRunner.java:129)
at runner.TestRunner.scenario(TestRunner.java:52)
at jdk.internal.reflect.GeneratedMethodAccessor3.invoke(Unknown Source)
at java.base/jdk.internal.reflect.DelegatingMethodAccessorImpl.invoke(DelegatingMethodAccessorImpl.java:43)
at java.base/java.lang.reflect.Method.invoke(Method.java:566)
at org.testng.internal.MethodInvocationHelper.invokeMethod(MethodInvocationHelper.java:133)
at org.testng.internal.TestInvoker.invokeMethod(TestInvoker.java:598)
at org.testng.internal.TestInvoker.invokeTestMethod(TestInvoker.java:173)
at org.testng.internal.MethodRunner.runInSequence(MethodRunner.java:46)
at org.testng.internal.TestInvoker$MethodInvocationAgent.invoke(TestInvoker.java:824)
at org.testng.internal.TestInvoker.invokeTestMethods(TestInvoker.java:146)
at org.testng.internal.TestMethodWorker.invokeTestMethods(TestMethodWorker.java:146)
at org.testng.internal.TestMethodWorker.run(TestMethodWorker.java:128)
at java.base/java.util.ArrayList.forEach(ArrayList.java:1541)
at org.testng.TestRunner.privateRun(TestRunner.java:794)
at org.testng.TestRunner.run(TestRunner.java:596)
at org.testng.SuiteRunner.runTest(SuiteRunner.java:377)
at org.testng.SuiteRunner.access$000(SuiteRunner.java:28)
at org.testng.SuiteRunner$SuiteWorker.run(SuiteRunner.java:418)
at org.testng.internal.thread.ThreadUtil.lambda$execute$0(ThreadUtil.java:64)
at java.base/java.util.concurrent.FutureTask.run(FutureTask.java:264)
at java.base/java.util.concurrent.ThreadPoolExecutor.runWorker(ThreadPoolExecutor.java:1128)
at java.base/java.util.concurrent.ThreadPoolExecutor$Worker.run(ThreadPoolExecutor.java:628)
at java.base/java.lang.Thread.run(Thread.java:829)
]]>
    </error>
  </testcase> <!-- scenario -->
  <system-out/>
  <testcase classname="runner.TestRunner" name="scenario" time="9.173">
    <error message="The step &#039;Me or My partner (if partner exists) claim any benefits - &quot;yes&quot;&#039; and 3 other step(s) are undefined.
You can implement these steps using the snippet(s) below:

@When(&quot;Me or My partner \\(if partner exists) claim any benefits - {string}&quot;)
public void me_or_my_partner_if_partner_exists_claim_any_benefits(String string) {
    // Write code here that turns the phrase above into concrete actions
    throw new io.cucumber.java.PendingException();
}
@When(&quot;Me or My partner \\(if partner exists) getting universal credits - {string}&quot;)
public void me_or_my_partner_if_partner_exists_getting_universal_credits(String string) {
    // Write code here that turns the phrase above into concrete actions
    throw new io.cucumber.java.PendingException();
}
@When(&quot;Me or My partner \\(if partner exists) select any of the credit benefits - {string}&quot;)
public void me_or_my_partner_if_partner_exists_select_any_of_the_credit_benefits(String string) {
    // Write code here that turns the phrase above into concrete actions
    throw new io.cucumber.java.PendingException();
}
@When(&quot;Me or My partner \\(if partner exists) select type of allowance - {string}&quot;)
public void me_or_my_partner_if_partner_exists_select_type_of_allowance(String string) {
    // Write code here that turns the phrase above into concrete actions
    throw new io.cucumber.java.PendingException();
}
" type="io.cucumber.testng.UndefinedStepException">
      <![CDATA[io.cucumber.testng.UndefinedStepException: The step 'Me or My partner (if partner exists) claim any benefits - "yes"' and 3 other step(s) are undefined.
You can implement these steps using the snippet(s) below:

@When("Me or My partner \\(if partner exists) claim any benefits - {string}")
public void me_or_my_partner_if_partner_exists_claim_any_benefits(String string) {
    // Write code here that turns the phrase above into concrete actions
    throw new io.cucumber.java.PendingException();
}
@When("Me or My partner \\(if partner exists) getting universal credits - {string}")
public void me_or_my_partner_if_partner_exists_getting_universal_credits(String string) {
    // Write code here that turns the phrase above into concrete actions
    throw new io.cucumber.java.PendingException();
}
@When("Me or My partner \\(if partner exists) select any of the credit benefits - {string}")
public void me_or_my_partner_if_partner_exists_select_any_of_the_credit_benefits(String string) {
    // Write code here that turns the phrase above into concrete actions
    throw new io.cucumber.java.PendingException();
}
@When("Me or My partner \\(if partner exists) select type of allowance - {string}")
public void me_or_my_partner_if_partner_exists_select_type_of_allowance(String string) {
    // Write code here that turns the phrase above into concrete actions
    throw new io.cucumber.java.PendingException();
}

at io.cucumber.core.runtime.TestCaseResultObserver.assertTestCasePassed(TestCaseResultObserver.java:69)
at io.cucumber.testng.TestCaseResultObserver.assertTestCasePassed(TestCaseResultObserver.java:23)
at io.cucumber.testng.TestNGCucumberRunner.lambda$runScenario$1(TestNGCucumberRunner.java:133)
at io.cucumber.core.runtime.CucumberExecutionContext.lambda$runTestCase$3(CucumberExecutionContext.java:110)
at io.cucumber.core.runtime.RethrowingThrowableCollector.executeAndThrow(RethrowingThrowableCollector.java:23)
at io.cucumber.core.runtime.CucumberExecutionContext.runTestCase(CucumberExecutionContext.java:110)
at io.cucumber.testng.TestNGCucumberRunner.runScenario(TestNGCucumberRunner.java:129)
at runner.TestRunner.scenario(TestRunner.java:52)
at jdk.internal.reflect.GeneratedMethodAccessor3.invoke(Unknown Source)
at java.base/jdk.internal.reflect.DelegatingMethodAccessorImpl.invoke(DelegatingMethodAccessorImpl.java:43)
at java.base/java.lang.reflect.Method.invoke(Method.java:566)
at org.testng.internal.MethodInvocationHelper.invokeMethod(MethodInvocationHelper.java:133)
at org.testng.internal.TestInvoker.invokeMethod(TestInvoker.java:598)
at org.testng.internal.TestInvoker.invokeTestMethod(TestInvoker.java:173)
at org.testng.internal.MethodRunner.runInSequence(MethodRunner.java:46)
at org.testng.internal.TestInvoker$MethodInvocationAgent.invoke(TestInvoker.java:824)
at org.testng.internal.TestInvoker.invokeTestMethods(TestInvoker.java:146)
at org.testng.internal.TestMethodWorker.invokeTestMethods(TestMethodWorker.java:146)
at org.testng.internal.TestMethodWorker.run(TestMethodWorker.java:128)
at java.base/java.util.ArrayList.forEach(ArrayList.java:1541)
at org.testng.TestRunner.privateRun(TestRunner.java:794)
at org.testng.TestRunner.run(TestRunner.java:596)
at org.testng.SuiteRunner.runTest(SuiteRunner.java:377)
at org.testng.SuiteRunner.access$000(SuiteRunner.java:28)
at org.testng.SuiteRunner$SuiteWorker.run(SuiteRunner.java:418)
at org.testng.internal.thread.ThreadUtil.lambda$execute$0(ThreadUtil.java:64)
at java.base/java.util.concurrent.FutureTask.run(FutureTask.java:264)
at java.base/java.util.concurrent.ThreadPoolExecutor.runWorker(ThreadPoolExecutor.java:1128)
at java.base/java.util.concurrent.ThreadPoolExecutor$Worker.run(ThreadPoolExecutor.java:628)
at java.base/java.lang.Thread.run(Thread.java:829)
]]>
    </error>
  </testcase> <!-- scenario -->
  <system-out/>
  <testcase classname="runner.TestRunner" name="scenario" time="8.790">
    <error message="The step &#039;Me or My partner (if partner exists) claim any benefits - &quot;yes&quot;&#039; and 3 other step(s) are undefined.
You can implement these steps using the snippet(s) below:

@When(&quot;Me or My partner \\(if partner exists) claim any benefits - {string}&quot;)
public void me_or_my_partner_if_partner_exists_claim_any_benefits(String string) {
    // Write code here that turns the phrase above into concrete actions
    throw new io.cucumber.java.PendingException();
}
@When(&quot;Me or My partner \\(if partner exists) getting universal credits - {string}&quot;)
public void me_or_my_partner_if_partner_exists_getting_universal_credits(String string) {
    // Write code here that turns the phrase above into concrete actions
    throw new io.cucumber.java.PendingException();
}
@When(&quot;Me or My partner \\(if partner exists) getting any of the universal credit benefits - {string}&quot;)
public void me_or_my_partner_if_partner_exists_getting_any_of_the_universal_credit_benefits(String string) {
    // Write code here that turns the phrase above into concrete actions
    throw new io.cucumber.java.PendingException();
}
@When(&quot;Me or My partner \\(if partner exists) take home pay less than {string} {string}&quot;)
public void me_or_my_partner_if_partner_exists_take_home_pay_less_than(String string, String string2) {
    // Write code here that turns the phrase above into concrete actions
    throw new io.cucumber.java.PendingException();
}
" type="io.cucumber.testng.UndefinedStepException">
      <![CDATA[io.cucumber.testng.UndefinedStepException: The step 'Me or My partner (if partner exists) claim any benefits - "yes"' and 3 other step(s) are undefined.
You can implement these steps using the snippet(s) below:

@When("Me or My partner \\(if partner exists) claim any benefits - {string}")
public void me_or_my_partner_if_partner_exists_claim_any_benefits(String string) {
    // Write code here that turns the phrase above into concrete actions
    throw new io.cucumber.java.PendingException();
}
@When("Me or My partner \\(if partner exists) getting universal credits - {string}")
public void me_or_my_partner_if_partner_exists_getting_universal_credits(String string) {
    // Write code here that turns the phrase above into concrete actions
    throw new io.cucumber.java.PendingException();
}
@When("Me or My partner \\(if partner exists) getting any of the universal credit benefits - {string}")
public void me_or_my_partner_if_partner_exists_getting_any_of_the_universal_credit_benefits(String string) {
    // Write code here that turns the phrase above into concrete actions
    throw new io.cucumber.java.PendingException();
}
@When("Me or My partner \\(if partner exists) take home pay less than {string} {string}")
public void me_or_my_partner_if_partner_exists_take_home_pay_less_than(String string, String string2) {
    // Write code here that turns the phrase above into concrete actions
    throw new io.cucumber.java.PendingException();
}

at io.cucumber.core.runtime.TestCaseResultObserver.assertTestCasePassed(TestCaseResultObserver.java:69)
at io.cucumber.testng.TestCaseResultObserver.assertTestCasePassed(TestCaseResultObserver.java:23)
at io.cucumber.testng.TestNGCucumberRunner.lambda$runScenario$1(TestNGCucumberRunner.java:133)
at io.cucumber.core.runtime.CucumberExecutionContext.lambda$runTestCase$3(CucumberExecutionContext.java:110)
at io.cucumber.core.runtime.RethrowingThrowableCollector.executeAndThrow(RethrowingThrowableCollector.java:23)
at io.cucumber.core.runtime.CucumberExecutionContext.runTestCase(CucumberExecutionContext.java:110)
at io.cucumber.testng.TestNGCucumberRunner.runScenario(TestNGCucumberRunner.java:129)
at runner.TestRunner.scenario(TestRunner.java:52)
at java.base/jdk.internal.reflect.NativeMethodAccessorImpl.invoke0(Native Method)
at java.base/jdk.internal.reflect.NativeMethodAccessorImpl.invoke(NativeMethodAccessorImpl.java:62)
at java.base/jdk.internal.reflect.DelegatingMethodAccessorImpl.invoke(DelegatingMethodAccessorImpl.java:43)
at java.base/java.lang.reflect.Method.invoke(Method.java:566)
at org.testng.internal.MethodInvocationHelper.invokeMethod(MethodInvocationHelper.java:133)
at org.testng.internal.TestInvoker.invokeMethod(TestInvoker.java:598)
at org.testng.internal.TestInvoker.invokeTestMethod(TestInvoker.java:173)
at org.testng.internal.MethodRunner.runInSequence(MethodRunner.java:46)
at org.testng.internal.TestInvoker$MethodInvocationAgent.invoke(TestInvoker.java:824)
at org.testng.internal.TestInvoker.invokeTestMethods(TestInvoker.java:146)
at org.testng.internal.TestMethodWorker.invokeTestMethods(TestMethodWorker.java:146)
at org.testng.internal.TestMethodWorker.run(TestMethodWorker.java:128)
at java.base/java.util.ArrayList.forEach(ArrayList.java:1541)
at org.testng.TestRunner.privateRun(TestRunner.java:794)
at org.testng.TestRunner.run(TestRunner.java:596)
at org.testng.SuiteRunner.runTest(SuiteRunner.java:377)
at org.testng.SuiteRunner.access$000(SuiteRunner.java:28)
at org.testng.SuiteRunner$SuiteWorker.run(SuiteRunner.java:418)
at org.testng.internal.thread.ThreadUtil.lambda$execute$0(ThreadUtil.java:64)
at java.base/java.util.concurrent.FutureTask.run(FutureTask.java:264)
at java.base/java.util.concurrent.ThreadPoolExecutor.runWorker(ThreadPoolExecutor.java:1128)
at java.base/java.util.concurrent.ThreadPoolExecutor$Worker.run(ThreadPoolExecutor.java:628)
at java.base/java.lang.Thread.run(Thread.java:829)
]]>
    </error>
  </testcase> <!-- scenario -->
  <system-out/>
  <testcase classname="runner.TestRunner" name="scenario" time="9.127">
    <error message="The step &#039;Me or My partner (if partner exists) claim any benefits - &quot;yes&quot;&#039; and 4 other step(s) are undefined.
You can implement these steps using the snippet(s) below:

@When(&quot;Me or My partner \\(if partner exists) claim any benefits - {string}&quot;)
public void me_or_my_partner_if_partner_exists_claim_any_benefits(String string) {
    // Write code here that turns the phrase above into concrete actions
    throw new io.cucumber.java.PendingException();
}
@When(&quot;Me or My partner \\(if partner exists) getting universal credits - {string}&quot;)
public void me_or_my_partner_if_partner_exists_getting_universal_credits(String string) {
    // Write code here that turns the phrase above into concrete actions
    throw new io.cucumber.java.PendingException();
}
@When(&quot;Me or My partner \\(if partner exists) select any of the credit benefits - {string}&quot;)
public void me_or_my_partner_if_partner_exists_select_any_of_the_credit_benefits(String string) {
    // Write code here that turns the phrase above into concrete actions
    throw new io.cucumber.java.PendingException();
}
@When(&quot;Me or My partner \\(if partner exists) type of tax credits - {string}&quot;)
public void me_or_my_partner_if_partner_exists_type_of_tax_credits(String string) {
    // Write code here that turns the phrase above into concrete actions
    throw new io.cucumber.java.PendingException();
}
@When(&quot;Me or My partner \\(if partner exists) house hold income less than {string}&quot;)
public void me_or_my_partner_if_partner_exists_house_hold_income_less_than(String string) {
    // Write code here that turns the phrase above into concrete actions
    throw new io.cucumber.java.PendingException();
}
" type="io.cucumber.testng.UndefinedStepException">
      <![CDATA[io.cucumber.testng.UndefinedStepException: The step 'Me or My partner (if partner exists) claim any benefits - "yes"' and 4 other step(s) are undefined.
You can implement these steps using the snippet(s) below:

@When("Me or My partner \\(if partner exists) claim any benefits - {string}")
public void me_or_my_partner_if_partner_exists_claim_any_benefits(String string) {
    // Write code here that turns the phrase above into concrete actions
    throw new io.cucumber.java.PendingException();
}
@When("Me or My partner \\(if partner exists) getting universal credits - {string}")
public void me_or_my_partner_if_partner_exists_getting_universal_credits(String string) {
    // Write code here that turns the phrase above into concrete actions
    throw new io.cucumber.java.PendingException();
}
@When("Me or My partner \\(if partner exists) select any of the credit benefits - {string}")
public void me_or_my_partner_if_partner_exists_select_any_of_the_credit_benefits(String string) {
    // Write code here that turns the phrase above into concrete actions
    throw new io.cucumber.java.PendingException();
}
@When("Me or My partner \\(if partner exists) type of tax credits - {string}")
public void me_or_my_partner_if_partner_exists_type_of_tax_credits(String string) {
    // Write code here that turns the phrase above into concrete actions
    throw new io.cucumber.java.PendingException();
}
@When("Me or My partner \\(if partner exists) house hold income less than {string}")
public void me_or_my_partner_if_partner_exists_house_hold_income_less_than(String string) {
    // Write code here that turns the phrase above into concrete actions
    throw new io.cucumber.java.PendingException();
}

at io.cucumber.core.runtime.TestCaseResultObserver.assertTestCasePassed(TestCaseResultObserver.java:69)
at io.cucumber.testng.TestCaseResultObserver.assertTestCasePassed(TestCaseResultObserver.java:23)
at io.cucumber.testng.TestNGCucumberRunner.lambda$runScenario$1(TestNGCucumberRunner.java:133)
at io.cucumber.core.runtime.CucumberExecutionContext.lambda$runTestCase$3(CucumberExecutionContext.java:110)
at io.cucumber.core.runtime.RethrowingThrowableCollector.executeAndThrow(RethrowingThrowableCollector.java:23)
at io.cucumber.core.runtime.CucumberExecutionContext.runTestCase(CucumberExecutionContext.java:110)
at io.cucumber.testng.TestNGCucumberRunner.runScenario(TestNGCucumberRunner.java:129)
at runner.TestRunner.scenario(TestRunner.java:52)
at jdk.internal.reflect.GeneratedMethodAccessor3.invoke(Unknown Source)
at java.base/jdk.internal.reflect.DelegatingMethodAccessorImpl.invoke(DelegatingMethodAccessorImpl.java:43)
at java.base/java.lang.reflect.Method.invoke(Method.java:566)
at org.testng.internal.MethodInvocationHelper.invokeMethod(MethodInvocationHelper.java:133)
at org.testng.internal.TestInvoker.invokeMethod(TestInvoker.java:598)
at org.testng.internal.TestInvoker.invokeTestMethod(TestInvoker.java:173)
at org.testng.internal.MethodRunner.runInSequence(MethodRunner.java:46)
at org.testng.internal.TestInvoker$MethodInvocationAgent.invoke(TestInvoker.java:824)
at org.testng.internal.TestInvoker.invokeTestMethods(TestInvoker.java:146)
at org.testng.internal.TestMethodWorker.invokeTestMethods(TestMethodWorker.java:146)
at org.testng.internal.TestMethodWorker.run(TestMethodWorker.java:128)
at java.base/java.util.ArrayList.forEach(ArrayList.java:1541)
at org.testng.TestRunner.privateRun(TestRunner.java:794)
at org.testng.TestRunner.run(TestRunner.java:596)
at org.testng.SuiteRunner.runTest(SuiteRunner.java:377)
at org.testng.SuiteRunner.access$000(SuiteRunner.java:28)
at org.testng.SuiteRunner$SuiteWorker.run(SuiteRunner.java:418)
at org.testng.internal.thread.ThreadUtil.lambda$execute$0(ThreadUtil.java:64)
at java.base/java.util.concurrent.FutureTask.run(FutureTask.java:264)
at java.base/java.util.concurrent.ThreadPoolExecutor.runWorker(ThreadPoolExecutor.java:1128)
at java.base/java.util.concurrent.ThreadPoolExecutor$Worker.run(ThreadPoolExecutor.java:628)
at java.base/java.lang.Thread.run(Thread.java:829)
]]>
    </error>
  </testcase> <!-- scenario -->
  <system-out/>
  <testcase classname="runner.TestRunner" name="scenario" time="9.287">
    <error message="The step &#039;Me or My partner (if partner exists) claim any benefits - &quot;yes&quot;&#039; and 3 other step(s) are undefined.
You can implement these steps using the snippet(s) below:

@When(&quot;Me or My partner \\(if partner exists) claim any benefits - {string}&quot;)
public void me_or_my_partner_if_partner_exists_claim_any_benefits(String string) {
    // Write code here that turns the phrase above into concrete actions
    throw new io.cucumber.java.PendingException();
}
@When(&quot;Me or My partner \\(if partner exists) getting universal credits - {string}&quot;)
public void me_or_my_partner_if_partner_exists_getting_universal_credits(String string) {
    // Write code here that turns the phrase above into concrete actions
    throw new io.cucumber.java.PendingException();
}
@When(&quot;Me or My partner \\(if partner exists) select any of the credit benefits - {string}&quot;)
public void me_or_my_partner_if_partner_exists_select_any_of_the_credit_benefits(String string) {
    // Write code here that turns the phrase above into concrete actions
    throw new io.cucumber.java.PendingException();
}
@When(&quot;Me or My partner \\(if partner exists) select type of allowance - {string}&quot;)
public void me_or_my_partner_if_partner_exists_select_type_of_allowance(String string) {
    // Write code here that turns the phrase above into concrete actions
    throw new io.cucumber.java.PendingException();
}
" type="io.cucumber.testng.UndefinedStepException">
      <![CDATA[io.cucumber.testng.UndefinedStepException: The step 'Me or My partner (if partner exists) claim any benefits - "yes"' and 3 other step(s) are undefined.
[...]

@When("Me or My partner \\(if partner exists) claim any benefits - {string}")
public void me_or_my_partner_if_partner_exists_claim_any_benefits(String string) {
    // Write code here that turns the phrase above into concrete actions
    throw new io.cucumber.java.PendingException();
}
@When("Me or My partner \\(if partner exists) getting universal credits - {string}")
public void me_or_my_partner_if_partner_exists_getting_universal_credits(String string) {
    // Write code here that turns the phrase above into concrete actions
    throw new io.cucumber.java.PendingException();
}
@When("Me or My partner \\(if partner exists) select any of the credit benefits - {string}")
public void me_or_my_partner_if_partner_exists_select_any_of_the_credit_benefits(String string) {
    // Write code here that turns the phrase above into concrete actions
    throw new io.cucumber.java.PendingException();
}
@When("Me or My partner \\(if partner exists) select type of pension credit - {string}")
public void me_or_my_partner_if_partner_exists_select_type_of_pension_credit(String string) {
    // Write code here that turns the phrase above into concrete actions
    throw new io.cucumber.java.PendingException();
}

at io.cucumber.core.runtime.TestCaseResultObserver.assertTestCasePassed(TestCaseResultObserver.java:69)
at io.cucumber.testng.TestCaseResultObserver.assertTestCasePassed(TestCaseResultObserver.java:23)
at io.cucumber.testng.TestNGCucumberRunner.lambda$runScenario$1(TestNGCucumberRunner.java:133)
at io.cucumber.core.runtime.CucumberExecutionContext.lambda$runTestCase$3(CucumberExecutionContext.java:110)
at io.cucumber.core.runtime.RethrowingThrowableCollector.executeAndThrow(RethrowingThrowableCollector.java:23)
at io.cucumber.core.runtime.CucumberExecutionContext.runTestCase(CucumberExecutionContext.java:110)
at io.cucumber.testng.TestNGCucumberRunner.runScenario(TestNGCucumberRunner.java:129)
at runner.TestRunner.scenario(TestRunner.java:52)
at jdk.internal.reflect.GeneratedMethodAccessor3.invoke(Unknown Source)
at java.base/jdk.internal.reflect.DelegatingMethodAccessorImpl.invoke(DelegatingMethodAccessorImpl.java:43)
at java.base/java.lang.reflect.Method.invoke(Method.java:566)
at org.testng.internal.MethodInvocationHelper.invokeMethod(MethodInvocationHelper.java:133)
at org.testng.internal.TestInvoker.invokeMethod(TestInvoker.java:598)
at org.testng.internal.TestInvoker.invokeTestMethod(TestInvoker.java:173)
at org.testng.internal.MethodRunner.runInSequence(MethodRunner.java:46)
at org.testng.internal.TestInvoker$MethodInvocationAgent.invoke(TestInvoker.java:824)
at org.testng.internal.TestInvoker.invokeTestMethods(TestInvoker.java:146)
at org.testng.internal.TestMethodWorker.invokeTestMethods(TestMethodWorker.java:146)
at org.testng.internal.TestMethodWorker.run(TestMethodWorker.java:128)
at java.base/java.util.ArrayList.forEach(ArrayList.java:1541)
at org.testng.TestRunner.privateRun(TestRunner.java:794)
at org.testng.TestRunner.run(TestRunner.java:596)
at org.testng.SuiteRunner.runTest(SuiteRunner.java:377)
at org.testng.SuiteRunner.access$000(SuiteRunner.java:28)
at org.testng.SuiteRunner$SuiteWorker.run(SuiteRunner.java:418)
at org.testng.internal.thread.ThreadUtil.lambda$execute$0(ThreadUtil.java:64)
at java.base/java.util.concurrent.FutureTask.run(FutureTask.java:264)
at java.base/java.util.concurrent.ThreadPoolExecutor.runWorker(ThreadPoolExecutor.java:1128)
at java.base/java.util.concurrent.ThreadPoolExecutor$Worker.run(ThreadPoolExecutor.java:628)
at java.base/java.lang.Thread.run(Thread.java:829)
]]>
    </error>
  </testcase> <!-- scenario -->
  <system-out/>
  <testcase classname="runner.TestRunner" name="scenario" time="8.982">
    <error message="The step &#039;Me or My partner (if partner exists) claim any benefits - &quot;yes&quot;&#039; and 2 other step(s) are undefined.
You can implement these steps using the snippet(s) below:

@When(&quot;Me or My partner \\(if partner exists) claim any benefits - {string}&quot;)
public void me_or_my_partner_if_partner_exists_claim_any_benefits(String string) {
    // Write code here that turns the phrase above into concrete actions
    throw new io.cucumber.java.PendingException();
}
@When(&quot;Me or My partner \\(if partner exists) getting universal credits - {string}&quot;)
public void me_or_my_partner_if_partner_exists_getting_universal_credits(String string) {
    // Write code here that turns the phrase above into concrete actions
    throw new io.cucumber.java.PendingException();
}
@When(&quot;Me or My partner \\(if partner exists) select any of the credit benefits - {string}&quot;)
public void me_or_my_partner_if_partner_exists_select_any_of_the_credit_benefits(String string) {
    // Write code here that turns the phrase above into concrete actions
    throw new io.cucumber.java.PendingException();
}
" type="io.cucumber.testng.UndefinedStepException">
      <![CDATA[io.cucumber.testng.UndefinedStepException: The step 'Me or My partner (if partner exists) claim any benefits - "yes"' and 2 other step(s) are undefined.
You can implement these steps using the snippet(s) below:

@When("Me or My partner \\(if partner exists) claim any benefits - {string}")
public void me_or_my_partner_if_partner_exists_claim_any_benefits(String string) {
    // Write code here that turns the phrase above into concrete actions
    throw new io.cucumber.java.PendingException();
}
@When("Me or My partner \\(if partner exists) getting universal credits - {string}")
public void me_or_my_partner_if_partner_exists_getting_universal_credits(String string) {
    // Write code here that turns the phrase above into concrete actions
    throw new io.cucumber.java.PendingException();
}
@When("Me or My partner \\(if partner exists) select any of the credit benefits - {string}")
public void me_or_my_partner_if_partner_exists_select_any_of_the_credit_benefits(String string) {
    // Write code here that turns the phrase above into concrete actions
    throw new io.cucumber.java.PendingException();
}

at io.cucumber.core.runtime.TestCaseResultObserver.assertTestCasePassed(TestCaseResultObserver.java:69)
at io.cucumber.testng.TestCaseResultObserver.assertTestCasePassed(TestCaseResultObserver.java:23)
at io.cucumber.testng.TestNGCucumberRunner.lambda$runScenario$1(TestNGCucumberRunner.java:133)
at io.cucumber.core.runtime.CucumberExecutionContext.lambda$runTestCase$3(CucumberExecutionContext.java:110)
at io.cucumber.core.runtime.RethrowingThrowableCollector.executeAndThrow(RethrowingThrowableCollector.java:23)
at io.cucumber.core.runtime.CucumberExecutionContext.runTestCase(CucumberExecutionContext.java:110)
at io.cucumber.testng.TestNGCucumberRunner.runScenario(TestNGCucumberRunner.java:129)
at runner.TestRunner.scenario(TestRunner.java:52)
at jdk.internal.reflect.GeneratedMethodAccessor3.invoke(Unknown Source)
at java.base/jdk.internal.reflect.DelegatingMethodAccessorImpl.invoke(DelegatingMethodAccessorImpl.java:43)
at java.base/java.lang.reflect.Method.invoke(Method.java:566)
at org.testng.internal.MethodInvocationHelper.invokeMethod(MethodInvocationHelper.java:133)
at org.testng.internal.TestInvoker.invokeMethod(TestInvoker.java:598)
at org.testng.internal.TestInvoker.invokeTestMethod(TestInvoker.java:173)
at org.testng.internal.MethodRunner.runInSequence(MethodRunner.java:46)
at org.testng.internal.TestInvoker$MethodInvocationAgent.invoke(TestInvoker.java:824)
at org.testng.internal.TestInvoker.invokeTestMethods(TestInvoker.java:146)
at org.testng.internal.TestMethodWorker.invokeTestMethods(TestMethodWorker.java:146)
at org.testng.internal.TestMethodWorker.run(TestMethodWorker.java:128)
at java.base/java.util.ArrayList.forEach(ArrayList.java:1541)
at org.testng.TestRunner.privateRun(TestRunner.java:794)
at org.testng.TestRunner.run(TestRunner.java:596)
at org.testng.SuiteRunner.runTest(SuiteRunner.java:377)
at org.testng.SuiteRunner.access$000(SuiteRunner.java:28)
at org.testng.SuiteRunner$SuiteWorker.run(SuiteRunner.java:418)
at org.testng.internal.thread.ThreadUtil.lambda$execute$0(ThreadUtil.java:64)
at java.base/java.util.concurrent.FutureTask.run(FutureTask.java:264)
at java.base/java.util.concurrent.ThreadPoolExecutor.runWorker(ThreadPoolExecutor.java:1128)
at java.base/java.util.concurrent.ThreadPoolExecutor$Worker.run(ThreadPoolExecutor.java:628)
at java.base/java.lang.Thread.run(Thread.java:829)
]]>
    </error>
  </testcase> <!-- scenario -->
  <system-out/>
  <testcase classname="runner.TestRunner" name="scenario" time="9.316">
    <error message="The step &#039;Me or My partner (if partner exists) claim any benefits - &quot;yes&quot;&#039; and 4 other step(s) are undefined.
You can implement these steps using the snippet(s) below:

@When(&quot;Me or My partner \\(if partner exists) claim any benefits - {string}&quot;)
public void me_or_my_partner_if_partner_exists_claim_any_benefits(String string) {
    // Write code here that turns the phrase above into concrete actions
    throw new io.cucumber.java.PendingException();
}
@When(&quot;Me or My partner \\(if partner exists) getting universal credits - {string}&quot;)
public void me_or_my_partner_if_partner_exists_getting_universal_credits(String string) {
    // Write code here that turns the phrase above into concrete actions
    throw new io.cucumber.java.PendingException();
}
@When(&quot;Me or My partner \\(if partner exists) select any of the credit benefits - {string}&quot;)
public void me_or_my_partner_if_partner_exists_select_any_of_the_credit_benefits(String string) {
    // Write code here that turns the phrase above into concrete actions
    throw new io.cucumber.java.PendingException();
}
@When(&quot;Me or My partner \\(if partner exists) type of tax credits - {string}&quot;)
public void me_or_my_partner_if_partner_exists_type_of_tax_credits(String string) {
    // Write code here that turns the phrase above into concrete actions
    throw new io.cucumber.java.PendingException();
}
@When(&quot;Me or My partner \\(if partner exists) house hold income less than {string}&quot;)
public void me_or_my_partner_if_partner_exists_house_hold_income_less_than(String string) {
    // Write code here that turns the phrase above into concrete actions
    throw new io.cucumber.java.PendingException();
}
" type="io.cucumber.testng.UndefinedStepException">
      <![CDATA[io.cucumber.testng.UndefinedStepException: The step 'Me or My partner (if partner exists) claim any benefits - "yes"' and 4 other step(s) are undefined.
You can implement these steps using the snippet(s) below:

@When("Me or My partner \\(if partner exists) claim any benefits - {string}")
public void me_or_my_partner_if_partner_exists_claim_any_benefits(String string) {
    // Write code here that turns the phrase above into concrete actions
    throw new io.cucumber.java.PendingException();
}
@When("Me or My partner \\(if partner exists) getting universal credits - {string}")
public void me_or_my_partner_if_partner_exists_getting_universal_credits(String string) {
    // Write code here that turns the phrase above into concrete actions
    throw new io.cucumber.java.PendingException();
}
@When("Me or My partner \\(if partner exists) select any of the credit benefits - {string}")
public void me_or_my_partner_if_partner_exists_select_any_of_the_credit_benefits(String string) {
    // Write code here that turns the phrase above into concrete actions
    throw new io.cucumber.java.PendingException();
}
@When("Me or My partner \\(if partner exists) type of tax credits - {string}")
public void me_or_my_partner_if_partner_exists_type_of_tax_credits(String string) {
    // Write code here that turns the phrase above into concrete actions
    throw new io.cucumber.java.PendingException();
}
@When("Me or My partner \\(if partner exists) house hold income less than {string}")
public void me_or_my_partner_if_partner_exists_house_hold_income_less_than(String string) {
    // Write code here that turns the phrase above into concrete actions
    throw new io.cucumber.java.PendingException();
}

at io.cucumber.core.runtime.TestCaseResultObserver.assertTestCasePassed(TestCaseResultObserver.java:69)
at io.cucumber.testng.TestCaseResultObserver.assertTestCasePassed(TestCaseResultObserver.java:23)
at io.cucumber.testng.TestNGCucumberRunner.lambda$runScenario$1(TestNGCucumberRunner.java:133)
at io.cucumber.core.runtime.CucumberExecutionContext.lambda$runTestCase$3(CucumberExecutionContext.java:110)
at io.cucumber.core.runtime.RethrowingThrowableCollector.executeAndThrow(RethrowingThrowableCollector.java:23)
at io.cucumber.core.runtime.CucumberExecutionContext.runTestCase(CucumberExecutionContext.java:110)
at io.cucumber.testng.TestNGCucumberRunner.runScenario(TestNGCucumberRunner.java:129)
at runner.TestRunner.scenario(TestRunner.java:52)
at jdk.internal.reflect.GeneratedMethodAccessor3.invoke(Unknown Source)
at java.base/jdk.internal.reflect.DelegatingMethodAccessorImpl.invoke(DelegatingMethodAccessorImpl.java:43)
at java.base/java.lang.reflect.Method.invoke(Method.java:566)
at org.testng.internal.MethodInvocationHelper.invokeMethod(MethodInvocationHelper.java:133)
at org.testng.internal.TestInvoker.invokeMethod(TestInvoker.java:598)
at org.testng.internal.TestInvoker.invokeTestMethod(TestInvoker.java:173)
at org.testng.internal.MethodRunner.runInSequence(MethodRunner.java:46)
at org.testng.internal.TestInvoker$MethodInvocationAgent.invoke(TestInvoker.java:824)
at org.testng.internal.TestInvoker.invokeTestMethods(TestInvoker.java:146)
at org.testng.internal.TestMethodWorker.invokeTestMethods(TestMethodWorker.java:146)
at org.testng.internal.TestMethodWorker.run(TestMethodWorker.java:128)
at java.base/java.util.ArrayList.forEach(ArrayList.java:1541)
at org.testng.TestRunner.privateRun(TestRunner.java:794)
at org.testng.TestRunner.run(TestRunner.java:596)
at org.testng.SuiteRunner.runTest(SuiteRunner.java:377)
at org.testng.SuiteRunner.access$000(SuiteRunner.java:28)
at org.testng.SuiteRunner$SuiteWorker.run(SuiteRunner.java:418)
at org.testng.internal.thread.ThreadUtil.lambda$execute$0(ThreadUtil.java:64)
at java.base/java.util.concurrent.FutureTask.run(FutureTask.java:264)
at java.base/java.util.concurrent.ThreadPoolExecutor.runWorker(ThreadPoolExecutor.java:1128)
at java.base/java.util.concurrent.ThreadPoolExecutor$Worker.run(ThreadPoolExecutor.java:628)
at java.base/java.lang.Thread.run(Thread.java:829)
]]>
    </error>
  </testcase> <!-- scenario -->
  <system-out/>
  <testcase classname="runner.TestRunner" name="scenario" time="8.766">
    <error message="The step &#039;Me or My partner (if partner exists) claim any benefits - &quot;yes&quot;&#039; and 3 other step(s) are undefined.
You can implement these steps using the snippet(s) below:

@When(&quot;Me or My partner \\(if partner exists) claim any benefits - {string}&quot;)
public void me_or_my_partner_if_partner_exists_claim_any_benefits(String string) {
    // Write code here that turns the phrase above into concrete actions
    throw new io.cucumber.java.PendingException();
}
@When(&quot;Me or My partner \\(if partner exists) getting universal credits - {string}&quot;)
public void me_or_my_partner_if_partner_exists_getting_universal_credits(String string) {
    // Write code here that turns the phrase above into concrete actions
    throw new io.cucumber.java.PendingException();
}
@When(&quot;Me or My partner \\(if partner exists) select any of the credit benefits - {string}&quot;)
public void me_or_my_partner_if_partner_exists_select_any_of_the_credit_benefits(String string) {
    // Write code here that turns the phrase above into concrete actions
    throw new io.cucumber.java.PendingException();
}
@When(&quot;Me or My partner \\(if partner exists) select type of pension credit - {string}&quot;)
public void me_or_my_partner_if_partner_exists_select_type_of_pension_credit(String string) {
    // Write code here that turns the phrase above into concrete actions
    throw new io.cucumber.java.PendingException();
}
" type="io.cucumber.testng.UndefinedStepException">
      <![CDATA[io.cucumber.testng.UndefinedStepException: The step 'Me or My partner (if partner exists) claim any benefits - "yes"' and 3 other step(s) are undefined.
You can implement these steps using the snippet(s) below:

@When("Me or My partner \\(if partner exists) claim any benefits - {string}")
public void me_or_my_partner_if_partner_exists_claim_any_benefits(String string) {
    // Write code here that turns the phrase above into concrete actions
    throw new io.cucumber.java.PendingException();
}
@When("Me or My partner \\(if partner exists) getting universal credits - {string}")
public void me_or_my_partner_if_partner_exists_getting_universal_credits(String string) {
    // Write code here that turns the phrase above into concrete actions
    throw new io.cucumber.java.PendingException();
}
@When("Me or My partner \\(if partner exists) select any of the credit benefits - {string}")
public void me_or_my_partner_if_partner_exists_select_any_of_the_credit_benefits(String string) {
    // Write code here that turns the phrase above into concrete actions
    throw new io.cucumber.java.PendingException();
}
@When("Me or My partner \\(if partner exists) select type of pension credit - {string}")
public void me_or_my_partner_if_partner_exists_select_type_of_pension_credit(String string) {
    // Write code here that turns the phrase above into concrete actions
    throw new io.cucumber.java.PendingException();
}

at io.cucumber.core.runtime.TestCaseResultObserver.assertTestCasePassed(TestCaseResultObserver.java:69)
at io.cucumber.testng.TestCaseResultObserver.assertTestCasePassed(TestCaseResultObserver.java:23)
at io.cucumber.testng.TestNGCucumberRunner.lambda$runScenario$1(TestNGCucumberRunner.java:133)
at io.cucumber.core.runtime.CucumberExecutionContext.lambda$runTestCase$3(CucumberExecutionContext.java:110)
at io.cucumber.core.runtime.RethrowingThrowableCollector.executeAndThrow(RethrowingThrowableCollector.java:23)
at io.cucumber.core.runtime.CucumberExecutionContext.runTestCase(CucumberExecutionContext.java:110)
at io.cucumber.testng.TestNGCucumberRunner.runScenario(TestNGCucumberRunner.java:129)
at runner.TestRunner.scenario(TestRunner.java:52)
at jdk.internal.reflect.GeneratedMethodAccessor3.invoke(Unknown Source)
at java.base/jdk.internal.reflect.DelegatingMethodAccessorImpl.invoke(DelegatingMethodAccessorImpl.java:43)
at java.base/java.lang.reflect.Method.invoke(Method.java:566)
at org.testng.internal.MethodInvocationHelper.invokeMethod(MethodInvocationHelper.java:133)
at org.testng.internal.TestInvoker.invokeMethod(TestInvoker.java:598)
at org.testng.internal.TestInvoker.invokeTestMethod(TestInvoker.java:173)
at org.testng.internal.MethodRunner.runInSequence(MethodRunner.java:46)
at org.testng.internal.TestInvoker$MethodInvocationAgent.invoke(TestInvoker.java:824)
at org.testng.internal.TestInvoker.invokeTestMethods(TestInvoker.java:146)
at org.testng.internal.TestMethodWorker.invokeTestMethods(TestMethodWorker.java:146)
at org.testng.internal.TestMethodWorker.run(TestMethodWorker.java:128)
at java.base/java.util.ArrayList.forEach(ArrayList.java:1541)
at org.testng.TestRunner.privateRun(TestRunner.java:794)
at org.testng.TestRunner.run(TestRunner.java:596)
at org.testng.SuiteRunner.runTest(SuiteRunner.java:377)
at org.testng.SuiteRunner.access$000(SuiteRunner.java:28)
at org.testng.SuiteRunner$SuiteWorker.run(SuiteRunner.java:418)
at org.testng.internal.thread.ThreadUtil.lambda$execute$0(ThreadUtil.java:64)
at java.base/java.util.concurrent.FutureTask.run(FutureTask.java:264)
at java.base/java.util.concurrent.ThreadPoolExecutor.runWorker(ThreadPoolExecutor.java:1128)
at java.base/java.util.concurrent.ThreadPoolExecutor$Worker.run(ThreadPoolExecutor.java:628)
at java.base/java.lang.Thread.run(Thread.java:829)
]]>
    </error>
  </testcase> <!-- scenario -->
  <system-out/>
</testsuite> <!-- runner.TestRunner -->
